jun 04, 2019 4:42:04 PM org.apache.catalina.core.AprLifecycleListener init
INFORMAÇÕES: The APR based Apache Tomcat Native library which allows optimal performance in production environments was not found on the java.library.path: /usr/java/packages/lib/amd64:/usr/lib64:/lib64:/lib:/usr/lib
jun 04, 2019 4:42:04 PM org.apache.coyote.AbstractProtocol init
INFORMAÇÕES: Initializing ProtocolHandler ["http-bio-8080"]
jun 04, 2019 4:42:04 PM org.apache.coyote.AbstractProtocol init
INFORMAÇÕES: Initializing ProtocolHandler ["http-bio-8443"]
jun 04, 2019 4:42:05 PM org.apache.coyote.AbstractProtocol init
INFORMAÇÕES: Initializing ProtocolHandler ["ajp-bio-8009"]
jun 04, 2019 4:42:05 PM org.apache.catalina.startup.Catalina load
INFORMAÇÕES: Initialization processed in 877 ms
jun 04, 2019 4:42:05 PM org.apache.catalina.core.StandardService startInternal
INFORMAÇÕES: Starting service Catalina
jun 04, 2019 4:42:05 PM org.apache.catalina.core.StandardEngine startInternal
INFORMAÇÕES: Starting Servlet Engine: Apache Tomcat/7.0.53
jun 04, 2019 4:42:05 PM org.apache.catalina.startup.HostConfig deployDirectory
INFORMAÇÕES: Deploying web application directory /home/matheus/Área de Trabalho/1º Semestre 2019/POC II/WebRatioMobilePlatformCommunityEdition_8.10.3.Linux/Tomcat/webapps/manager
jun 04, 2019 4:42:05 PM org.apache.catalina.startup.HostConfig deployDirectory
INFORMAÇÕES: Deploying web application directory /home/matheus/Área de Trabalho/1º Semestre 2019/POC II/WebRatioMobilePlatformCommunityEdition_8.10.3.Linux/Tomcat/webapps/docs
jun 04, 2019 4:42:05 PM org.apache.catalina.startup.HostConfig deployDirectory
INFORMAÇÕES: Deploying web application directory /home/matheus/Área de Trabalho/1º Semestre 2019/POC II/WebRatioMobilePlatformCommunityEdition_8.10.3.Linux/Tomcat/webapps/examples
jun 04, 2019 4:42:05 PM org.apache.catalina.startup.HostConfig deployDirectory
INFORMAÇÕES: Deploying web application directory /home/matheus/Área de Trabalho/1º Semestre 2019/POC II/WebRatioMobilePlatformCommunityEdition_8.10.3.Linux/Tomcat/webapps/ROOT
jun 04, 2019 4:42:05 PM org.apache.catalina.startup.HostConfig deployDirectory
INFORMAÇÕES: Deploying web application directory /home/matheus/Área de Trabalho/1º Semestre 2019/POC II/WebRatioMobilePlatformCommunityEdition_8.10.3.Linux/Tomcat/webapps/Data
jun 04, 2019 4:42:10 PM org.apache.catalina.startup.HostConfig deployDirectory
INFORMAÇÕES: Deploying web application directory /home/matheus/Área de Trabalho/1º Semestre 2019/POC II/WebRatioMobilePlatformCommunityEdition_8.10.3.Linux/Tomcat/webapps/host-manager
jun 04, 2019 4:42:10 PM org.apache.coyote.AbstractProtocol start
INFORMAÇÕES: Starting ProtocolHandler ["http-bio-8080"]
jun 04, 2019 4:42:10 PM org.apache.coyote.AbstractProtocol start
INFORMAÇÕES: Starting ProtocolHandler ["http-bio-8443"]
jun 04, 2019 4:42:10 PM org.apache.coyote.AbstractProtocol start
INFORMAÇÕES: Starting ProtocolHandler ["ajp-bio-8009"]
jun 04, 2019 4:42:10 PM org.apache.catalina.startup.Catalina start
INFORMAÇÕES: Server startup in 5415 ms
jun 04, 2019 4:52:57 PM org.apache.catalina.core.StandardServer await
INFORMAÇÕES: A valid shutdown command was received via the shutdown port. Stopping the Server instance.
jun 04, 2019 4:52:57 PM org.apache.coyote.AbstractProtocol pause
INFORMAÇÕES: Pausing ProtocolHandler ["http-bio-8080"]
jun 04, 2019 4:52:57 PM org.apache.coyote.AbstractProtocol pause
INFORMAÇÕES: Pausing ProtocolHandler ["http-bio-8443"]
jun 04, 2019 4:52:57 PM org.apache.coyote.AbstractProtocol pause
INFORMAÇÕES: Pausing ProtocolHandler ["ajp-bio-8009"]
jun 04, 2019 4:52:57 PM org.apache.catalina.core.StandardService stopInternal
INFORMAÇÕES: Stopping service Catalina
jun 04, 2019 4:52:58 PM org.apache.catalina.loader.WebappClassLoader clearReferencesJdbc
GRAVE: The web application [/Data] registered the JDBC driver [com.mysql.jdbc.Driver] but failed to unregister it when the web application was stopped. To prevent a memory leak, the JDBC Driver has been forcibly unregistered.
jun 04, 2019 4:52:58 PM org.apache.catalina.loader.WebappClassLoader clearReferencesThreads
GRAVE: The web application [/Data] appears to have started a thread named [Abandoned connection cleanup thread] but has failed to stop it. This is very likely to create a memory leak.
jun 04, 2019 4:52:58 PM org.apache.catalina.loader.WebappClassLoader clearReferencesThreads
GRAVE: The web application [/Data] appears to have started a thread named [__DEFAULT__] but has failed to stop it. This is very likely to create a memory leak.
jun 04, 2019 4:52:58 PM org.apache.catalina.loader.WebappClassLoader clearReferencesThreads
GRAVE: The web application [/Data] appears to have started a thread named [data%0043ache.data] but has failed to stop it. This is very likely to create a memory leak.
jun 04, 2019 4:52:58 PM org.apache.catalina.loader.WebappClassLoader clearReferencesThreads
GRAVE: The web application [/Data] appears to have started a thread named [Statistics Thread-__DEFAULT__-1] but has failed to stop it. This is very likely to create a memory leak.
jun 04, 2019 4:52:58 PM org.apache.catalina.loader.WebappClassLoader clearReferencesThreads
GRAVE: The web application [/Data] appears to have started a thread named [deleted%004fbject%0049ds%0043ache.data] but has failed to stop it. This is very likely to create a memory leak.
jun 04, 2019 4:52:58 PM org.apache.catalina.loader.WebappClassLoader clearReferencesThreads
GRAVE: The web application [/Data] appears to have started a thread named [checksums%0043ache.data] but has failed to stop it. This is very likely to create a memory leak.
jun 04, 2019 4:52:58 PM org.apache.coyote.AbstractProtocol stop
INFORMAÇÕES: Stopping ProtocolHandler ["http-bio-8080"]
jun 04, 2019 4:52:58 PM org.apache.coyote.AbstractProtocol stop
INFORMAÇÕES: Stopping ProtocolHandler ["http-bio-8443"]
jun 04, 2019 4:52:58 PM org.apache.coyote.AbstractProtocol stop
INFORMAÇÕES: Stopping ProtocolHandler ["ajp-bio-8009"]
jun 04, 2019 4:52:58 PM org.apache.coyote.AbstractProtocol destroy
INFORMAÇÕES: Destroying ProtocolHandler ["http-bio-8080"]
jun 04, 2019 4:52:58 PM org.apache.coyote.AbstractProtocol destroy
INFORMAÇÕES: Destroying ProtocolHandler ["http-bio-8443"]
jun 04, 2019 4:52:58 PM org.apache.coyote.AbstractProtocol destroy
INFORMAÇÕES: Destroying ProtocolHandler ["ajp-bio-8009"]
jun 04, 2019 4:53:00 PM org.apache.catalina.core.AprLifecycleListener init
INFORMAÇÕES: The APR based Apache Tomcat Native library which allows optimal performance in production environments was not found on the java.library.path: /usr/java/packages/lib/amd64:/usr/lib64:/lib64:/lib:/usr/lib
jun 04, 2019 4:53:00 PM org.apache.coyote.AbstractProtocol init
INFORMAÇÕES: Initializing ProtocolHandler ["http-bio-8080"]
jun 04, 2019 4:53:00 PM org.apache.coyote.AbstractProtocol init
INFORMAÇÕES: Initializing ProtocolHandler ["http-bio-8443"]
jun 04, 2019 4:53:00 PM org.apache.coyote.AbstractProtocol init
INFORMAÇÕES: Initializing ProtocolHandler ["ajp-bio-8009"]
jun 04, 2019 4:53:00 PM org.apache.catalina.startup.Catalina load
INFORMAÇÕES: Initialization processed in 794 ms
jun 04, 2019 4:53:00 PM org.apache.catalina.core.StandardService startInternal
INFORMAÇÕES: Starting service Catalina
jun 04, 2019 4:53:00 PM org.apache.catalina.core.StandardEngine startInternal
INFORMAÇÕES: Starting Servlet Engine: Apache Tomcat/7.0.53
jun 04, 2019 4:53:00 PM org.apache.catalina.startup.HostConfig deployDirectory
INFORMAÇÕES: Deploying web application directory /home/matheus/Área de Trabalho/1º Semestre 2019/POC II/WebRatioMobilePlatformCommunityEdition_8.10.3.Linux/Tomcat/webapps/manager
jun 04, 2019 4:53:01 PM org.apache.catalina.startup.HostConfig deployDirectory
INFORMAÇÕES: Deploying web application directory /home/matheus/Área de Trabalho/1º Semestre 2019/POC II/WebRatioMobilePlatformCommunityEdition_8.10.3.Linux/Tomcat/webapps/docs
jun 04, 2019 4:53:01 PM org.apache.catalina.startup.HostConfig deployDirectory
INFORMAÇÕES: Deploying web application directory /home/matheus/Área de Trabalho/1º Semestre 2019/POC II/WebRatioMobilePlatformCommunityEdition_8.10.3.Linux/Tomcat/webapps/examples
jun 04, 2019 4:53:01 PM org.apache.catalina.startup.HostConfig deployDirectory
INFORMAÇÕES: Deploying web application directory /home/matheus/Área de Trabalho/1º Semestre 2019/POC II/WebRatioMobilePlatformCommunityEdition_8.10.3.Linux/Tomcat/webapps/ROOT
jun 04, 2019 4:53:01 PM org.apache.catalina.startup.HostConfig deployDirectory
INFORMAÇÕES: Deploying web application directory /home/matheus/Área de Trabalho/1º Semestre 2019/POC II/WebRatioMobilePlatformCommunityEdition_8.10.3.Linux/Tomcat/webapps/Data
jun 04, 2019 4:53:05 PM org.apache.catalina.startup.HostConfig deployDirectory
INFORMAÇÕES: Deploying web application directory /home/matheus/Área de Trabalho/1º Semestre 2019/POC II/WebRatioMobilePlatformCommunityEdition_8.10.3.Linux/Tomcat/webapps/host-manager
jun 04, 2019 4:53:05 PM org.apache.coyote.AbstractProtocol start
INFORMAÇÕES: Starting ProtocolHandler ["http-bio-8080"]
jun 04, 2019 4:53:05 PM org.apache.coyote.AbstractProtocol start
INFORMAÇÕES: Starting ProtocolHandler ["http-bio-8443"]
jun 04, 2019 4:53:05 PM org.apache.coyote.AbstractProtocol start
INFORMAÇÕES: Starting ProtocolHandler ["ajp-bio-8009"]
jun 04, 2019 4:53:05 PM org.apache.catalina.startup.Catalina start
INFORMAÇÕES: Server startup in 4863 ms
jun 04, 2019 7:24:12 PM org.apache.catalina.core.StandardServer await
INFORMAÇÕES: A valid shutdown command was received via the shutdown port. Stopping the Server instance.
jun 04, 2019 7:24:12 PM org.apache.coyote.AbstractProtocol pause
INFORMAÇÕES: Pausing ProtocolHandler ["http-bio-8080"]
jun 04, 2019 7:24:12 PM org.apache.coyote.AbstractProtocol pause
INFORMAÇÕES: Pausing ProtocolHandler ["http-bio-8443"]
jun 04, 2019 7:24:13 PM org.apache.coyote.AbstractProtocol pause
INFORMAÇÕES: Pausing ProtocolHandler ["ajp-bio-8009"]
jun 04, 2019 7:24:13 PM org.apache.catalina.core.StandardService stopInternal
INFORMAÇÕES: Stopping service Catalina
jun 04, 2019 7:24:14 PM org.apache.catalina.loader.WebappClassLoader clearReferencesJdbc
GRAVE: The web application [/Data] registered the JDBC driver [com.mysql.jdbc.Driver] but failed to unregister it when the web application was stopped. To prevent a memory leak, the JDBC Driver has been forcibly unregistered.
jun 04, 2019 7:24:14 PM org.apache.catalina.loader.WebappClassLoader clearReferencesThreads
GRAVE: The web application [/Data] appears to have started a thread named [Abandoned connection cleanup thread] but has failed to stop it. This is very likely to create a memory leak.
jun 04, 2019 7:24:14 PM org.apache.catalina.loader.WebappClassLoader clearReferencesThreads
GRAVE: The web application [/Data] appears to have started a thread named [__DEFAULT__] but has failed to stop it. This is very likely to create a memory leak.
jun 04, 2019 7:24:14 PM org.apache.catalina.loader.WebappClassLoader clearReferencesThreads
GRAVE: The web application [/Data] appears to have started a thread named [data%0043ache.data] but has failed to stop it. This is very likely to create a memory leak.
jun 04, 2019 7:24:14 PM org.apache.catalina.loader.WebappClassLoader clearReferencesThreads
GRAVE: The web application [/Data] appears to have started a thread named [Statistics Thread-__DEFAULT__-1] but has failed to stop it. This is very likely to create a memory leak.
jun 04, 2019 7:24:14 PM org.apache.catalina.loader.WebappClassLoader clearReferencesThreads
GRAVE: The web application [/Data] appears to have started a thread named [deleted%004fbject%0049ds%0043ache.data] but has failed to stop it. This is very likely to create a memory leak.
jun 04, 2019 7:24:14 PM org.apache.catalina.loader.WebappClassLoader clearReferencesThreads
GRAVE: The web application [/Data] appears to have started a thread named [checksums%0043ache.data] but has failed to stop it. This is very likely to create a memory leak.
jun 04, 2019 7:24:14 PM org.apache.catalina.loader.WebappClassLoader checkThreadLocalMapForLeaks
GRAVE: The web application [/Data] created a ThreadLocal with key of type [net.sf.ehcache.util.concurrent.Striped64.ThreadHashCode] (value [net.sf.ehcache.util.concurrent.Striped64$ThreadHashCode@403d7a59]) and a value of type [net.sf.ehcache.util.concurrent.Striped64.HashCode] (value [net.sf.ehcache.util.concurrent.Striped64$HashCode@500ac55e]) but failed to remove it when the web application was stopped. Threads are going to be renewed over time to try and avoid a probable memory leak.
jun 04, 2019 7:24:14 PM org.apache.catalina.loader.WebappClassLoader checkThreadLocalMapForLeaks
GRAVE: The web application [/Data] created a ThreadLocal with key of type [net.sf.ehcache.util.concurrent.Striped64.ThreadHashCode] (value [net.sf.ehcache.util.concurrent.Striped64$ThreadHashCode@403d7a59]) and a value of type [net.sf.ehcache.util.concurrent.Striped64.HashCode] (value [net.sf.ehcache.util.concurrent.Striped64$HashCode@589c99a0]) but failed to remove it when the web application was stopped. Threads are going to be renewed over time to try and avoid a probable memory leak.
jun 04, 2019 7:24:14 PM org.apache.catalina.loader.WebappClassLoader checkThreadLocalMapForLeaks
GRAVE: The web application [/Data] created a ThreadLocal with key of type [net.sf.ehcache.util.concurrent.Striped64.ThreadHashCode] (value [net.sf.ehcache.util.concurrent.Striped64$ThreadHashCode@403d7a59]) and a value of type [net.sf.ehcache.util.concurrent.Striped64.HashCode] (value [net.sf.ehcache.util.concurrent.Striped64$HashCode@7358cf58]) but failed to remove it when the web application was stopped. Threads are going to be renewed over time to try and avoid a probable memory leak.
jun 04, 2019 7:24:14 PM org.apache.catalina.loader.WebappClassLoader checkThreadLocalMapForLeaks
GRAVE: The web application [/Data] created a ThreadLocal with key of type [net.sf.ehcache.util.concurrent.Striped64.ThreadHashCode] (value [net.sf.ehcache.util.concurrent.Striped64$ThreadHashCode@403d7a59]) and a value of type [net.sf.ehcache.util.concurrent.Striped64.HashCode] (value [net.sf.ehcache.util.concurrent.Striped64$HashCode@757ed458]) but failed to remove it when the web application was stopped. Threads are going to be renewed over time to try and avoid a probable memory leak.
jun 04, 2019 7:24:14 PM org.apache.catalina.loader.WebappClassLoader checkThreadLocalMapForLeaks
GRAVE: The web application [/Data] created a ThreadLocal with key of type [net.sf.ehcache.util.concurrent.Striped64.ThreadHashCode] (value [net.sf.ehcache.util.concurrent.Striped64$ThreadHashCode@403d7a59]) and a value of type [net.sf.ehcache.util.concurrent.Striped64.HashCode] (value [net.sf.ehcache.util.concurrent.Striped64$HashCode@1162cf8f]) but failed to remove it when the web application was stopped. Threads are going to be renewed over time to try and avoid a probable memory leak.
jun 04, 2019 7:24:14 PM org.apache.catalina.loader.WebappClassLoader checkThreadLocalMapForLeaks
GRAVE: The web application [/Data] created a ThreadLocal with key of type [net.sf.ehcache.util.concurrent.Striped64.ThreadHashCode] (value [net.sf.ehcache.util.concurrent.Striped64$ThreadHashCode@403d7a59]) and a value of type [net.sf.ehcache.util.concurrent.Striped64.HashCode] (value [net.sf.ehcache.util.concurrent.Striped64$HashCode@2d8f159a]) but failed to remove it when the web application was stopped. Threads are going to be renewed over time to try and avoid a probable memory leak.
jun 04, 2019 7:24:14 PM org.apache.catalina.loader.WebappClassLoader checkThreadLocalMapForLeaks
GRAVE: The web application [/Data] created a ThreadLocal with key of type [net.sf.ehcache.util.concurrent.Striped64.ThreadHashCode] (value [net.sf.ehcache.util.concurrent.Striped64$ThreadHashCode@403d7a59]) and a value of type [net.sf.ehcache.util.concurrent.Striped64.HashCode] (value [net.sf.ehcache.util.concurrent.Striped64$HashCode@18183d7c]) but failed to remove it when the web application was stopped. Threads are going to be renewed over time to try and avoid a probable memory leak.
jun 04, 2019 7:24:14 PM org.apache.catalina.loader.WebappClassLoader checkThreadLocalMapForLeaks
GRAVE: The web application [/Data] created a ThreadLocal with key of type [net.sf.ehcache.util.concurrent.Striped64.ThreadHashCode] (value [net.sf.ehcache.util.concurrent.Striped64$ThreadHashCode@403d7a59]) and a value of type [net.sf.ehcache.util.concurrent.Striped64.HashCode] (value [net.sf.ehcache.util.concurrent.Striped64$HashCode@1b47e633]) but failed to remove it when the web application was stopped. Threads are going to be renewed over time to try and avoid a probable memory leak.
jun 04, 2019 7:24:14 PM org.apache.catalina.loader.WebappClassLoader checkThreadLocalMapForLeaks
GRAVE: The web application [/Data] created a ThreadLocal with key of type [net.sf.ehcache.util.concurrent.Striped64.ThreadHashCode] (value [net.sf.ehcache.util.concurrent.Striped64$ThreadHashCode@403d7a59]) and a value of type [net.sf.ehcache.util.concurrent.Striped64.HashCode] (value [net.sf.ehcache.util.concurrent.Striped64$HashCode@1cde4c63]) but failed to remove it when the web application was stopped. Threads are going to be renewed over time to try and avoid a probable memory leak.
jun 04, 2019 7:24:14 PM org.apache.catalina.loader.WebappClassLoader checkThreadLocalMapForLeaks
GRAVE: The web application [/Data] created a ThreadLocal with key of type [net.sf.ehcache.util.concurrent.Striped64.ThreadHashCode] (value [net.sf.ehcache.util.concurrent.Striped64$ThreadHashCode@403d7a59]) and a value of type [net.sf.ehcache.util.concurrent.Striped64.HashCode] (value [net.sf.ehcache.util.concurrent.Striped64$HashCode@49a8b9a7]) but failed to remove it when the web application was stopped. Threads are going to be renewed over time to try and avoid a probable memory leak.
jun 04, 2019 7:24:14 PM org.apache.coyote.AbstractProtocol stop
INFORMAÇÕES: Stopping ProtocolHandler ["http-bio-8080"]
jun 04, 2019 7:24:14 PM org.apache.coyote.AbstractProtocol stop
INFORMAÇÕES: Stopping ProtocolHandler ["http-bio-8443"]
jun 04, 2019 7:24:14 PM org.apache.coyote.AbstractProtocol stop
INFORMAÇÕES: Stopping ProtocolHandler ["ajp-bio-8009"]
jun 04, 2019 7:24:14 PM org.apache.coyote.AbstractProtocol destroy
INFORMAÇÕES: Destroying ProtocolHandler ["http-bio-8080"]
jun 04, 2019 7:24:14 PM org.apache.coyote.AbstractProtocol destroy
INFORMAÇÕES: Destroying ProtocolHandler ["http-bio-8443"]
jun 04, 2019 7:24:14 PM org.apache.coyote.AbstractProtocol destroy
INFORMAÇÕES: Destroying ProtocolHandler ["ajp-bio-8009"]
jun 04, 2019 7:24:23 PM org.apache.catalina.core.AprLifecycleListener init
INFORMAÇÕES: The APR based Apache Tomcat Native library which allows optimal performance in production environments was not found on the java.library.path: /usr/java/packages/lib/amd64:/usr/lib64:/lib64:/lib:/usr/lib
jun 04, 2019 7:24:24 PM org.apache.coyote.AbstractProtocol init
INFORMAÇÕES: Initializing ProtocolHandler ["http-bio-8080"]
jun 04, 2019 7:24:24 PM org.apache.coyote.AbstractProtocol init
INFORMAÇÕES: Initializing ProtocolHandler ["http-bio-8443"]
jun 04, 2019 7:24:24 PM org.apache.coyote.AbstractProtocol init
INFORMAÇÕES: Initializing ProtocolHandler ["ajp-bio-8009"]
jun 04, 2019 7:24:24 PM org.apache.catalina.startup.Catalina load
INFORMAÇÕES: Initialization processed in 841 ms
jun 04, 2019 7:24:24 PM org.apache.catalina.core.StandardService startInternal
INFORMAÇÕES: Starting service Catalina
jun 04, 2019 7:24:24 PM org.apache.catalina.core.StandardEngine startInternal
INFORMAÇÕES: Starting Servlet Engine: Apache Tomcat/7.0.53
jun 04, 2019 7:24:24 PM org.apache.catalina.startup.HostConfig deployDirectory
INFORMAÇÕES: Deploying web application directory /home/matheus/Área de Trabalho/1º Semestre 2019/POC II/WebRatioMobilePlatformCommunityEdition_8.10.3.Linux/Tomcat/webapps/manager
jun 04, 2019 7:24:24 PM org.apache.catalina.startup.HostConfig deployDirectory
INFORMAÇÕES: Deploying web application directory /home/matheus/Área de Trabalho/1º Semestre 2019/POC II/WebRatioMobilePlatformCommunityEdition_8.10.3.Linux/Tomcat/webapps/docs
jun 04, 2019 7:24:24 PM org.apache.catalina.startup.HostConfig deployDirectory
INFORMAÇÕES: Deploying web application directory /home/matheus/Área de Trabalho/1º Semestre 2019/POC II/WebRatioMobilePlatformCommunityEdition_8.10.3.Linux/Tomcat/webapps/examples
jun 04, 2019 7:24:25 PM org.apache.catalina.startup.HostConfig deployDirectory
INFORMAÇÕES: Deploying web application directory /home/matheus/Área de Trabalho/1º Semestre 2019/POC II/WebRatioMobilePlatformCommunityEdition_8.10.3.Linux/Tomcat/webapps/ROOT
jun 04, 2019 7:24:25 PM org.apache.catalina.startup.HostConfig deployDirectory
INFORMAÇÕES: Deploying web application directory /home/matheus/Área de Trabalho/1º Semestre 2019/POC II/WebRatioMobilePlatformCommunityEdition_8.10.3.Linux/Tomcat/webapps/Data
jun 04, 2019 7:24:29 PM org.apache.catalina.startup.HostConfig deployDirectory
INFORMAÇÕES: Deploying web application directory /home/matheus/Área de Trabalho/1º Semestre 2019/POC II/WebRatioMobilePlatformCommunityEdition_8.10.3.Linux/Tomcat/webapps/host-manager
jun 04, 2019 7:24:29 PM org.apache.coyote.AbstractProtocol start
INFORMAÇÕES: Starting ProtocolHandler ["http-bio-8080"]
jun 04, 2019 7:24:29 PM org.apache.coyote.AbstractProtocol start
INFORMAÇÕES: Starting ProtocolHandler ["http-bio-8443"]
jun 04, 2019 7:24:29 PM org.apache.coyote.AbstractProtocol start
INFORMAÇÕES: Starting ProtocolHandler ["ajp-bio-8009"]
jun 04, 2019 7:24:29 PM org.apache.catalina.startup.Catalina start
INFORMAÇÕES: Server startup in 5553 ms
jun 04, 2019 7:55:43 PM org.apache.catalina.loader.WebappClassLoader loadClass
INFORMAÇÕES: Illegal access: this web application instance has been stopped already.  Could not load net.sf.ehcache.store.disk.Segment$1.  The eventual following stack trace is caused by an error thrown for debugging purposes as well as to attempt to terminate the thread which caused the illegal access, and has no functional impact.
java.lang.IllegalStateException
	at org.apache.catalina.loader.WebappClassLoader.loadClass(WebappClassLoader.java:1612)
	at org.apache.catalina.loader.WebappClassLoader.loadClass(WebappClassLoader.java:1571)
	at net.sf.ehcache.store.disk.Segment$HashIterator.<init>(Segment.java:1086)
	at net.sf.ehcache.store.disk.Segment.hashIterator(Segment.java:951)
	at net.sf.ehcache.store.disk.DiskStore$HashIterator.hasNext(DiskStore.java:1019)
	at net.sf.ehcache.store.disk.DiskStorageFactory$DiskExpiryTask.run(DiskStorageFactory.java:817)
	at java.util.concurrent.Executors$RunnableAdapter.call(Executors.java:511)
	at java.util.concurrent.FutureTask.runAndReset(FutureTask.java:308)
	at java.util.concurrent.ScheduledThreadPoolExecutor$ScheduledFutureTask.access$301(ScheduledThreadPoolExecutor.java:180)
	at java.util.concurrent.ScheduledThreadPoolExecutor$ScheduledFutureTask.run(ScheduledThreadPoolExecutor.java:294)
	at java.util.concurrent.ThreadPoolExecutor.runWorker(ThreadPoolExecutor.java:1149)
	at java.util.concurrent.ThreadPoolExecutor$Worker.run(ThreadPoolExecutor.java:624)
	at java.lang.Thread.run(Thread.java:748)

jun 04, 2019 8:16:23 PM org.apache.catalina.core.StandardServer await
INFORMAÇÕES: A valid shutdown command was received via the shutdown port. Stopping the Server instance.
jun 04, 2019 8:16:23 PM org.apache.coyote.AbstractProtocol pause
INFORMAÇÕES: Pausing ProtocolHandler ["http-bio-8080"]
jun 04, 2019 8:16:23 PM org.apache.coyote.AbstractProtocol pause
INFORMAÇÕES: Pausing ProtocolHandler ["http-bio-8443"]
jun 04, 2019 8:16:23 PM org.apache.coyote.AbstractProtocol pause
INFORMAÇÕES: Pausing ProtocolHandler ["ajp-bio-8009"]
jun 04, 2019 8:16:23 PM org.apache.catalina.core.StandardService stopInternal
INFORMAÇÕES: Stopping service Catalina
jun 04, 2019 8:16:24 PM org.apache.catalina.loader.WebappClassLoader clearReferencesJdbc
GRAVE: The web application [/Data] registered the JDBC driver [com.mysql.jdbc.Driver] but failed to unregister it when the web application was stopped. To prevent a memory leak, the JDBC Driver has been forcibly unregistered.
jun 04, 2019 8:16:24 PM org.apache.catalina.loader.WebappClassLoader clearReferencesThreads
GRAVE: The web application [/Data] appears to have started a thread named [Abandoned connection cleanup thread] but has failed to stop it. This is very likely to create a memory leak.
jun 04, 2019 8:16:24 PM org.apache.catalina.loader.WebappClassLoader clearReferencesThreads
GRAVE: The web application [/Data] appears to have started a thread named [__DEFAULT__] but has failed to stop it. This is very likely to create a memory leak.
jun 04, 2019 8:16:24 PM org.apache.catalina.loader.WebappClassLoader clearReferencesThreads
GRAVE: The web application [/Data] appears to have started a thread named [data%0043ache.data] but has failed to stop it. This is very likely to create a memory leak.
jun 04, 2019 8:16:24 PM org.apache.catalina.loader.WebappClassLoader clearReferencesThreads
GRAVE: The web application [/Data] appears to have started a thread named [Statistics Thread-__DEFAULT__-1] but has failed to stop it. This is very likely to create a memory leak.
jun 04, 2019 8:16:24 PM org.apache.catalina.loader.WebappClassLoader clearReferencesThreads
GRAVE: The web application [/Data] appears to have started a thread named [deleted%004fbject%0049ds%0043ache.data] but has failed to stop it. This is very likely to create a memory leak.
jun 04, 2019 8:16:24 PM org.apache.catalina.loader.WebappClassLoader clearReferencesThreads
GRAVE: The web application [/Data] appears to have started a thread named [checksums%0043ache.data] but has failed to stop it. This is very likely to create a memory leak.
jun 04, 2019 8:16:24 PM org.apache.catalina.loader.WebappClassLoader checkThreadLocalMapForLeaks
GRAVE: The web application [/Data] created a ThreadLocal with key of type [net.sf.ehcache.util.concurrent.Striped64.ThreadHashCode] (value [net.sf.ehcache.util.concurrent.Striped64$ThreadHashCode@148187ce]) and a value of type [net.sf.ehcache.util.concurrent.Striped64.HashCode] (value [net.sf.ehcache.util.concurrent.Striped64$HashCode@27bf9458]) but failed to remove it when the web application was stopped. Threads are going to be renewed over time to try and avoid a probable memory leak.
jun 04, 2019 8:16:24 PM org.apache.catalina.loader.WebappClassLoader checkThreadLocalMapForLeaks
GRAVE: The web application [/Data] created a ThreadLocal with key of type [net.sf.ehcache.util.concurrent.Striped64.ThreadHashCode] (value [net.sf.ehcache.util.concurrent.Striped64$ThreadHashCode@148187ce]) and a value of type [net.sf.ehcache.util.concurrent.Striped64.HashCode] (value [net.sf.ehcache.util.concurrent.Striped64$HashCode@e5dc365]) but failed to remove it when the web application was stopped. Threads are going to be renewed over time to try and avoid a probable memory leak.
jun 04, 2019 8:16:24 PM org.apache.catalina.loader.WebappClassLoader checkThreadLocalMapForLeaks
GRAVE: The web application [/Data] created a ThreadLocal with key of type [net.sf.ehcache.util.concurrent.Striped64.ThreadHashCode] (value [net.sf.ehcache.util.concurrent.Striped64$ThreadHashCode@148187ce]) and a value of type [net.sf.ehcache.util.concurrent.Striped64.HashCode] (value [net.sf.ehcache.util.concurrent.Striped64$HashCode@167a9a97]) but failed to remove it when the web application was stopped. Threads are going to be renewed over time to try and avoid a probable memory leak.
jun 04, 2019 8:16:24 PM org.apache.catalina.loader.WebappClassLoader checkThreadLocalMapForLeaks
GRAVE: The web application [/Data] created a ThreadLocal with key of type [net.sf.ehcache.util.concurrent.Striped64.ThreadHashCode] (value [net.sf.ehcache.util.concurrent.Striped64$ThreadHashCode@148187ce]) and a value of type [net.sf.ehcache.util.concurrent.Striped64.HashCode] (value [net.sf.ehcache.util.concurrent.Striped64$HashCode@4d3cd154]) but failed to remove it when the web application was stopped. Threads are going to be renewed over time to try and avoid a probable memory leak.
jun 04, 2019 8:16:24 PM org.apache.catalina.loader.WebappClassLoader checkThreadLocalMapForLeaks
GRAVE: The web application [/Data] created a ThreadLocal with key of type [net.sf.ehcache.util.concurrent.Striped64.ThreadHashCode] (value [net.sf.ehcache.util.concurrent.Striped64$ThreadHashCode@148187ce]) and a value of type [net.sf.ehcache.util.concurrent.Striped64.HashCode] (value [net.sf.ehcache.util.concurrent.Striped64$HashCode@12d95475]) but failed to remove it when the web application was stopped. Threads are going to be renewed over time to try and avoid a probable memory leak.
jun 04, 2019 8:16:24 PM org.apache.catalina.loader.WebappClassLoader checkThreadLocalMapForLeaks
GRAVE: The web application [/Data] created a ThreadLocal with key of type [net.sf.ehcache.util.concurrent.Striped64.ThreadHashCode] (value [net.sf.ehcache.util.concurrent.Striped64$ThreadHashCode@148187ce]) and a value of type [net.sf.ehcache.util.concurrent.Striped64.HashCode] (value [net.sf.ehcache.util.concurrent.Striped64$HashCode@72fffba0]) but failed to remove it when the web application was stopped. Threads are going to be renewed over time to try and avoid a probable memory leak.
jun 04, 2019 8:16:24 PM org.apache.catalina.loader.WebappClassLoader checkThreadLocalMapForLeaks
GRAVE: The web application [/Data] created a ThreadLocal with key of type [net.sf.ehcache.util.concurrent.Striped64.ThreadHashCode] (value [net.sf.ehcache.util.concurrent.Striped64$ThreadHashCode@148187ce]) and a value of type [net.sf.ehcache.util.concurrent.Striped64.HashCode] (value [net.sf.ehcache.util.concurrent.Striped64$HashCode@3093794a]) but failed to remove it when the web application was stopped. Threads are going to be renewed over time to try and avoid a probable memory leak.
jun 04, 2019 8:16:24 PM org.apache.catalina.loader.WebappClassLoader checkThreadLocalMapForLeaks
GRAVE: The web application [/Data] created a ThreadLocal with key of type [net.sf.ehcache.util.concurrent.Striped64.ThreadHashCode] (value [net.sf.ehcache.util.concurrent.Striped64$ThreadHashCode@148187ce]) and a value of type [net.sf.ehcache.util.concurrent.Striped64.HashCode] (value [net.sf.ehcache.util.concurrent.Striped64$HashCode@1b8ea87d]) but failed to remove it when the web application was stopped. Threads are going to be renewed over time to try and avoid a probable memory leak.
jun 04, 2019 8:16:24 PM org.apache.catalina.loader.WebappClassLoader checkThreadLocalMapForLeaks
GRAVE: The web application [/Data] created a ThreadLocal with key of type [net.sf.ehcache.util.concurrent.Striped64.ThreadHashCode] (value [net.sf.ehcache.util.concurrent.Striped64$ThreadHashCode@148187ce]) and a value of type [net.sf.ehcache.util.concurrent.Striped64.HashCode] (value [net.sf.ehcache.util.concurrent.Striped64$HashCode@432c2d85]) but failed to remove it when the web application was stopped. Threads are going to be renewed over time to try and avoid a probable memory leak.
jun 04, 2019 8:16:24 PM org.apache.catalina.loader.WebappClassLoader checkThreadLocalMapForLeaks
GRAVE: The web application [/Data] created a ThreadLocal with key of type [net.sf.ehcache.util.concurrent.Striped64.ThreadHashCode] (value [net.sf.ehcache.util.concurrent.Striped64$ThreadHashCode@148187ce]) and a value of type [net.sf.ehcache.util.concurrent.Striped64.HashCode] (value [net.sf.ehcache.util.concurrent.Striped64$HashCode@4e83ecbb]) but failed to remove it when the web application was stopped. Threads are going to be renewed over time to try and avoid a probable memory leak.
jun 04, 2019 8:16:24 PM org.apache.coyote.AbstractProtocol stop
INFORMAÇÕES: Stopping ProtocolHandler ["http-bio-8080"]
jun 04, 2019 8:16:24 PM org.apache.coyote.AbstractProtocol stop
INFORMAÇÕES: Stopping ProtocolHandler ["http-bio-8443"]
jun 04, 2019 8:16:24 PM org.apache.coyote.AbstractProtocol stop
INFORMAÇÕES: Stopping ProtocolHandler ["ajp-bio-8009"]
jun 04, 2019 8:16:24 PM org.apache.coyote.AbstractProtocol destroy
INFORMAÇÕES: Destroying ProtocolHandler ["http-bio-8080"]
jun 04, 2019 8:16:24 PM org.apache.coyote.AbstractProtocol destroy
INFORMAÇÕES: Destroying ProtocolHandler ["http-bio-8443"]
jun 04, 2019 8:16:24 PM org.apache.coyote.AbstractProtocol destroy
INFORMAÇÕES: Destroying ProtocolHandler ["ajp-bio-8009"]
jun 04, 2019 8:16:27 PM org.apache.catalina.core.AprLifecycleListener init
INFORMAÇÕES: The APR based Apache Tomcat Native library which allows optimal performance in production environments was not found on the java.library.path: /usr/java/packages/lib/amd64:/usr/lib64:/lib64:/lib:/usr/lib
jun 04, 2019 8:16:28 PM org.apache.coyote.AbstractProtocol init
INFORMAÇÕES: Initializing ProtocolHandler ["http-bio-8080"]
jun 04, 2019 8:16:28 PM org.apache.coyote.AbstractProtocol init
INFORMAÇÕES: Initializing ProtocolHandler ["http-bio-8443"]
jun 04, 2019 8:16:28 PM org.apache.coyote.AbstractProtocol init
INFORMAÇÕES: Initializing ProtocolHandler ["ajp-bio-8009"]
jun 04, 2019 8:16:28 PM org.apache.catalina.startup.Catalina load
INFORMAÇÕES: Initialization processed in 1435 ms
jun 04, 2019 8:16:28 PM org.apache.catalina.core.StandardService startInternal
INFORMAÇÕES: Starting service Catalina
jun 04, 2019 8:16:28 PM org.apache.catalina.core.StandardEngine startInternal
INFORMAÇÕES: Starting Servlet Engine: Apache Tomcat/7.0.53
jun 04, 2019 8:16:28 PM org.apache.catalina.startup.HostConfig deployDirectory
INFORMAÇÕES: Deploying web application directory /home/matheus/Área de Trabalho/1º Semestre 2019/POC II/WebRatioMobilePlatformCommunityEdition_8.10.3.Linux/Tomcat/webapps/manager
jun 04, 2019 8:16:29 PM org.apache.catalina.startup.HostConfig deployDirectory
INFORMAÇÕES: Deploying web application directory /home/matheus/Área de Trabalho/1º Semestre 2019/POC II/WebRatioMobilePlatformCommunityEdition_8.10.3.Linux/Tomcat/webapps/docs
jun 04, 2019 8:16:29 PM org.apache.catalina.startup.HostConfig deployDirectory
INFORMAÇÕES: Deploying web application directory /home/matheus/Área de Trabalho/1º Semestre 2019/POC II/WebRatioMobilePlatformCommunityEdition_8.10.3.Linux/Tomcat/webapps/examples
jun 04, 2019 8:16:29 PM org.apache.catalina.startup.HostConfig deployDirectory
INFORMAÇÕES: Deploying web application directory /home/matheus/Área de Trabalho/1º Semestre 2019/POC II/WebRatioMobilePlatformCommunityEdition_8.10.3.Linux/Tomcat/webapps/ROOT
jun 04, 2019 8:16:29 PM org.apache.catalina.startup.HostConfig deployDirectory
INFORMAÇÕES: Deploying web application directory /home/matheus/Área de Trabalho/1º Semestre 2019/POC II/WebRatioMobilePlatformCommunityEdition_8.10.3.Linux/Tomcat/webapps/Data
jun 04, 2019 8:16:35 PM org.apache.catalina.startup.HostConfig deployDirectory
INFORMAÇÕES: Deploying web application directory /home/matheus/Área de Trabalho/1º Semestre 2019/POC II/WebRatioMobilePlatformCommunityEdition_8.10.3.Linux/Tomcat/webapps/host-manager
jun 04, 2019 8:16:35 PM org.apache.coyote.AbstractProtocol start
INFORMAÇÕES: Starting ProtocolHandler ["http-bio-8080"]
jun 04, 2019 8:16:35 PM org.apache.coyote.AbstractProtocol start
INFORMAÇÕES: Starting ProtocolHandler ["http-bio-8443"]
jun 04, 2019 8:16:35 PM org.apache.coyote.AbstractProtocol start
INFORMAÇÕES: Starting ProtocolHandler ["ajp-bio-8009"]
jun 04, 2019 8:16:35 PM org.apache.catalina.startup.Catalina start
INFORMAÇÕES: Server startup in 6655 ms
