mai 24, 2019 1:19:31 PM org.apache.catalina.core.AprLifecycleListener init
INFORMAÇÕES: The APR based Apache Tomcat Native library which allows optimal performance in production environments was not found on the java.library.path: /usr/java/packages/lib/amd64:/usr/lib64:/lib64:/lib:/usr/lib
mai 24, 2019 1:19:31 PM org.apache.coyote.AbstractProtocol init
INFORMAÇÕES: Initializing ProtocolHandler ["http-bio-8080"]
mai 24, 2019 1:19:31 PM org.apache.coyote.AbstractProtocol init
INFORMAÇÕES: Initializing ProtocolHandler ["http-bio-8443"]
mai 24, 2019 1:19:31 PM org.apache.coyote.AbstractProtocol init
INFORMAÇÕES: Initializing ProtocolHandler ["ajp-bio-8009"]
mai 24, 2019 1:19:31 PM org.apache.catalina.startup.Catalina load
INFORMAÇÕES: Initialization processed in 830 ms
mai 24, 2019 1:19:31 PM org.apache.catalina.core.StandardService startInternal
INFORMAÇÕES: Starting service Catalina
mai 24, 2019 1:19:31 PM org.apache.catalina.core.StandardEngine startInternal
INFORMAÇÕES: Starting Servlet Engine: Apache Tomcat/7.0.53
mai 24, 2019 1:19:31 PM org.apache.catalina.startup.HostConfig deployDirectory
INFORMAÇÕES: Deploying web application directory /home/matheus/Área de Trabalho/1º Semestre 2019/POC II/WebRatioMobilePlatformCommunityEdition_8.10.3.Linux/Tomcat/webapps/manager
mai 24, 2019 1:19:32 PM org.apache.catalina.startup.HostConfig deployDirectory
INFORMAÇÕES: Deploying web application directory /home/matheus/Área de Trabalho/1º Semestre 2019/POC II/WebRatioMobilePlatformCommunityEdition_8.10.3.Linux/Tomcat/webapps/docs
mai 24, 2019 1:19:32 PM org.apache.catalina.startup.HostConfig deployDirectory
INFORMAÇÕES: Deploying web application directory /home/matheus/Área de Trabalho/1º Semestre 2019/POC II/WebRatioMobilePlatformCommunityEdition_8.10.3.Linux/Tomcat/webapps/examples
mai 24, 2019 1:19:32 PM org.apache.catalina.startup.HostConfig deployDirectory
INFORMAÇÕES: Deploying web application directory /home/matheus/Área de Trabalho/1º Semestre 2019/POC II/WebRatioMobilePlatformCommunityEdition_8.10.3.Linux/Tomcat/webapps/ROOT
mai 24, 2019 1:19:32 PM org.apache.catalina.startup.HostConfig deployDirectory
INFORMAÇÕES: Deploying web application directory /home/matheus/Área de Trabalho/1º Semestre 2019/POC II/WebRatioMobilePlatformCommunityEdition_8.10.3.Linux/Tomcat/webapps/Data
mai 24, 2019 1:19:37 PM org.apache.catalina.startup.HostConfig deployDirectory
INFORMAÇÕES: Deploying web application directory /home/matheus/Área de Trabalho/1º Semestre 2019/POC II/WebRatioMobilePlatformCommunityEdition_8.10.3.Linux/Tomcat/webapps/host-manager
mai 24, 2019 1:19:37 PM org.apache.coyote.AbstractProtocol start
INFORMAÇÕES: Starting ProtocolHandler ["http-bio-8080"]
mai 24, 2019 1:19:37 PM org.apache.coyote.AbstractProtocol start
INFORMAÇÕES: Starting ProtocolHandler ["http-bio-8443"]
mai 24, 2019 1:19:37 PM org.apache.coyote.AbstractProtocol start
INFORMAÇÕES: Starting ProtocolHandler ["ajp-bio-8009"]
mai 24, 2019 1:19:37 PM org.apache.catalina.startup.Catalina start
INFORMAÇÕES: Server startup in 5287 ms
mai 24, 2019 3:00:33 PM org.apache.catalina.core.StandardServer await
INFORMAÇÕES: A valid shutdown command was received via the shutdown port. Stopping the Server instance.
mai 24, 2019 3:00:33 PM org.apache.coyote.AbstractProtocol pause
INFORMAÇÕES: Pausing ProtocolHandler ["http-bio-8080"]
mai 24, 2019 3:00:33 PM org.apache.coyote.AbstractProtocol pause
INFORMAÇÕES: Pausing ProtocolHandler ["http-bio-8443"]
mai 24, 2019 3:00:33 PM org.apache.coyote.AbstractProtocol pause
INFORMAÇÕES: Pausing ProtocolHandler ["ajp-bio-8009"]
mai 24, 2019 3:00:33 PM org.apache.catalina.core.StandardService stopInternal
INFORMAÇÕES: Stopping service Catalina
mai 24, 2019 3:00:34 PM org.apache.catalina.loader.WebappClassLoader clearReferencesJdbc
GRAVE: The web application [/Data] registered the JDBC driver [com.mysql.jdbc.Driver] but failed to unregister it when the web application was stopped. To prevent a memory leak, the JDBC Driver has been forcibly unregistered.
mai 24, 2019 3:00:34 PM org.apache.catalina.loader.WebappClassLoader clearReferencesThreads
GRAVE: The web application [/Data] appears to have started a thread named [Abandoned connection cleanup thread] but has failed to stop it. This is very likely to create a memory leak.
mai 24, 2019 3:00:34 PM org.apache.catalina.loader.WebappClassLoader clearReferencesThreads
GRAVE: The web application [/Data] appears to have started a thread named [__DEFAULT__] but has failed to stop it. This is very likely to create a memory leak.
mai 24, 2019 3:00:34 PM org.apache.catalina.loader.WebappClassLoader clearReferencesThreads
GRAVE: The web application [/Data] appears to have started a thread named [data%0043ache.data] but has failed to stop it. This is very likely to create a memory leak.
mai 24, 2019 3:00:34 PM org.apache.catalina.loader.WebappClassLoader clearReferencesThreads
GRAVE: The web application [/Data] appears to have started a thread named [Statistics Thread-__DEFAULT__-1] but has failed to stop it. This is very likely to create a memory leak.
mai 24, 2019 3:00:34 PM org.apache.catalina.loader.WebappClassLoader clearReferencesThreads
GRAVE: The web application [/Data] appears to have started a thread named [deleted%004fbject%0049ds%0043ache.data] but has failed to stop it. This is very likely to create a memory leak.
mai 24, 2019 3:00:34 PM org.apache.catalina.loader.WebappClassLoader clearReferencesThreads
GRAVE: The web application [/Data] appears to have started a thread named [checksums%0043ache.data] but has failed to stop it. This is very likely to create a memory leak.
mai 24, 2019 3:00:34 PM org.apache.catalina.loader.WebappClassLoader checkThreadLocalMapForLeaks
GRAVE: The web application [/Data] created a ThreadLocal with key of type [net.sf.ehcache.util.concurrent.Striped64.ThreadHashCode] (value [net.sf.ehcache.util.concurrent.Striped64$ThreadHashCode@23f98b7a]) and a value of type [net.sf.ehcache.util.concurrent.Striped64.HashCode] (value [net.sf.ehcache.util.concurrent.Striped64$HashCode@25a02a59]) but failed to remove it when the web application was stopped. Threads are going to be renewed over time to try and avoid a probable memory leak.
mai 24, 2019 3:00:34 PM org.apache.catalina.loader.WebappClassLoader checkThreadLocalMapForLeaks
GRAVE: The web application [/Data] created a ThreadLocal with key of type [net.sf.ehcache.util.concurrent.Striped64.ThreadHashCode] (value [net.sf.ehcache.util.concurrent.Striped64$ThreadHashCode@23f98b7a]) and a value of type [net.sf.ehcache.util.concurrent.Striped64.HashCode] (value [net.sf.ehcache.util.concurrent.Striped64$HashCode@7d5e9efd]) but failed to remove it when the web application was stopped. Threads are going to be renewed over time to try and avoid a probable memory leak.
mai 24, 2019 3:00:34 PM org.apache.catalina.loader.WebappClassLoader checkThreadLocalMapForLeaks
GRAVE: The web application [/Data] created a ThreadLocal with key of type [net.sf.ehcache.util.concurrent.Striped64.ThreadHashCode] (value [net.sf.ehcache.util.concurrent.Striped64$ThreadHashCode@23f98b7a]) and a value of type [net.sf.ehcache.util.concurrent.Striped64.HashCode] (value [net.sf.ehcache.util.concurrent.Striped64$HashCode@2a826466]) but failed to remove it when the web application was stopped. Threads are going to be renewed over time to try and avoid a probable memory leak.
mai 24, 2019 3:00:34 PM org.apache.catalina.loader.WebappClassLoader checkThreadLocalMapForLeaks
GRAVE: The web application [/Data] created a ThreadLocal with key of type [net.sf.ehcache.util.concurrent.Striped64.ThreadHashCode] (value [net.sf.ehcache.util.concurrent.Striped64$ThreadHashCode@23f98b7a]) and a value of type [net.sf.ehcache.util.concurrent.Striped64.HashCode] (value [net.sf.ehcache.util.concurrent.Striped64$HashCode@ed4718d]) but failed to remove it when the web application was stopped. Threads are going to be renewed over time to try and avoid a probable memory leak.
mai 24, 2019 3:00:34 PM org.apache.catalina.loader.WebappClassLoader checkThreadLocalMapForLeaks
GRAVE: The web application [/Data] created a ThreadLocal with key of type [net.sf.ehcache.util.concurrent.Striped64.ThreadHashCode] (value [net.sf.ehcache.util.concurrent.Striped64$ThreadHashCode@23f98b7a]) and a value of type [net.sf.ehcache.util.concurrent.Striped64.HashCode] (value [net.sf.ehcache.util.concurrent.Striped64$HashCode@774bfdc]) but failed to remove it when the web application was stopped. Threads are going to be renewed over time to try and avoid a probable memory leak.
mai 24, 2019 3:00:34 PM org.apache.catalina.loader.WebappClassLoader checkThreadLocalMapForLeaks
GRAVE: The web application [/Data] created a ThreadLocal with key of type [net.sf.ehcache.util.concurrent.Striped64.ThreadHashCode] (value [net.sf.ehcache.util.concurrent.Striped64$ThreadHashCode@23f98b7a]) and a value of type [net.sf.ehcache.util.concurrent.Striped64.HashCode] (value [net.sf.ehcache.util.concurrent.Striped64$HashCode@3e2d3ab9]) but failed to remove it when the web application was stopped. Threads are going to be renewed over time to try and avoid a probable memory leak.
mai 24, 2019 3:00:34 PM org.apache.catalina.loader.WebappClassLoader checkThreadLocalMapForLeaks
GRAVE: The web application [/Data] created a ThreadLocal with key of type [net.sf.ehcache.util.concurrent.Striped64.ThreadHashCode] (value [net.sf.ehcache.util.concurrent.Striped64$ThreadHashCode@23f98b7a]) and a value of type [net.sf.ehcache.util.concurrent.Striped64.HashCode] (value [net.sf.ehcache.util.concurrent.Striped64$HashCode@7b5c84e]) but failed to remove it when the web application was stopped. Threads are going to be renewed over time to try and avoid a probable memory leak.
mai 24, 2019 3:00:34 PM org.apache.catalina.loader.WebappClassLoader checkThreadLocalMapForLeaks
GRAVE: The web application [/Data] created a ThreadLocal with key of type [net.sf.ehcache.util.concurrent.Striped64.ThreadHashCode] (value [net.sf.ehcache.util.concurrent.Striped64$ThreadHashCode@23f98b7a]) and a value of type [net.sf.ehcache.util.concurrent.Striped64.HashCode] (value [net.sf.ehcache.util.concurrent.Striped64$HashCode@2ac0892c]) but failed to remove it when the web application was stopped. Threads are going to be renewed over time to try and avoid a probable memory leak.
mai 24, 2019 3:00:34 PM org.apache.catalina.loader.WebappClassLoader checkThreadLocalMapForLeaks
GRAVE: The web application [/Data] created a ThreadLocal with key of type [net.sf.ehcache.util.concurrent.Striped64.ThreadHashCode] (value [net.sf.ehcache.util.concurrent.Striped64$ThreadHashCode@23f98b7a]) and a value of type [net.sf.ehcache.util.concurrent.Striped64.HashCode] (value [net.sf.ehcache.util.concurrent.Striped64$HashCode@86859f7]) but failed to remove it when the web application was stopped. Threads are going to be renewed over time to try and avoid a probable memory leak.
mai 24, 2019 3:00:34 PM org.apache.catalina.loader.WebappClassLoader checkThreadLocalMapForLeaks
GRAVE: The web application [/Data] created a ThreadLocal with key of type [net.sf.ehcache.util.concurrent.Striped64.ThreadHashCode] (value [net.sf.ehcache.util.concurrent.Striped64$ThreadHashCode@23f98b7a]) and a value of type [net.sf.ehcache.util.concurrent.Striped64.HashCode] (value [net.sf.ehcache.util.concurrent.Striped64$HashCode@5fc752b1]) but failed to remove it when the web application was stopped. Threads are going to be renewed over time to try and avoid a probable memory leak.
mai 24, 2019 3:00:34 PM org.apache.coyote.AbstractProtocol stop
INFORMAÇÕES: Stopping ProtocolHandler ["http-bio-8080"]
mai 24, 2019 3:00:34 PM org.apache.coyote.AbstractProtocol stop
INFORMAÇÕES: Stopping ProtocolHandler ["http-bio-8443"]
mai 24, 2019 3:00:34 PM org.apache.coyote.AbstractProtocol stop
INFORMAÇÕES: Stopping ProtocolHandler ["ajp-bio-8009"]
mai 24, 2019 3:00:34 PM org.apache.coyote.AbstractProtocol destroy
INFORMAÇÕES: Destroying ProtocolHandler ["http-bio-8080"]
mai 24, 2019 3:00:34 PM org.apache.coyote.AbstractProtocol destroy
INFORMAÇÕES: Destroying ProtocolHandler ["http-bio-8443"]
mai 24, 2019 3:00:34 PM org.apache.coyote.AbstractProtocol destroy
INFORMAÇÕES: Destroying ProtocolHandler ["ajp-bio-8009"]
mai 24, 2019 3:00:36 PM org.apache.catalina.core.AprLifecycleListener init
INFORMAÇÕES: The APR based Apache Tomcat Native library which allows optimal performance in production environments was not found on the java.library.path: /usr/java/packages/lib/amd64:/usr/lib64:/lib64:/lib:/usr/lib
mai 24, 2019 3:00:36 PM org.apache.coyote.AbstractProtocol init
INFORMAÇÕES: Initializing ProtocolHandler ["http-bio-8080"]
mai 24, 2019 3:00:36 PM org.apache.coyote.AbstractProtocol init
INFORMAÇÕES: Initializing ProtocolHandler ["http-bio-8443"]
mai 24, 2019 3:00:37 PM org.apache.coyote.AbstractProtocol init
INFORMAÇÕES: Initializing ProtocolHandler ["ajp-bio-8009"]
mai 24, 2019 3:00:37 PM org.apache.catalina.startup.Catalina load
INFORMAÇÕES: Initialization processed in 881 ms
mai 24, 2019 3:00:37 PM org.apache.catalina.core.StandardService startInternal
INFORMAÇÕES: Starting service Catalina
mai 24, 2019 3:00:37 PM org.apache.catalina.core.StandardEngine startInternal
INFORMAÇÕES: Starting Servlet Engine: Apache Tomcat/7.0.53
mai 24, 2019 3:00:37 PM org.apache.catalina.startup.HostConfig deployDirectory
INFORMAÇÕES: Deploying web application directory /home/matheus/Área de Trabalho/1º Semestre 2019/POC II/WebRatioMobilePlatformCommunityEdition_8.10.3.Linux/Tomcat/webapps/manager
mai 24, 2019 3:00:37 PM org.apache.catalina.startup.HostConfig deployDirectory
INFORMAÇÕES: Deploying web application directory /home/matheus/Área de Trabalho/1º Semestre 2019/POC II/WebRatioMobilePlatformCommunityEdition_8.10.3.Linux/Tomcat/webapps/docs
mai 24, 2019 3:00:37 PM org.apache.catalina.startup.HostConfig deployDirectory
INFORMAÇÕES: Deploying web application directory /home/matheus/Área de Trabalho/1º Semestre 2019/POC II/WebRatioMobilePlatformCommunityEdition_8.10.3.Linux/Tomcat/webapps/examples
mai 24, 2019 3:00:37 PM org.apache.catalina.startup.HostConfig deployDirectory
INFORMAÇÕES: Deploying web application directory /home/matheus/Área de Trabalho/1º Semestre 2019/POC II/WebRatioMobilePlatformCommunityEdition_8.10.3.Linux/Tomcat/webapps/ROOT
mai 24, 2019 3:00:37 PM org.apache.catalina.startup.HostConfig deployDirectory
INFORMAÇÕES: Deploying web application directory /home/matheus/Área de Trabalho/1º Semestre 2019/POC II/WebRatioMobilePlatformCommunityEdition_8.10.3.Linux/Tomcat/webapps/Data
mai 24, 2019 3:00:42 PM org.apache.catalina.startup.HostConfig deployDirectory
INFORMAÇÕES: Deploying web application directory /home/matheus/Área de Trabalho/1º Semestre 2019/POC II/WebRatioMobilePlatformCommunityEdition_8.10.3.Linux/Tomcat/webapps/host-manager
mai 24, 2019 3:00:42 PM org.apache.coyote.AbstractProtocol start
INFORMAÇÕES: Starting ProtocolHandler ["http-bio-8080"]
mai 24, 2019 3:00:42 PM org.apache.coyote.AbstractProtocol start
INFORMAÇÕES: Starting ProtocolHandler ["http-bio-8443"]
mai 24, 2019 3:00:42 PM org.apache.coyote.AbstractProtocol start
INFORMAÇÕES: Starting ProtocolHandler ["ajp-bio-8009"]
mai 24, 2019 3:00:42 PM org.apache.catalina.startup.Catalina start
INFORMAÇÕES: Server startup in 5333 ms
mai 24, 2019 3:39:49 PM org.apache.catalina.core.StandardServer await
INFORMAÇÕES: A valid shutdown command was received via the shutdown port. Stopping the Server instance.
mai 24, 2019 3:39:49 PM org.apache.coyote.AbstractProtocol pause
INFORMAÇÕES: Pausing ProtocolHandler ["http-bio-8080"]
mai 24, 2019 3:39:50 PM org.apache.coyote.AbstractProtocol pause
INFORMAÇÕES: Pausing ProtocolHandler ["http-bio-8443"]
mai 24, 2019 3:39:50 PM org.apache.coyote.AbstractProtocol pause
INFORMAÇÕES: Pausing ProtocolHandler ["ajp-bio-8009"]
mai 24, 2019 3:39:50 PM org.apache.catalina.core.StandardService stopInternal
INFORMAÇÕES: Stopping service Catalina
mai 24, 2019 3:39:50 PM org.apache.catalina.loader.WebappClassLoader clearReferencesJdbc
GRAVE: The web application [/Data] registered the JDBC driver [com.mysql.jdbc.Driver] but failed to unregister it when the web application was stopped. To prevent a memory leak, the JDBC Driver has been forcibly unregistered.
mai 24, 2019 3:39:50 PM org.apache.catalina.loader.WebappClassLoader clearReferencesThreads
GRAVE: The web application [/Data] appears to have started a thread named [Abandoned connection cleanup thread] but has failed to stop it. This is very likely to create a memory leak.
mai 24, 2019 3:39:50 PM org.apache.catalina.loader.WebappClassLoader clearReferencesThreads
GRAVE: The web application [/Data] appears to have started a thread named [__DEFAULT__] but has failed to stop it. This is very likely to create a memory leak.
mai 24, 2019 3:39:50 PM org.apache.catalina.loader.WebappClassLoader clearReferencesThreads
GRAVE: The web application [/Data] appears to have started a thread named [data%0043ache.data] but has failed to stop it. This is very likely to create a memory leak.
mai 24, 2019 3:39:50 PM org.apache.catalina.loader.WebappClassLoader clearReferencesThreads
GRAVE: The web application [/Data] appears to have started a thread named [Statistics Thread-__DEFAULT__-1] but has failed to stop it. This is very likely to create a memory leak.
mai 24, 2019 3:39:50 PM org.apache.catalina.loader.WebappClassLoader clearReferencesThreads
GRAVE: The web application [/Data] appears to have started a thread named [deleted%004fbject%0049ds%0043ache.data] but has failed to stop it. This is very likely to create a memory leak.
mai 24, 2019 3:39:50 PM org.apache.catalina.loader.WebappClassLoader clearReferencesThreads
GRAVE: The web application [/Data] appears to have started a thread named [checksums%0043ache.data] but has failed to stop it. This is very likely to create a memory leak.
mai 24, 2019 3:39:50 PM org.apache.coyote.AbstractProtocol stop
INFORMAÇÕES: Stopping ProtocolHandler ["http-bio-8080"]
mai 24, 2019 3:39:50 PM org.apache.coyote.AbstractProtocol stop
INFORMAÇÕES: Stopping ProtocolHandler ["http-bio-8443"]
mai 24, 2019 3:39:50 PM org.apache.coyote.AbstractProtocol stop
INFORMAÇÕES: Stopping ProtocolHandler ["ajp-bio-8009"]
mai 24, 2019 3:39:50 PM org.apache.coyote.AbstractProtocol destroy
INFORMAÇÕES: Destroying ProtocolHandler ["http-bio-8080"]
mai 24, 2019 3:39:50 PM org.apache.coyote.AbstractProtocol destroy
INFORMAÇÕES: Destroying ProtocolHandler ["http-bio-8443"]
mai 24, 2019 3:39:50 PM org.apache.coyote.AbstractProtocol destroy
INFORMAÇÕES: Destroying ProtocolHandler ["ajp-bio-8009"]
mai 24, 2019 3:39:57 PM org.apache.catalina.core.AprLifecycleListener init
INFORMAÇÕES: The APR based Apache Tomcat Native library which allows optimal performance in production environments was not found on the java.library.path: /usr/java/packages/lib/amd64:/usr/lib64:/lib64:/lib:/usr/lib
mai 24, 2019 3:39:57 PM org.apache.coyote.AbstractProtocol init
INFORMAÇÕES: Initializing ProtocolHandler ["http-bio-8080"]
mai 24, 2019 3:39:57 PM org.apache.coyote.AbstractProtocol init
INFORMAÇÕES: Initializing ProtocolHandler ["http-bio-8443"]
mai 24, 2019 3:39:57 PM org.apache.coyote.AbstractProtocol init
INFORMAÇÕES: Initializing ProtocolHandler ["ajp-bio-8009"]
mai 24, 2019 3:39:57 PM org.apache.catalina.startup.Catalina load
INFORMAÇÕES: Initialization processed in 893 ms
mai 24, 2019 3:39:57 PM org.apache.catalina.core.StandardService startInternal
INFORMAÇÕES: Starting service Catalina
mai 24, 2019 3:39:57 PM org.apache.catalina.core.StandardEngine startInternal
INFORMAÇÕES: Starting Servlet Engine: Apache Tomcat/7.0.53
mai 24, 2019 3:39:57 PM org.apache.catalina.startup.HostConfig deployDirectory
INFORMAÇÕES: Deploying web application directory /home/matheus/Área de Trabalho/1º Semestre 2019/POC II/WebRatioMobilePlatformCommunityEdition_8.10.3.Linux/Tomcat/webapps/manager
mai 24, 2019 3:39:58 PM org.apache.catalina.startup.HostConfig deployDirectory
INFORMAÇÕES: Deploying web application directory /home/matheus/Área de Trabalho/1º Semestre 2019/POC II/WebRatioMobilePlatformCommunityEdition_8.10.3.Linux/Tomcat/webapps/docs
mai 24, 2019 3:39:58 PM org.apache.catalina.startup.HostConfig deployDirectory
INFORMAÇÕES: Deploying web application directory /home/matheus/Área de Trabalho/1º Semestre 2019/POC II/WebRatioMobilePlatformCommunityEdition_8.10.3.Linux/Tomcat/webapps/examples
mai 24, 2019 3:39:58 PM org.apache.catalina.startup.HostConfig deployDirectory
INFORMAÇÕES: Deploying web application directory /home/matheus/Área de Trabalho/1º Semestre 2019/POC II/WebRatioMobilePlatformCommunityEdition_8.10.3.Linux/Tomcat/webapps/ROOT
mai 24, 2019 3:39:58 PM org.apache.catalina.startup.HostConfig deployDirectory
INFORMAÇÕES: Deploying web application directory /home/matheus/Área de Trabalho/1º Semestre 2019/POC II/WebRatioMobilePlatformCommunityEdition_8.10.3.Linux/Tomcat/webapps/Data
mai 24, 2019 3:40:02 PM org.apache.catalina.startup.HostConfig deployDirectory
INFORMAÇÕES: Deploying web application directory /home/matheus/Área de Trabalho/1º Semestre 2019/POC II/WebRatioMobilePlatformCommunityEdition_8.10.3.Linux/Tomcat/webapps/host-manager
mai 24, 2019 3:40:02 PM org.apache.coyote.AbstractProtocol start
INFORMAÇÕES: Starting ProtocolHandler ["http-bio-8080"]
mai 24, 2019 3:40:02 PM org.apache.coyote.AbstractProtocol start
INFORMAÇÕES: Starting ProtocolHandler ["http-bio-8443"]
mai 24, 2019 3:40:02 PM org.apache.coyote.AbstractProtocol start
INFORMAÇÕES: Starting ProtocolHandler ["ajp-bio-8009"]
mai 24, 2019 3:40:02 PM org.apache.catalina.startup.Catalina start
INFORMAÇÕES: Server startup in 5128 ms
mai 24, 2019 4:33:10 PM org.apache.catalina.loader.WebappClassLoader loadClass
INFORMAÇÕES: Illegal access: this web application instance has been stopped already.  Could not load net.sf.ehcache.store.disk.Segment$1.  The eventual following stack trace is caused by an error thrown for debugging purposes as well as to attempt to terminate the thread which caused the illegal access, and has no functional impact.
java.lang.IllegalStateException
	at org.apache.catalina.loader.WebappClassLoader.loadClass(WebappClassLoader.java:1612)
	at org.apache.catalina.loader.WebappClassLoader.loadClass(WebappClassLoader.java:1571)
	at net.sf.ehcache.store.disk.Segment$HashIterator.<init>(Segment.java:1086)
	at net.sf.ehcache.store.disk.Segment.hashIterator(Segment.java:951)
	at net.sf.ehcache.store.disk.DiskStore$HashIterator.hasNext(DiskStore.java:1019)
	at net.sf.ehcache.store.disk.DiskStorageFactory$DiskExpiryTask.run(DiskStorageFactory.java:817)
	at java.util.concurrent.Executors$RunnableAdapter.call(Executors.java:511)
	at java.util.concurrent.FutureTask.runAndReset(FutureTask.java:308)
	at java.util.concurrent.ScheduledThreadPoolExecutor$ScheduledFutureTask.access$301(ScheduledThreadPoolExecutor.java:180)
	at java.util.concurrent.ScheduledThreadPoolExecutor$ScheduledFutureTask.run(ScheduledThreadPoolExecutor.java:294)
	at java.util.concurrent.ThreadPoolExecutor.runWorker(ThreadPoolExecutor.java:1149)
	at java.util.concurrent.ThreadPoolExecutor$Worker.run(ThreadPoolExecutor.java:624)
	at java.lang.Thread.run(Thread.java:748)

mai 24, 2019 4:52:39 PM org.apache.catalina.core.StandardServer await
INFORMAÇÕES: A valid shutdown command was received via the shutdown port. Stopping the Server instance.
mai 24, 2019 4:52:39 PM org.apache.coyote.AbstractProtocol pause
INFORMAÇÕES: Pausing ProtocolHandler ["http-bio-8080"]
mai 24, 2019 4:52:39 PM org.apache.coyote.AbstractProtocol pause
INFORMAÇÕES: Pausing ProtocolHandler ["http-bio-8443"]
mai 24, 2019 4:52:39 PM org.apache.coyote.AbstractProtocol pause
INFORMAÇÕES: Pausing ProtocolHandler ["ajp-bio-8009"]
mai 24, 2019 4:52:39 PM org.apache.catalina.core.StandardService stopInternal
INFORMAÇÕES: Stopping service Catalina
mai 24, 2019 4:52:39 PM org.apache.catalina.loader.WebappClassLoader clearReferencesJdbc
GRAVE: The web application [/Data] registered the JDBC driver [com.mysql.jdbc.Driver] but failed to unregister it when the web application was stopped. To prevent a memory leak, the JDBC Driver has been forcibly unregistered.
mai 24, 2019 4:52:39 PM org.apache.catalina.loader.WebappClassLoader clearReferencesThreads
GRAVE: The web application [/Data] appears to have started a thread named [Abandoned connection cleanup thread] but has failed to stop it. This is very likely to create a memory leak.
mai 24, 2019 4:52:39 PM org.apache.catalina.loader.WebappClassLoader clearReferencesThreads
GRAVE: The web application [/Data] appears to have started a thread named [__DEFAULT__] but has failed to stop it. This is very likely to create a memory leak.
mai 24, 2019 4:52:39 PM org.apache.catalina.loader.WebappClassLoader clearReferencesThreads
GRAVE: The web application [/Data] appears to have started a thread named [data%0043ache.data] but has failed to stop it. This is very likely to create a memory leak.
mai 24, 2019 4:52:39 PM org.apache.catalina.loader.WebappClassLoader clearReferencesThreads
GRAVE: The web application [/Data] appears to have started a thread named [Statistics Thread-__DEFAULT__-1] but has failed to stop it. This is very likely to create a memory leak.
mai 24, 2019 4:52:39 PM org.apache.catalina.loader.WebappClassLoader clearReferencesThreads
GRAVE: The web application [/Data] appears to have started a thread named [deleted%004fbject%0049ds%0043ache.data] but has failed to stop it. This is very likely to create a memory leak.
mai 24, 2019 4:52:39 PM org.apache.catalina.loader.WebappClassLoader clearReferencesThreads
GRAVE: The web application [/Data] appears to have started a thread named [checksums%0043ache.data] but has failed to stop it. This is very likely to create a memory leak.
mai 24, 2019 4:52:39 PM org.apache.catalina.loader.WebappClassLoader checkThreadLocalMapForLeaks
GRAVE: The web application [/Data] created a ThreadLocal with key of type [net.sf.ehcache.util.concurrent.Striped64.ThreadHashCode] (value [net.sf.ehcache.util.concurrent.Striped64$ThreadHashCode@53ae77ca]) and a value of type [net.sf.ehcache.util.concurrent.Striped64.HashCode] (value [net.sf.ehcache.util.concurrent.Striped64$HashCode@6b135816]) but failed to remove it when the web application was stopped. Threads are going to be renewed over time to try and avoid a probable memory leak.
mai 24, 2019 4:52:39 PM org.apache.catalina.loader.WebappClassLoader checkThreadLocalMapForLeaks
GRAVE: The web application [/Data] created a ThreadLocal with key of type [net.sf.ehcache.util.concurrent.Striped64.ThreadHashCode] (value [net.sf.ehcache.util.concurrent.Striped64$ThreadHashCode@53ae77ca]) and a value of type [net.sf.ehcache.util.concurrent.Striped64.HashCode] (value [net.sf.ehcache.util.concurrent.Striped64$HashCode@7e18a60b]) but failed to remove it when the web application was stopped. Threads are going to be renewed over time to try and avoid a probable memory leak.
mai 24, 2019 4:52:39 PM org.apache.catalina.loader.WebappClassLoader checkThreadLocalMapForLeaks
GRAVE: The web application [/Data] created a ThreadLocal with key of type [net.sf.ehcache.util.concurrent.Striped64.ThreadHashCode] (value [net.sf.ehcache.util.concurrent.Striped64$ThreadHashCode@53ae77ca]) and a value of type [net.sf.ehcache.util.concurrent.Striped64.HashCode] (value [net.sf.ehcache.util.concurrent.Striped64$HashCode@fba8236]) but failed to remove it when the web application was stopped. Threads are going to be renewed over time to try and avoid a probable memory leak.
mai 24, 2019 4:52:39 PM org.apache.catalina.loader.WebappClassLoader checkThreadLocalMapForLeaks
GRAVE: The web application [/Data] created a ThreadLocal with key of type [net.sf.ehcache.util.concurrent.Striped64.ThreadHashCode] (value [net.sf.ehcache.util.concurrent.Striped64$ThreadHashCode@53ae77ca]) and a value of type [net.sf.ehcache.util.concurrent.Striped64.HashCode] (value [net.sf.ehcache.util.concurrent.Striped64$HashCode@110477ec]) but failed to remove it when the web application was stopped. Threads are going to be renewed over time to try and avoid a probable memory leak.
mai 24, 2019 4:52:39 PM org.apache.catalina.loader.WebappClassLoader checkThreadLocalMapForLeaks
GRAVE: The web application [/Data] created a ThreadLocal with key of type [net.sf.ehcache.util.concurrent.Striped64.ThreadHashCode] (value [net.sf.ehcache.util.concurrent.Striped64$ThreadHashCode@53ae77ca]) and a value of type [net.sf.ehcache.util.concurrent.Striped64.HashCode] (value [net.sf.ehcache.util.concurrent.Striped64$HashCode@be79e7d]) but failed to remove it when the web application was stopped. Threads are going to be renewed over time to try and avoid a probable memory leak.
mai 24, 2019 4:52:39 PM org.apache.catalina.loader.WebappClassLoader checkThreadLocalMapForLeaks
GRAVE: The web application [/Data] created a ThreadLocal with key of type [net.sf.ehcache.util.concurrent.Striped64.ThreadHashCode] (value [net.sf.ehcache.util.concurrent.Striped64$ThreadHashCode@53ae77ca]) and a value of type [net.sf.ehcache.util.concurrent.Striped64.HashCode] (value [net.sf.ehcache.util.concurrent.Striped64$HashCode@30f459f4]) but failed to remove it when the web application was stopped. Threads are going to be renewed over time to try and avoid a probable memory leak.
mai 24, 2019 4:52:39 PM org.apache.catalina.loader.WebappClassLoader checkThreadLocalMapForLeaks
GRAVE: The web application [/Data] created a ThreadLocal with key of type [net.sf.ehcache.util.concurrent.Striped64.ThreadHashCode] (value [net.sf.ehcache.util.concurrent.Striped64$ThreadHashCode@53ae77ca]) and a value of type [net.sf.ehcache.util.concurrent.Striped64.HashCode] (value [net.sf.ehcache.util.concurrent.Striped64$HashCode@6b04d6ee]) but failed to remove it when the web application was stopped. Threads are going to be renewed over time to try and avoid a probable memory leak.
mai 24, 2019 4:52:39 PM org.apache.catalina.loader.WebappClassLoader checkThreadLocalMapForLeaks
GRAVE: The web application [/Data] created a ThreadLocal with key of type [net.sf.ehcache.util.concurrent.Striped64.ThreadHashCode] (value [net.sf.ehcache.util.concurrent.Striped64$ThreadHashCode@53ae77ca]) and a value of type [net.sf.ehcache.util.concurrent.Striped64.HashCode] (value [net.sf.ehcache.util.concurrent.Striped64$HashCode@598d6775]) but failed to remove it when the web application was stopped. Threads are going to be renewed over time to try and avoid a probable memory leak.
mai 24, 2019 4:52:39 PM org.apache.catalina.loader.WebappClassLoader checkThreadLocalMapForLeaks
GRAVE: The web application [/Data] created a ThreadLocal with key of type [net.sf.ehcache.util.concurrent.Striped64.ThreadHashCode] (value [net.sf.ehcache.util.concurrent.Striped64$ThreadHashCode@53ae77ca]) and a value of type [net.sf.ehcache.util.concurrent.Striped64.HashCode] (value [net.sf.ehcache.util.concurrent.Striped64$HashCode@6e2e1e4f]) but failed to remove it when the web application was stopped. Threads are going to be renewed over time to try and avoid a probable memory leak.
mai 24, 2019 4:52:39 PM org.apache.catalina.loader.WebappClassLoader checkThreadLocalMapForLeaks
GRAVE: The web application [/Data] created a ThreadLocal with key of type [net.sf.ehcache.util.concurrent.Striped64.ThreadHashCode] (value [net.sf.ehcache.util.concurrent.Striped64$ThreadHashCode@53ae77ca]) and a value of type [net.sf.ehcache.util.concurrent.Striped64.HashCode] (value [net.sf.ehcache.util.concurrent.Striped64$HashCode@7c07d187]) but failed to remove it when the web application was stopped. Threads are going to be renewed over time to try and avoid a probable memory leak.
mai 24, 2019 4:52:39 PM org.apache.coyote.AbstractProtocol stop
INFORMAÇÕES: Stopping ProtocolHandler ["http-bio-8080"]
mai 24, 2019 4:52:39 PM org.apache.coyote.AbstractProtocol stop
INFORMAÇÕES: Stopping ProtocolHandler ["http-bio-8443"]
mai 24, 2019 4:52:39 PM org.apache.coyote.AbstractProtocol stop
INFORMAÇÕES: Stopping ProtocolHandler ["ajp-bio-8009"]
mai 24, 2019 4:52:39 PM org.apache.coyote.AbstractProtocol destroy
INFORMAÇÕES: Destroying ProtocolHandler ["http-bio-8080"]
mai 24, 2019 4:52:39 PM org.apache.coyote.AbstractProtocol destroy
INFORMAÇÕES: Destroying ProtocolHandler ["http-bio-8443"]
mai 24, 2019 4:52:39 PM org.apache.coyote.AbstractProtocol destroy
INFORMAÇÕES: Destroying ProtocolHandler ["ajp-bio-8009"]
mai 24, 2019 4:52:41 PM org.apache.catalina.core.AprLifecycleListener init
INFORMAÇÕES: The APR based Apache Tomcat Native library which allows optimal performance in production environments was not found on the java.library.path: /usr/java/packages/lib/amd64:/usr/lib64:/lib64:/lib:/usr/lib
mai 24, 2019 4:52:42 PM org.apache.coyote.AbstractProtocol init
INFORMAÇÕES: Initializing ProtocolHandler ["http-bio-8080"]
mai 24, 2019 4:52:42 PM org.apache.coyote.AbstractProtocol init
INFORMAÇÕES: Initializing ProtocolHandler ["http-bio-8443"]
mai 24, 2019 4:52:42 PM org.apache.coyote.AbstractProtocol init
INFORMAÇÕES: Initializing ProtocolHandler ["ajp-bio-8009"]
mai 24, 2019 4:52:42 PM org.apache.catalina.startup.Catalina load
INFORMAÇÕES: Initialization processed in 843 ms
mai 24, 2019 4:52:42 PM org.apache.catalina.core.StandardService startInternal
INFORMAÇÕES: Starting service Catalina
mai 24, 2019 4:52:42 PM org.apache.catalina.core.StandardEngine startInternal
INFORMAÇÕES: Starting Servlet Engine: Apache Tomcat/7.0.53
mai 24, 2019 4:52:42 PM org.apache.catalina.startup.HostConfig deployDirectory
INFORMAÇÕES: Deploying web application directory /home/matheus/Área de Trabalho/1º Semestre 2019/POC II/WebRatioMobilePlatformCommunityEdition_8.10.3.Linux/Tomcat/webapps/manager
mai 24, 2019 4:52:42 PM org.apache.catalina.startup.HostConfig deployDirectory
INFORMAÇÕES: Deploying web application directory /home/matheus/Área de Trabalho/1º Semestre 2019/POC II/WebRatioMobilePlatformCommunityEdition_8.10.3.Linux/Tomcat/webapps/docs
mai 24, 2019 4:52:42 PM org.apache.catalina.startup.HostConfig deployDirectory
INFORMAÇÕES: Deploying web application directory /home/matheus/Área de Trabalho/1º Semestre 2019/POC II/WebRatioMobilePlatformCommunityEdition_8.10.3.Linux/Tomcat/webapps/examples
mai 24, 2019 4:52:43 PM org.apache.catalina.startup.HostConfig deployDirectory
INFORMAÇÕES: Deploying web application directory /home/matheus/Área de Trabalho/1º Semestre 2019/POC II/WebRatioMobilePlatformCommunityEdition_8.10.3.Linux/Tomcat/webapps/ROOT
mai 24, 2019 4:52:43 PM org.apache.catalina.startup.HostConfig deployDirectory
INFORMAÇÕES: Deploying web application directory /home/matheus/Área de Trabalho/1º Semestre 2019/POC II/WebRatioMobilePlatformCommunityEdition_8.10.3.Linux/Tomcat/webapps/Data
mai 24, 2019 4:52:47 PM org.apache.catalina.startup.HostConfig deployDirectory
INFORMAÇÕES: Deploying web application directory /home/matheus/Área de Trabalho/1º Semestre 2019/POC II/WebRatioMobilePlatformCommunityEdition_8.10.3.Linux/Tomcat/webapps/host-manager
mai 24, 2019 4:52:47 PM org.apache.coyote.AbstractProtocol start
INFORMAÇÕES: Starting ProtocolHandler ["http-bio-8080"]
mai 24, 2019 4:52:47 PM org.apache.coyote.AbstractProtocol start
INFORMAÇÕES: Starting ProtocolHandler ["http-bio-8443"]
mai 24, 2019 4:52:47 PM org.apache.coyote.AbstractProtocol start
INFORMAÇÕES: Starting ProtocolHandler ["ajp-bio-8009"]
mai 24, 2019 4:52:47 PM org.apache.catalina.startup.Catalina start
INFORMAÇÕES: Server startup in 5341 ms
mai 24, 2019 4:53:45 PM org.apache.catalina.loader.WebappClassLoader loadClass
INFORMAÇÕES: Illegal access: this web application instance has been stopped already.  Could not load net.sf.ehcache.store.disk.Segment$1.  The eventual following stack trace is caused by an error thrown for debugging purposes as well as to attempt to terminate the thread which caused the illegal access, and has no functional impact.
java.lang.IllegalStateException
	at org.apache.catalina.loader.WebappClassLoader.loadClass(WebappClassLoader.java:1612)
	at org.apache.catalina.loader.WebappClassLoader.loadClass(WebappClassLoader.java:1571)
	at net.sf.ehcache.store.disk.Segment$HashIterator.<init>(Segment.java:1086)
	at net.sf.ehcache.store.disk.Segment.hashIterator(Segment.java:951)
	at net.sf.ehcache.store.disk.DiskStore$HashIterator.<init>(DiskStore.java:999)
	at net.sf.ehcache.store.disk.DiskStore$KeyIterator.<init>(DiskStore.java:1064)
	at net.sf.ehcache.store.disk.DiskStore$KeyIterator.<init>(DiskStore.java:1064)
	at net.sf.ehcache.store.disk.DiskStore$KeySet.iterator(DiskStore.java:910)
	at net.sf.ehcache.store.disk.DiskStorageFactory$DiskExpiryTask.run(DiskStorageFactory.java:817)
	at java.util.concurrent.Executors$RunnableAdapter.call(Executors.java:511)
	at java.util.concurrent.FutureTask.runAndReset(FutureTask.java:308)
	at java.util.concurrent.ScheduledThreadPoolExecutor$ScheduledFutureTask.access$301(ScheduledThreadPoolExecutor.java:180)
	at java.util.concurrent.ScheduledThreadPoolExecutor$ScheduledFutureTask.run(ScheduledThreadPoolExecutor.java:294)
	at java.util.concurrent.ThreadPoolExecutor.runWorker(ThreadPoolExecutor.java:1149)
	at java.util.concurrent.ThreadPoolExecutor$Worker.run(ThreadPoolExecutor.java:624)
	at java.lang.Thread.run(Thread.java:748)

mai 24, 2019 4:58:17 PM org.apache.catalina.startup.HostConfig reload
INFORMAÇÕES: Reloading context [/Data]
mai 24, 2019 4:58:17 PM org.apache.catalina.core.StandardContext reload
INFORMAÇÕES: Reloading Context with name [/Data] has started
mai 24, 2019 4:58:18 PM org.apache.catalina.loader.WebappClassLoader clearReferencesJdbc
GRAVE: The web application [/Data] registered the JDBC driver [com.mysql.jdbc.Driver] but failed to unregister it when the web application was stopped. To prevent a memory leak, the JDBC Driver has been forcibly unregistered.
mai 24, 2019 4:58:18 PM org.apache.catalina.loader.WebappClassLoader clearReferencesThreads
GRAVE: The web application [/Data] appears to have started a thread named [Abandoned connection cleanup thread] but has failed to stop it. This is very likely to create a memory leak.
mai 24, 2019 4:58:18 PM org.apache.catalina.loader.WebappClassLoader clearReferencesThreads
GRAVE: The web application [/Data] appears to have started a thread named [__DEFAULT__] but has failed to stop it. This is very likely to create a memory leak.
mai 24, 2019 4:58:18 PM org.apache.catalina.loader.WebappClassLoader clearReferencesThreads
GRAVE: The web application [/Data] appears to have started a thread named [data%0043ache.data] but has failed to stop it. This is very likely to create a memory leak.
mai 24, 2019 4:58:18 PM org.apache.catalina.loader.WebappClassLoader clearReferencesThreads
GRAVE: The web application [/Data] appears to have started a thread named [Statistics Thread-__DEFAULT__-1] but has failed to stop it. This is very likely to create a memory leak.
mai 24, 2019 4:58:18 PM org.apache.catalina.loader.WebappClassLoader clearReferencesThreads
GRAVE: The web application [/Data] appears to have started a thread named [deleted%004fbject%0049ds%0043ache.data] but has failed to stop it. This is very likely to create a memory leak.
mai 24, 2019 4:58:18 PM org.apache.catalina.loader.WebappClassLoader clearReferencesThreads
GRAVE: The web application [/Data] appears to have started a thread named [checksums%0043ache.data] but has failed to stop it. This is very likely to create a memory leak.
mai 24, 2019 4:58:20 PM org.apache.catalina.loader.WebappClassLoader loadClass
INFORMAÇÕES: Illegal access: this web application instance has been stopped already.  Could not load net.sf.ehcache.util.concurrent.ConcurrentHashMap$ValueIterator.  The eventual following stack trace is caused by an error thrown for debugging purposes as well as to attempt to terminate the thread which caused the illegal access, and has no functional impact.
java.lang.IllegalStateException
	at org.apache.catalina.loader.WebappClassLoader.loadClass(WebappClassLoader.java:1612)
	at org.apache.catalina.loader.WebappClassLoader.loadClass(WebappClassLoader.java:1571)
	at net.sf.ehcache.util.concurrent.ConcurrentHashMap$ValuesView.iterator(ConcurrentHashMap.java:3252)
	at net.sf.ehcache.statistics.extended.ExtendedStatisticsImpl$1.run(ExtendedStatisticsImpl.java:104)
	at java.util.concurrent.Executors$RunnableAdapter.call(Executors.java:511)
	at java.util.concurrent.FutureTask.runAndReset(FutureTask.java:308)
	at java.util.concurrent.ScheduledThreadPoolExecutor$ScheduledFutureTask.access$301(ScheduledThreadPoolExecutor.java:180)
	at java.util.concurrent.ScheduledThreadPoolExecutor$ScheduledFutureTask.run(ScheduledThreadPoolExecutor.java:294)
	at java.util.concurrent.ThreadPoolExecutor.runWorker(ThreadPoolExecutor.java:1149)
	at java.util.concurrent.ThreadPoolExecutor$Worker.run(ThreadPoolExecutor.java:624)
	at java.lang.Thread.run(Thread.java:748)

mai 24, 2019 4:58:21 PM org.apache.catalina.core.StandardServer await
INFORMAÇÕES: A valid shutdown command was received via the shutdown port. Stopping the Server instance.
mai 24, 2019 4:58:21 PM org.apache.coyote.AbstractProtocol pause
INFORMAÇÕES: Pausing ProtocolHandler ["http-bio-8080"]
mai 24, 2019 4:58:21 PM org.apache.coyote.AbstractProtocol pause
INFORMAÇÕES: Pausing ProtocolHandler ["http-bio-8443"]
mai 24, 2019 4:58:21 PM org.apache.coyote.AbstractProtocol pause
INFORMAÇÕES: Pausing ProtocolHandler ["ajp-bio-8009"]
mai 24, 2019 4:58:21 PM org.apache.catalina.core.StandardService stopInternal
INFORMAÇÕES: Stopping service Catalina
mai 24, 2019 4:58:22 PM org.apache.catalina.core.StandardContext reload
INFORMAÇÕES: Reloading Context with name [/Data] is completed
mai 24, 2019 4:58:23 PM org.apache.catalina.loader.WebappClassLoader clearReferencesJdbc
GRAVE: The web application [/Data] registered the JDBC driver [com.mysql.jdbc.Driver] but failed to unregister it when the web application was stopped. To prevent a memory leak, the JDBC Driver has been forcibly unregistered.
mai 24, 2019 4:58:23 PM org.apache.catalina.loader.WebappClassLoader clearReferencesThreads
GRAVE: The web application [/Data] appears to have started a thread named [Abandoned connection cleanup thread] but has failed to stop it. This is very likely to create a memory leak.
mai 24, 2019 4:58:23 PM org.apache.coyote.AbstractProtocol stop
INFORMAÇÕES: Stopping ProtocolHandler ["http-bio-8080"]
mai 24, 2019 4:58:23 PM org.apache.coyote.AbstractProtocol stop
INFORMAÇÕES: Stopping ProtocolHandler ["http-bio-8443"]
mai 24, 2019 4:58:23 PM org.apache.coyote.AbstractProtocol stop
INFORMAÇÕES: Stopping ProtocolHandler ["ajp-bio-8009"]
mai 24, 2019 4:58:23 PM org.apache.coyote.AbstractProtocol destroy
INFORMAÇÕES: Destroying ProtocolHandler ["http-bio-8080"]
mai 24, 2019 4:58:23 PM org.apache.coyote.AbstractProtocol destroy
INFORMAÇÕES: Destroying ProtocolHandler ["http-bio-8443"]
mai 24, 2019 4:58:23 PM org.apache.coyote.AbstractProtocol destroy
INFORMAÇÕES: Destroying ProtocolHandler ["ajp-bio-8009"]
mai 24, 2019 4:58:24 PM org.apache.catalina.core.AprLifecycleListener init
INFORMAÇÕES: The APR based Apache Tomcat Native library which allows optimal performance in production environments was not found on the java.library.path: /usr/java/packages/lib/amd64:/usr/lib64:/lib64:/lib:/usr/lib
mai 24, 2019 4:58:24 PM org.apache.coyote.AbstractProtocol init
INFORMAÇÕES: Initializing ProtocolHandler ["http-bio-8080"]
mai 24, 2019 4:58:24 PM org.apache.coyote.AbstractProtocol init
INFORMAÇÕES: Initializing ProtocolHandler ["http-bio-8443"]
mai 24, 2019 4:58:25 PM org.apache.coyote.AbstractProtocol init
INFORMAÇÕES: Initializing ProtocolHandler ["ajp-bio-8009"]
mai 24, 2019 4:58:25 PM org.apache.catalina.startup.Catalina load
INFORMAÇÕES: Initialization processed in 758 ms
mai 24, 2019 4:58:25 PM org.apache.catalina.core.StandardService startInternal
INFORMAÇÕES: Starting service Catalina
mai 24, 2019 4:58:25 PM org.apache.catalina.core.StandardEngine startInternal
INFORMAÇÕES: Starting Servlet Engine: Apache Tomcat/7.0.53
mai 24, 2019 4:58:25 PM org.apache.catalina.startup.HostConfig deployDirectory
INFORMAÇÕES: Deploying web application directory /home/matheus/Área de Trabalho/1º Semestre 2019/POC II/WebRatioMobilePlatformCommunityEdition_8.10.3.Linux/Tomcat/webapps/manager
mai 24, 2019 4:58:25 PM org.apache.catalina.startup.HostConfig deployDirectory
INFORMAÇÕES: Deploying web application directory /home/matheus/Área de Trabalho/1º Semestre 2019/POC II/WebRatioMobilePlatformCommunityEdition_8.10.3.Linux/Tomcat/webapps/docs
mai 24, 2019 4:58:25 PM org.apache.catalina.startup.HostConfig deployDirectory
INFORMAÇÕES: Deploying web application directory /home/matheus/Área de Trabalho/1º Semestre 2019/POC II/WebRatioMobilePlatformCommunityEdition_8.10.3.Linux/Tomcat/webapps/examples
mai 24, 2019 4:58:25 PM org.apache.catalina.startup.HostConfig deployDirectory
INFORMAÇÕES: Deploying web application directory /home/matheus/Área de Trabalho/1º Semestre 2019/POC II/WebRatioMobilePlatformCommunityEdition_8.10.3.Linux/Tomcat/webapps/ROOT
mai 24, 2019 4:58:25 PM org.apache.catalina.startup.HostConfig deployDirectory
INFORMAÇÕES: Deploying web application directory /home/matheus/Área de Trabalho/1º Semestre 2019/POC II/WebRatioMobilePlatformCommunityEdition_8.10.3.Linux/Tomcat/webapps/Data
mai 24, 2019 4:58:30 PM org.apache.catalina.startup.HostConfig deployDirectory
INFORMAÇÕES: Deploying web application directory /home/matheus/Área de Trabalho/1º Semestre 2019/POC II/WebRatioMobilePlatformCommunityEdition_8.10.3.Linux/Tomcat/webapps/host-manager
mai 24, 2019 4:58:30 PM org.apache.coyote.AbstractProtocol start
INFORMAÇÕES: Starting ProtocolHandler ["http-bio-8080"]
mai 24, 2019 4:58:30 PM org.apache.coyote.AbstractProtocol start
INFORMAÇÕES: Starting ProtocolHandler ["http-bio-8443"]
mai 24, 2019 4:58:30 PM org.apache.coyote.AbstractProtocol start
INFORMAÇÕES: Starting ProtocolHandler ["ajp-bio-8009"]
mai 24, 2019 4:58:30 PM org.apache.catalina.startup.Catalina start
INFORMAÇÕES: Server startup in 5132 ms
mai 24, 2019 5:45:51 PM org.apache.catalina.core.StandardServer await
INFORMAÇÕES: A valid shutdown command was received via the shutdown port. Stopping the Server instance.
mai 24, 2019 5:45:51 PM org.apache.coyote.AbstractProtocol pause
INFORMAÇÕES: Pausing ProtocolHandler ["http-bio-8080"]
mai 24, 2019 5:45:51 PM org.apache.coyote.AbstractProtocol pause
INFORMAÇÕES: Pausing ProtocolHandler ["http-bio-8443"]
mai 24, 2019 5:45:51 PM org.apache.coyote.AbstractProtocol pause
INFORMAÇÕES: Pausing ProtocolHandler ["ajp-bio-8009"]
mai 24, 2019 5:45:51 PM org.apache.catalina.core.StandardService stopInternal
INFORMAÇÕES: Stopping service Catalina
mai 24, 2019 5:45:52 PM org.apache.catalina.loader.WebappClassLoader clearReferencesJdbc
GRAVE: The web application [/Data] registered the JDBC driver [com.mysql.jdbc.Driver] but failed to unregister it when the web application was stopped. To prevent a memory leak, the JDBC Driver has been forcibly unregistered.
mai 24, 2019 5:45:52 PM org.apache.catalina.loader.WebappClassLoader clearReferencesThreads
GRAVE: The web application [/Data] appears to have started a thread named [Abandoned connection cleanup thread] but has failed to stop it. This is very likely to create a memory leak.
mai 24, 2019 5:45:52 PM org.apache.catalina.loader.WebappClassLoader clearReferencesThreads
GRAVE: The web application [/Data] appears to have started a thread named [__DEFAULT__] but has failed to stop it. This is very likely to create a memory leak.
mai 24, 2019 5:45:52 PM org.apache.catalina.loader.WebappClassLoader clearReferencesThreads
GRAVE: The web application [/Data] appears to have started a thread named [data%0043ache.data] but has failed to stop it. This is very likely to create a memory leak.
mai 24, 2019 5:45:52 PM org.apache.catalina.loader.WebappClassLoader clearReferencesThreads
GRAVE: The web application [/Data] appears to have started a thread named [Statistics Thread-__DEFAULT__-1] but has failed to stop it. This is very likely to create a memory leak.
mai 24, 2019 5:45:52 PM org.apache.catalina.loader.WebappClassLoader clearReferencesThreads
GRAVE: The web application [/Data] appears to have started a thread named [deleted%004fbject%0049ds%0043ache.data] but has failed to stop it. This is very likely to create a memory leak.
mai 24, 2019 5:45:52 PM org.apache.catalina.loader.WebappClassLoader clearReferencesThreads
GRAVE: The web application [/Data] appears to have started a thread named [checksums%0043ache.data] but has failed to stop it. This is very likely to create a memory leak.
mai 24, 2019 5:45:52 PM org.apache.catalina.loader.WebappClassLoader checkThreadLocalMapForLeaks
GRAVE: The web application [/Data] created a ThreadLocal with key of type [net.sf.ehcache.util.concurrent.Striped64.ThreadHashCode] (value [net.sf.ehcache.util.concurrent.Striped64$ThreadHashCode@47e00478]) and a value of type [net.sf.ehcache.util.concurrent.Striped64.HashCode] (value [net.sf.ehcache.util.concurrent.Striped64$HashCode@1d9867ba]) but failed to remove it when the web application was stopped. Threads are going to be renewed over time to try and avoid a probable memory leak.
mai 24, 2019 5:45:52 PM org.apache.catalina.loader.WebappClassLoader checkThreadLocalMapForLeaks
GRAVE: The web application [/Data] created a ThreadLocal with key of type [net.sf.ehcache.util.concurrent.Striped64.ThreadHashCode] (value [net.sf.ehcache.util.concurrent.Striped64$ThreadHashCode@47e00478]) and a value of type [net.sf.ehcache.util.concurrent.Striped64.HashCode] (value [net.sf.ehcache.util.concurrent.Striped64$HashCode@65388cee]) but failed to remove it when the web application was stopped. Threads are going to be renewed over time to try and avoid a probable memory leak.
mai 24, 2019 5:45:52 PM org.apache.catalina.loader.WebappClassLoader checkThreadLocalMapForLeaks
GRAVE: The web application [/Data] created a ThreadLocal with key of type [net.sf.ehcache.util.concurrent.Striped64.ThreadHashCode] (value [net.sf.ehcache.util.concurrent.Striped64$ThreadHashCode@47e00478]) and a value of type [net.sf.ehcache.util.concurrent.Striped64.HashCode] (value [net.sf.ehcache.util.concurrent.Striped64$HashCode@223c97f5]) but failed to remove it when the web application was stopped. Threads are going to be renewed over time to try and avoid a probable memory leak.
mai 24, 2019 5:45:52 PM org.apache.catalina.loader.WebappClassLoader checkThreadLocalMapForLeaks
GRAVE: The web application [/Data] created a ThreadLocal with key of type [net.sf.ehcache.util.concurrent.Striped64.ThreadHashCode] (value [net.sf.ehcache.util.concurrent.Striped64$ThreadHashCode@47e00478]) and a value of type [net.sf.ehcache.util.concurrent.Striped64.HashCode] (value [net.sf.ehcache.util.concurrent.Striped64$HashCode@7c4781bf]) but failed to remove it when the web application was stopped. Threads are going to be renewed over time to try and avoid a probable memory leak.
mai 24, 2019 5:45:52 PM org.apache.catalina.loader.WebappClassLoader checkThreadLocalMapForLeaks
GRAVE: The web application [/Data] created a ThreadLocal with key of type [net.sf.ehcache.util.concurrent.Striped64.ThreadHashCode] (value [net.sf.ehcache.util.concurrent.Striped64$ThreadHashCode@47e00478]) and a value of type [net.sf.ehcache.util.concurrent.Striped64.HashCode] (value [net.sf.ehcache.util.concurrent.Striped64$HashCode@b7a8f3a]) but failed to remove it when the web application was stopped. Threads are going to be renewed over time to try and avoid a probable memory leak.
mai 24, 2019 5:45:52 PM org.apache.catalina.loader.WebappClassLoader checkThreadLocalMapForLeaks
GRAVE: The web application [/Data] created a ThreadLocal with key of type [net.sf.ehcache.util.concurrent.Striped64.ThreadHashCode] (value [net.sf.ehcache.util.concurrent.Striped64$ThreadHashCode@47e00478]) and a value of type [net.sf.ehcache.util.concurrent.Striped64.HashCode] (value [net.sf.ehcache.util.concurrent.Striped64$HashCode@2a043d47]) but failed to remove it when the web application was stopped. Threads are going to be renewed over time to try and avoid a probable memory leak.
mai 24, 2019 5:45:52 PM org.apache.catalina.loader.WebappClassLoader checkThreadLocalMapForLeaks
GRAVE: The web application [/Data] created a ThreadLocal with key of type [net.sf.ehcache.util.concurrent.Striped64.ThreadHashCode] (value [net.sf.ehcache.util.concurrent.Striped64$ThreadHashCode@47e00478]) and a value of type [net.sf.ehcache.util.concurrent.Striped64.HashCode] (value [net.sf.ehcache.util.concurrent.Striped64$HashCode@6c4194cd]) but failed to remove it when the web application was stopped. Threads are going to be renewed over time to try and avoid a probable memory leak.
mai 24, 2019 5:45:52 PM org.apache.catalina.loader.WebappClassLoader checkThreadLocalMapForLeaks
GRAVE: The web application [/Data] created a ThreadLocal with key of type [net.sf.ehcache.util.concurrent.Striped64.ThreadHashCode] (value [net.sf.ehcache.util.concurrent.Striped64$ThreadHashCode@47e00478]) and a value of type [net.sf.ehcache.util.concurrent.Striped64.HashCode] (value [net.sf.ehcache.util.concurrent.Striped64$HashCode@2ccbaa83]) but failed to remove it when the web application was stopped. Threads are going to be renewed over time to try and avoid a probable memory leak.
mai 24, 2019 5:45:52 PM org.apache.catalina.loader.WebappClassLoader checkThreadLocalMapForLeaks
GRAVE: The web application [/Data] created a ThreadLocal with key of type [net.sf.ehcache.util.concurrent.Striped64.ThreadHashCode] (value [net.sf.ehcache.util.concurrent.Striped64$ThreadHashCode@47e00478]) and a value of type [net.sf.ehcache.util.concurrent.Striped64.HashCode] (value [net.sf.ehcache.util.concurrent.Striped64$HashCode@7397e37f]) but failed to remove it when the web application was stopped. Threads are going to be renewed over time to try and avoid a probable memory leak.
mai 24, 2019 5:45:52 PM org.apache.catalina.loader.WebappClassLoader checkThreadLocalMapForLeaks
GRAVE: The web application [/Data] created a ThreadLocal with key of type [net.sf.ehcache.util.concurrent.Striped64.ThreadHashCode] (value [net.sf.ehcache.util.concurrent.Striped64$ThreadHashCode@47e00478]) and a value of type [net.sf.ehcache.util.concurrent.Striped64.HashCode] (value [net.sf.ehcache.util.concurrent.Striped64$HashCode@78f2164f]) but failed to remove it when the web application was stopped. Threads are going to be renewed over time to try and avoid a probable memory leak.
mai 24, 2019 5:45:52 PM org.apache.coyote.AbstractProtocol stop
INFORMAÇÕES: Stopping ProtocolHandler ["http-bio-8080"]
mai 24, 2019 5:45:52 PM org.apache.coyote.AbstractProtocol stop
INFORMAÇÕES: Stopping ProtocolHandler ["http-bio-8443"]
mai 24, 2019 5:45:52 PM org.apache.coyote.AbstractProtocol stop
INFORMAÇÕES: Stopping ProtocolHandler ["ajp-bio-8009"]
mai 24, 2019 5:45:52 PM org.apache.coyote.AbstractProtocol destroy
INFORMAÇÕES: Destroying ProtocolHandler ["http-bio-8080"]
mai 24, 2019 5:45:52 PM org.apache.coyote.AbstractProtocol destroy
INFORMAÇÕES: Destroying ProtocolHandler ["http-bio-8443"]
mai 24, 2019 5:45:52 PM org.apache.coyote.AbstractProtocol destroy
INFORMAÇÕES: Destroying ProtocolHandler ["ajp-bio-8009"]
mai 24, 2019 5:45:53 PM org.apache.catalina.core.AprLifecycleListener init
INFORMAÇÕES: The APR based Apache Tomcat Native library which allows optimal performance in production environments was not found on the java.library.path: /usr/java/packages/lib/amd64:/usr/lib64:/lib64:/lib:/usr/lib
mai 24, 2019 5:45:53 PM org.apache.coyote.AbstractProtocol init
INFORMAÇÕES: Initializing ProtocolHandler ["http-bio-8080"]
mai 24, 2019 5:45:53 PM org.apache.coyote.AbstractProtocol init
INFORMAÇÕES: Initializing ProtocolHandler ["http-bio-8443"]
mai 24, 2019 5:45:54 PM org.apache.coyote.AbstractProtocol init
INFORMAÇÕES: Initializing ProtocolHandler ["ajp-bio-8009"]
mai 24, 2019 5:45:54 PM org.apache.catalina.startup.Catalina load
INFORMAÇÕES: Initialization processed in 765 ms
mai 24, 2019 5:45:54 PM org.apache.catalina.core.StandardService startInternal
INFORMAÇÕES: Starting service Catalina
mai 24, 2019 5:45:54 PM org.apache.catalina.core.StandardEngine startInternal
INFORMAÇÕES: Starting Servlet Engine: Apache Tomcat/7.0.53
mai 24, 2019 5:45:54 PM org.apache.catalina.startup.HostConfig deployDirectory
INFORMAÇÕES: Deploying web application directory /home/matheus/Área de Trabalho/1º Semestre 2019/POC II/WebRatioMobilePlatformCommunityEdition_8.10.3.Linux/Tomcat/webapps/manager
mai 24, 2019 5:45:54 PM org.apache.catalina.startup.HostConfig deployDirectory
INFORMAÇÕES: Deploying web application directory /home/matheus/Área de Trabalho/1º Semestre 2019/POC II/WebRatioMobilePlatformCommunityEdition_8.10.3.Linux/Tomcat/webapps/docs
mai 24, 2019 5:45:54 PM org.apache.catalina.startup.HostConfig deployDirectory
INFORMAÇÕES: Deploying web application directory /home/matheus/Área de Trabalho/1º Semestre 2019/POC II/WebRatioMobilePlatformCommunityEdition_8.10.3.Linux/Tomcat/webapps/examples
mai 24, 2019 5:45:54 PM org.apache.catalina.startup.HostConfig deployDirectory
INFORMAÇÕES: Deploying web application directory /home/matheus/Área de Trabalho/1º Semestre 2019/POC II/WebRatioMobilePlatformCommunityEdition_8.10.3.Linux/Tomcat/webapps/ROOT
mai 24, 2019 5:45:54 PM org.apache.catalina.startup.HostConfig deployDirectory
INFORMAÇÕES: Deploying web application directory /home/matheus/Área de Trabalho/1º Semestre 2019/POC II/WebRatioMobilePlatformCommunityEdition_8.10.3.Linux/Tomcat/webapps/Data
mai 24, 2019 5:45:59 PM org.apache.catalina.startup.HostConfig deployDirectory
INFORMAÇÕES: Deploying web application directory /home/matheus/Área de Trabalho/1º Semestre 2019/POC II/WebRatioMobilePlatformCommunityEdition_8.10.3.Linux/Tomcat/webapps/host-manager
mai 24, 2019 5:45:59 PM org.apache.coyote.AbstractProtocol start
INFORMAÇÕES: Starting ProtocolHandler ["http-bio-8080"]
mai 24, 2019 5:45:59 PM org.apache.coyote.AbstractProtocol start
INFORMAÇÕES: Starting ProtocolHandler ["http-bio-8443"]
mai 24, 2019 5:45:59 PM org.apache.coyote.AbstractProtocol start
INFORMAÇÕES: Starting ProtocolHandler ["ajp-bio-8009"]
mai 24, 2019 5:45:59 PM org.apache.catalina.startup.Catalina start
INFORMAÇÕES: Server startup in 5317 ms
mai 24, 2019 5:50:33 PM org.apache.catalina.core.StandardServer await
INFORMAÇÕES: A valid shutdown command was received via the shutdown port. Stopping the Server instance.
mai 24, 2019 5:50:33 PM org.apache.coyote.AbstractProtocol pause
INFORMAÇÕES: Pausing ProtocolHandler ["http-bio-8080"]
mai 24, 2019 5:50:33 PM org.apache.coyote.AbstractProtocol pause
INFORMAÇÕES: Pausing ProtocolHandler ["http-bio-8443"]
mai 24, 2019 5:50:33 PM org.apache.coyote.AbstractProtocol pause
INFORMAÇÕES: Pausing ProtocolHandler ["ajp-bio-8009"]
mai 24, 2019 5:50:33 PM org.apache.catalina.core.StandardService stopInternal
INFORMAÇÕES: Stopping service Catalina
mai 24, 2019 5:50:34 PM org.apache.catalina.loader.WebappClassLoader clearReferencesJdbc
GRAVE: The web application [/Data] registered the JDBC driver [com.mysql.jdbc.Driver] but failed to unregister it when the web application was stopped. To prevent a memory leak, the JDBC Driver has been forcibly unregistered.
mai 24, 2019 5:50:34 PM org.apache.catalina.loader.WebappClassLoader clearReferencesThreads
GRAVE: The web application [/Data] appears to have started a thread named [Abandoned connection cleanup thread] but has failed to stop it. This is very likely to create a memory leak.
mai 24, 2019 5:50:34 PM org.apache.catalina.loader.WebappClassLoader clearReferencesThreads
GRAVE: The web application [/Data] appears to have started a thread named [__DEFAULT__] but has failed to stop it. This is very likely to create a memory leak.
mai 24, 2019 5:50:34 PM org.apache.catalina.loader.WebappClassLoader clearReferencesThreads
GRAVE: The web application [/Data] appears to have started a thread named [data%0043ache.data] but has failed to stop it. This is very likely to create a memory leak.
mai 24, 2019 5:50:34 PM org.apache.catalina.loader.WebappClassLoader clearReferencesThreads
GRAVE: The web application [/Data] appears to have started a thread named [Statistics Thread-__DEFAULT__-1] but has failed to stop it. This is very likely to create a memory leak.
mai 24, 2019 5:50:34 PM org.apache.catalina.loader.WebappClassLoader clearReferencesThreads
GRAVE: The web application [/Data] appears to have started a thread named [deleted%004fbject%0049ds%0043ache.data] but has failed to stop it. This is very likely to create a memory leak.
mai 24, 2019 5:50:34 PM org.apache.catalina.loader.WebappClassLoader clearReferencesThreads
GRAVE: The web application [/Data] appears to have started a thread named [checksums%0043ache.data] but has failed to stop it. This is very likely to create a memory leak.
mai 24, 2019 5:50:34 PM org.apache.coyote.AbstractProtocol stop
INFORMAÇÕES: Stopping ProtocolHandler ["http-bio-8080"]
mai 24, 2019 5:50:34 PM org.apache.coyote.AbstractProtocol stop
INFORMAÇÕES: Stopping ProtocolHandler ["http-bio-8443"]
mai 24, 2019 5:50:34 PM org.apache.coyote.AbstractProtocol stop
INFORMAÇÕES: Stopping ProtocolHandler ["ajp-bio-8009"]
mai 24, 2019 5:50:34 PM org.apache.coyote.AbstractProtocol destroy
INFORMAÇÕES: Destroying ProtocolHandler ["http-bio-8080"]
mai 24, 2019 5:50:34 PM org.apache.coyote.AbstractProtocol destroy
INFORMAÇÕES: Destroying ProtocolHandler ["http-bio-8443"]
mai 24, 2019 5:50:34 PM org.apache.coyote.AbstractProtocol destroy
INFORMAÇÕES: Destroying ProtocolHandler ["ajp-bio-8009"]
mai 24, 2019 5:50:35 PM org.apache.catalina.core.AprLifecycleListener init
INFORMAÇÕES: The APR based Apache Tomcat Native library which allows optimal performance in production environments was not found on the java.library.path: /usr/java/packages/lib/amd64:/usr/lib64:/lib64:/lib:/usr/lib
mai 24, 2019 5:50:35 PM org.apache.coyote.AbstractProtocol init
INFORMAÇÕES: Initializing ProtocolHandler ["http-bio-8080"]
mai 24, 2019 5:50:35 PM org.apache.coyote.AbstractProtocol init
INFORMAÇÕES: Initializing ProtocolHandler ["http-bio-8443"]
mai 24, 2019 5:50:36 PM org.apache.coyote.AbstractProtocol init
INFORMAÇÕES: Initializing ProtocolHandler ["ajp-bio-8009"]
mai 24, 2019 5:50:36 PM org.apache.catalina.startup.Catalina load
INFORMAÇÕES: Initialization processed in 883 ms
mai 24, 2019 5:50:36 PM org.apache.catalina.core.StandardService startInternal
INFORMAÇÕES: Starting service Catalina
mai 24, 2019 5:50:36 PM org.apache.catalina.core.StandardEngine startInternal
INFORMAÇÕES: Starting Servlet Engine: Apache Tomcat/7.0.53
mai 24, 2019 5:50:36 PM org.apache.catalina.startup.HostConfig deployDirectory
INFORMAÇÕES: Deploying web application directory /home/matheus/Área de Trabalho/1º Semestre 2019/POC II/WebRatioMobilePlatformCommunityEdition_8.10.3.Linux/Tomcat/webapps/manager
mai 24, 2019 5:50:36 PM org.apache.catalina.startup.HostConfig deployDirectory
INFORMAÇÕES: Deploying web application directory /home/matheus/Área de Trabalho/1º Semestre 2019/POC II/WebRatioMobilePlatformCommunityEdition_8.10.3.Linux/Tomcat/webapps/docs
mai 24, 2019 5:50:36 PM org.apache.catalina.startup.HostConfig deployDirectory
INFORMAÇÕES: Deploying web application directory /home/matheus/Área de Trabalho/1º Semestre 2019/POC II/WebRatioMobilePlatformCommunityEdition_8.10.3.Linux/Tomcat/webapps/examples
mai 24, 2019 5:50:36 PM org.apache.catalina.startup.HostConfig deployDirectory
INFORMAÇÕES: Deploying web application directory /home/matheus/Área de Trabalho/1º Semestre 2019/POC II/WebRatioMobilePlatformCommunityEdition_8.10.3.Linux/Tomcat/webapps/ROOT
mai 24, 2019 5:50:36 PM org.apache.catalina.startup.HostConfig deployDirectory
INFORMAÇÕES: Deploying web application directory /home/matheus/Área de Trabalho/1º Semestre 2019/POC II/WebRatioMobilePlatformCommunityEdition_8.10.3.Linux/Tomcat/webapps/Data
mai 24, 2019 5:50:41 PM org.apache.catalina.startup.HostConfig deployDirectory
INFORMAÇÕES: Deploying web application directory /home/matheus/Área de Trabalho/1º Semestre 2019/POC II/WebRatioMobilePlatformCommunityEdition_8.10.3.Linux/Tomcat/webapps/host-manager
mai 24, 2019 5:50:41 PM org.apache.coyote.AbstractProtocol start
INFORMAÇÕES: Starting ProtocolHandler ["http-bio-8080"]
mai 24, 2019 5:50:41 PM org.apache.coyote.AbstractProtocol start
INFORMAÇÕES: Starting ProtocolHandler ["http-bio-8443"]
mai 24, 2019 5:50:41 PM org.apache.coyote.AbstractProtocol start
INFORMAÇÕES: Starting ProtocolHandler ["ajp-bio-8009"]
mai 24, 2019 5:50:41 PM org.apache.catalina.startup.Catalina start
INFORMAÇÕES: Server startup in 5713 ms
mai 24, 2019 5:51:23 PM org.apache.catalina.loader.WebappClassLoader loadClass
INFORMAÇÕES: Illegal access: this web application instance has been stopped already.  Could not load net.sf.ehcache.util.concurrent.ConcurrentHashMap$ValueIterator.  The eventual following stack trace is caused by an error thrown for debugging purposes as well as to attempt to terminate the thread which caused the illegal access, and has no functional impact.
java.lang.IllegalStateException
	at org.apache.catalina.loader.WebappClassLoader.loadClass(WebappClassLoader.java:1612)
	at org.apache.catalina.loader.WebappClassLoader.loadClass(WebappClassLoader.java:1571)
	at net.sf.ehcache.util.concurrent.ConcurrentHashMap$ValuesView.iterator(ConcurrentHashMap.java:3252)
	at net.sf.ehcache.statistics.extended.ExtendedStatisticsImpl$1.run(ExtendedStatisticsImpl.java:104)
	at java.util.concurrent.Executors$RunnableAdapter.call(Executors.java:511)
	at java.util.concurrent.FutureTask.runAndReset(FutureTask.java:308)
	at java.util.concurrent.ScheduledThreadPoolExecutor$ScheduledFutureTask.access$301(ScheduledThreadPoolExecutor.java:180)
	at java.util.concurrent.ScheduledThreadPoolExecutor$ScheduledFutureTask.run(ScheduledThreadPoolExecutor.java:294)
	at java.util.concurrent.ThreadPoolExecutor.runWorker(ThreadPoolExecutor.java:1149)
	at java.util.concurrent.ThreadPoolExecutor$Worker.run(ThreadPoolExecutor.java:624)
	at java.lang.Thread.run(Thread.java:748)

mai 24, 2019 7:39:53 PM org.apache.catalina.core.StandardServer await
INFORMAÇÕES: A valid shutdown command was received via the shutdown port. Stopping the Server instance.
mai 24, 2019 7:39:53 PM org.apache.coyote.AbstractProtocol pause
INFORMAÇÕES: Pausing ProtocolHandler ["http-bio-8080"]
mai 24, 2019 7:39:53 PM org.apache.coyote.AbstractProtocol pause
INFORMAÇÕES: Pausing ProtocolHandler ["http-bio-8443"]
mai 24, 2019 7:39:53 PM org.apache.coyote.AbstractProtocol pause
INFORMAÇÕES: Pausing ProtocolHandler ["ajp-bio-8009"]
mai 24, 2019 7:39:53 PM org.apache.catalina.core.StandardService stopInternal
INFORMAÇÕES: Stopping service Catalina
mai 24, 2019 7:39:54 PM org.apache.catalina.loader.WebappClassLoader clearReferencesJdbc
GRAVE: The web application [/Data] registered the JDBC driver [com.mysql.jdbc.Driver] but failed to unregister it when the web application was stopped. To prevent a memory leak, the JDBC Driver has been forcibly unregistered.
mai 24, 2019 7:39:54 PM org.apache.catalina.loader.WebappClassLoader clearReferencesThreads
GRAVE: The web application [/Data] appears to have started a thread named [Abandoned connection cleanup thread] but has failed to stop it. This is very likely to create a memory leak.
mai 24, 2019 7:39:54 PM org.apache.catalina.loader.WebappClassLoader clearReferencesThreads
GRAVE: The web application [/Data] appears to have started a thread named [__DEFAULT__] but has failed to stop it. This is very likely to create a memory leak.
mai 24, 2019 7:39:54 PM org.apache.catalina.loader.WebappClassLoader clearReferencesThreads
GRAVE: The web application [/Data] appears to have started a thread named [data%0043ache.data] but has failed to stop it. This is very likely to create a memory leak.
mai 24, 2019 7:39:54 PM org.apache.catalina.loader.WebappClassLoader clearReferencesThreads
GRAVE: The web application [/Data] appears to have started a thread named [Statistics Thread-__DEFAULT__-1] but has failed to stop it. This is very likely to create a memory leak.
mai 24, 2019 7:39:54 PM org.apache.catalina.loader.WebappClassLoader clearReferencesThreads
GRAVE: The web application [/Data] appears to have started a thread named [deleted%004fbject%0049ds%0043ache.data] but has failed to stop it. This is very likely to create a memory leak.
mai 24, 2019 7:39:54 PM org.apache.catalina.loader.WebappClassLoader clearReferencesThreads
GRAVE: The web application [/Data] appears to have started a thread named [checksums%0043ache.data] but has failed to stop it. This is very likely to create a memory leak.
mai 24, 2019 7:39:54 PM org.apache.coyote.AbstractProtocol stop
INFORMAÇÕES: Stopping ProtocolHandler ["http-bio-8080"]
mai 24, 2019 7:39:54 PM org.apache.coyote.AbstractProtocol stop
INFORMAÇÕES: Stopping ProtocolHandler ["http-bio-8443"]
mai 24, 2019 7:39:54 PM org.apache.coyote.AbstractProtocol stop
INFORMAÇÕES: Stopping ProtocolHandler ["ajp-bio-8009"]
mai 24, 2019 7:39:54 PM org.apache.coyote.AbstractProtocol destroy
INFORMAÇÕES: Destroying ProtocolHandler ["http-bio-8080"]
mai 24, 2019 7:39:54 PM org.apache.coyote.AbstractProtocol destroy
INFORMAÇÕES: Destroying ProtocolHandler ["http-bio-8443"]
mai 24, 2019 7:39:54 PM org.apache.coyote.AbstractProtocol destroy
INFORMAÇÕES: Destroying ProtocolHandler ["ajp-bio-8009"]
mai 24, 2019 7:39:55 PM org.apache.catalina.core.AprLifecycleListener init
INFORMAÇÕES: The APR based Apache Tomcat Native library which allows optimal performance in production environments was not found on the java.library.path: /usr/java/packages/lib/amd64:/usr/lib64:/lib64:/lib:/usr/lib
mai 24, 2019 7:39:56 PM org.apache.coyote.AbstractProtocol init
INFORMAÇÕES: Initializing ProtocolHandler ["http-bio-8080"]
mai 24, 2019 7:39:56 PM org.apache.coyote.AbstractProtocol init
INFORMAÇÕES: Initializing ProtocolHandler ["http-bio-8443"]
mai 24, 2019 7:39:56 PM org.apache.coyote.AbstractProtocol init
INFORMAÇÕES: Initializing ProtocolHandler ["ajp-bio-8009"]
mai 24, 2019 7:39:56 PM org.apache.catalina.startup.Catalina load
INFORMAÇÕES: Initialization processed in 943 ms
mai 24, 2019 7:39:56 PM org.apache.catalina.core.StandardService startInternal
INFORMAÇÕES: Starting service Catalina
mai 24, 2019 7:39:56 PM org.apache.catalina.core.StandardEngine startInternal
INFORMAÇÕES: Starting Servlet Engine: Apache Tomcat/7.0.53
mai 24, 2019 7:39:56 PM org.apache.catalina.startup.HostConfig deployDirectory
INFORMAÇÕES: Deploying web application directory /home/matheus/Área de Trabalho/1º Semestre 2019/POC II/WebRatioMobilePlatformCommunityEdition_8.10.3.Linux/Tomcat/webapps/manager
mai 24, 2019 7:39:56 PM org.apache.catalina.startup.HostConfig deployDirectory
INFORMAÇÕES: Deploying web application directory /home/matheus/Área de Trabalho/1º Semestre 2019/POC II/WebRatioMobilePlatformCommunityEdition_8.10.3.Linux/Tomcat/webapps/docs
mai 24, 2019 7:39:56 PM org.apache.catalina.startup.HostConfig deployDirectory
INFORMAÇÕES: Deploying web application directory /home/matheus/Área de Trabalho/1º Semestre 2019/POC II/WebRatioMobilePlatformCommunityEdition_8.10.3.Linux/Tomcat/webapps/examples
mai 24, 2019 7:39:57 PM org.apache.catalina.startup.HostConfig deployDirectory
INFORMAÇÕES: Deploying web application directory /home/matheus/Área de Trabalho/1º Semestre 2019/POC II/WebRatioMobilePlatformCommunityEdition_8.10.3.Linux/Tomcat/webapps/ROOT
mai 24, 2019 7:39:57 PM org.apache.catalina.startup.HostConfig deployDirectory
INFORMAÇÕES: Deploying web application directory /home/matheus/Área de Trabalho/1º Semestre 2019/POC II/WebRatioMobilePlatformCommunityEdition_8.10.3.Linux/Tomcat/webapps/Data
mai 24, 2019 7:40:02 PM org.apache.catalina.startup.HostConfig deployDirectory
INFORMAÇÕES: Deploying web application directory /home/matheus/Área de Trabalho/1º Semestre 2019/POC II/WebRatioMobilePlatformCommunityEdition_8.10.3.Linux/Tomcat/webapps/host-manager
mai 24, 2019 7:40:02 PM org.apache.coyote.AbstractProtocol start
INFORMAÇÕES: Starting ProtocolHandler ["http-bio-8080"]
mai 24, 2019 7:40:02 PM org.apache.coyote.AbstractProtocol start
INFORMAÇÕES: Starting ProtocolHandler ["http-bio-8443"]
mai 24, 2019 7:40:02 PM org.apache.coyote.AbstractProtocol start
INFORMAÇÕES: Starting ProtocolHandler ["ajp-bio-8009"]
mai 24, 2019 7:40:02 PM org.apache.catalina.startup.Catalina start
INFORMAÇÕES: Server startup in 5681 ms
mai 24, 2019 7:46:29 PM org.apache.catalina.core.StandardServer await
INFORMAÇÕES: A valid shutdown command was received via the shutdown port. Stopping the Server instance.
mai 24, 2019 7:46:29 PM org.apache.coyote.AbstractProtocol pause
INFORMAÇÕES: Pausing ProtocolHandler ["http-bio-8080"]
mai 24, 2019 7:46:29 PM org.apache.coyote.AbstractProtocol pause
INFORMAÇÕES: Pausing ProtocolHandler ["http-bio-8443"]
mai 24, 2019 7:46:29 PM org.apache.coyote.AbstractProtocol pause
INFORMAÇÕES: Pausing ProtocolHandler ["ajp-bio-8009"]
mai 24, 2019 7:46:29 PM org.apache.catalina.core.StandardService stopInternal
INFORMAÇÕES: Stopping service Catalina
mai 24, 2019 7:46:30 PM org.apache.catalina.loader.WebappClassLoader clearReferencesJdbc
GRAVE: The web application [/Data] registered the JDBC driver [com.mysql.jdbc.Driver] but failed to unregister it when the web application was stopped. To prevent a memory leak, the JDBC Driver has been forcibly unregistered.
mai 24, 2019 7:46:30 PM org.apache.catalina.loader.WebappClassLoader clearReferencesThreads
GRAVE: The web application [/Data] appears to have started a thread named [Abandoned connection cleanup thread] but has failed to stop it. This is very likely to create a memory leak.
mai 24, 2019 7:46:30 PM org.apache.catalina.loader.WebappClassLoader clearReferencesThreads
GRAVE: The web application [/Data] appears to have started a thread named [__DEFAULT__] but has failed to stop it. This is very likely to create a memory leak.
mai 24, 2019 7:46:30 PM org.apache.catalina.loader.WebappClassLoader clearReferencesThreads
GRAVE: The web application [/Data] appears to have started a thread named [data%0043ache.data] but has failed to stop it. This is very likely to create a memory leak.
mai 24, 2019 7:46:30 PM org.apache.catalina.loader.WebappClassLoader clearReferencesThreads
GRAVE: The web application [/Data] appears to have started a thread named [Statistics Thread-__DEFAULT__-1] but has failed to stop it. This is very likely to create a memory leak.
mai 24, 2019 7:46:30 PM org.apache.catalina.loader.WebappClassLoader clearReferencesThreads
GRAVE: The web application [/Data] appears to have started a thread named [deleted%004fbject%0049ds%0043ache.data] but has failed to stop it. This is very likely to create a memory leak.
mai 24, 2019 7:46:30 PM org.apache.catalina.loader.WebappClassLoader clearReferencesThreads
GRAVE: The web application [/Data] appears to have started a thread named [checksums%0043ache.data] but has failed to stop it. This is very likely to create a memory leak.
mai 24, 2019 7:46:30 PM org.apache.catalina.loader.WebappClassLoader checkThreadLocalMapForLeaks
GRAVE: The web application [/Data] created a ThreadLocal with key of type [net.sf.ehcache.util.concurrent.Striped64.ThreadHashCode] (value [net.sf.ehcache.util.concurrent.Striped64$ThreadHashCode@37d2c3c8]) and a value of type [net.sf.ehcache.util.concurrent.Striped64.HashCode] (value [net.sf.ehcache.util.concurrent.Striped64$HashCode@3d2c1de1]) but failed to remove it when the web application was stopped. Threads are going to be renewed over time to try and avoid a probable memory leak.
mai 24, 2019 7:46:30 PM org.apache.coyote.AbstractProtocol stop
INFORMAÇÕES: Stopping ProtocolHandler ["http-bio-8080"]
mai 24, 2019 7:46:30 PM org.apache.coyote.AbstractProtocol stop
INFORMAÇÕES: Stopping ProtocolHandler ["http-bio-8443"]
mai 24, 2019 7:46:30 PM org.apache.coyote.AbstractProtocol stop
INFORMAÇÕES: Stopping ProtocolHandler ["ajp-bio-8009"]
mai 24, 2019 7:46:30 PM org.apache.coyote.AbstractProtocol destroy
INFORMAÇÕES: Destroying ProtocolHandler ["http-bio-8080"]
mai 24, 2019 7:46:30 PM org.apache.coyote.AbstractProtocol destroy
INFORMAÇÕES: Destroying ProtocolHandler ["http-bio-8443"]
mai 24, 2019 7:46:30 PM org.apache.coyote.AbstractProtocol destroy
INFORMAÇÕES: Destroying ProtocolHandler ["ajp-bio-8009"]
mai 24, 2019 7:46:31 PM org.apache.catalina.core.AprLifecycleListener init
INFORMAÇÕES: The APR based Apache Tomcat Native library which allows optimal performance in production environments was not found on the java.library.path: /usr/java/packages/lib/amd64:/usr/lib64:/lib64:/lib:/usr/lib
mai 24, 2019 7:46:32 PM org.apache.coyote.AbstractProtocol init
INFORMAÇÕES: Initializing ProtocolHandler ["http-bio-8080"]
mai 24, 2019 7:46:32 PM org.apache.coyote.AbstractProtocol init
INFORMAÇÕES: Initializing ProtocolHandler ["http-bio-8443"]
mai 24, 2019 7:46:32 PM org.apache.coyote.AbstractProtocol init
INFORMAÇÕES: Initializing ProtocolHandler ["ajp-bio-8009"]
mai 24, 2019 7:46:32 PM org.apache.catalina.startup.Catalina load
INFORMAÇÕES: Initialization processed in 1167 ms
mai 24, 2019 7:46:32 PM org.apache.catalina.core.StandardService startInternal
INFORMAÇÕES: Starting service Catalina
mai 24, 2019 7:46:32 PM org.apache.catalina.core.StandardEngine startInternal
INFORMAÇÕES: Starting Servlet Engine: Apache Tomcat/7.0.53
mai 24, 2019 7:46:32 PM org.apache.catalina.startup.HostConfig deployDirectory
INFORMAÇÕES: Deploying web application directory /home/matheus/Área de Trabalho/1º Semestre 2019/POC II/WebRatioMobilePlatformCommunityEdition_8.10.3.Linux/Tomcat/webapps/manager
mai 24, 2019 7:46:32 PM org.apache.catalina.startup.HostConfig deployDirectory
INFORMAÇÕES: Deploying web application directory /home/matheus/Área de Trabalho/1º Semestre 2019/POC II/WebRatioMobilePlatformCommunityEdition_8.10.3.Linux/Tomcat/webapps/docs
mai 24, 2019 7:46:32 PM org.apache.catalina.startup.HostConfig deployDirectory
INFORMAÇÕES: Deploying web application directory /home/matheus/Área de Trabalho/1º Semestre 2019/POC II/WebRatioMobilePlatformCommunityEdition_8.10.3.Linux/Tomcat/webapps/examples
mai 24, 2019 7:46:33 PM org.apache.catalina.startup.HostConfig deployDirectory
INFORMAÇÕES: Deploying web application directory /home/matheus/Área de Trabalho/1º Semestre 2019/POC II/WebRatioMobilePlatformCommunityEdition_8.10.3.Linux/Tomcat/webapps/ROOT
mai 24, 2019 7:46:33 PM org.apache.catalina.startup.HostConfig deployDirectory
INFORMAÇÕES: Deploying web application directory /home/matheus/Área de Trabalho/1º Semestre 2019/POC II/WebRatioMobilePlatformCommunityEdition_8.10.3.Linux/Tomcat/webapps/Data
mai 24, 2019 7:46:38 PM org.apache.catalina.startup.HostConfig deployDirectory
INFORMAÇÕES: Deploying web application directory /home/matheus/Área de Trabalho/1º Semestre 2019/POC II/WebRatioMobilePlatformCommunityEdition_8.10.3.Linux/Tomcat/webapps/host-manager
mai 24, 2019 7:46:38 PM org.apache.coyote.AbstractProtocol start
INFORMAÇÕES: Starting ProtocolHandler ["http-bio-8080"]
mai 24, 2019 7:46:38 PM org.apache.coyote.AbstractProtocol start
INFORMAÇÕES: Starting ProtocolHandler ["http-bio-8443"]
mai 24, 2019 7:46:38 PM org.apache.coyote.AbstractProtocol start
INFORMAÇÕES: Starting ProtocolHandler ["ajp-bio-8009"]
mai 24, 2019 7:46:38 PM org.apache.catalina.startup.Catalina start
INFORMAÇÕES: Server startup in 5696 ms
