mai 08, 2019 3:05:33 PM org.apache.catalina.core.AprLifecycleListener init
INFORMAÇÕES: The APR based Apache Tomcat Native library which allows optimal performance in production environments was not found on the java.library.path: /usr/java/packages/lib/amd64:/usr/lib64:/lib64:/lib:/usr/lib
mai 08, 2019 3:05:33 PM org.apache.coyote.AbstractProtocol init
INFORMAÇÕES: Initializing ProtocolHandler ["http-bio-8080"]
mai 08, 2019 3:05:33 PM org.apache.coyote.AbstractProtocol init
INFORMAÇÕES: Initializing ProtocolHandler ["http-bio-8443"]
mai 08, 2019 3:05:33 PM org.apache.coyote.AbstractProtocol init
INFORMAÇÕES: Initializing ProtocolHandler ["ajp-bio-8009"]
mai 08, 2019 3:05:33 PM org.apache.catalina.startup.Catalina load
INFORMAÇÕES: Initialization processed in 859 ms
mai 08, 2019 3:05:33 PM org.apache.catalina.core.StandardService startInternal
INFORMAÇÕES: Starting service Catalina
mai 08, 2019 3:05:33 PM org.apache.catalina.core.StandardEngine startInternal
INFORMAÇÕES: Starting Servlet Engine: Apache Tomcat/7.0.53
mai 08, 2019 3:05:33 PM org.apache.catalina.startup.HostConfig deployDirectory
INFORMAÇÕES: Deploying web application directory /home/matheus/Área de Trabalho/1º Semestre 2019/POC II/WebRatioMobilePlatformCommunityEdition_8.10.3.Linux/Tomcat/webapps/manager
mai 08, 2019 3:05:34 PM org.apache.catalina.startup.HostConfig deployDirectory
INFORMAÇÕES: Deploying web application directory /home/matheus/Área de Trabalho/1º Semestre 2019/POC II/WebRatioMobilePlatformCommunityEdition_8.10.3.Linux/Tomcat/webapps/docs
mai 08, 2019 3:05:34 PM org.apache.catalina.startup.HostConfig deployDirectory
INFORMAÇÕES: Deploying web application directory /home/matheus/Área de Trabalho/1º Semestre 2019/POC II/WebRatioMobilePlatformCommunityEdition_8.10.3.Linux/Tomcat/webapps/examples
mai 08, 2019 3:05:34 PM org.apache.catalina.startup.HostConfig deployDirectory
INFORMAÇÕES: Deploying web application directory /home/matheus/Área de Trabalho/1º Semestre 2019/POC II/WebRatioMobilePlatformCommunityEdition_8.10.3.Linux/Tomcat/webapps/ROOT
mai 08, 2019 3:05:34 PM org.apache.catalina.startup.HostConfig deployDirectory
INFORMAÇÕES: Deploying web application directory /home/matheus/Área de Trabalho/1º Semestre 2019/POC II/WebRatioMobilePlatformCommunityEdition_8.10.3.Linux/Tomcat/webapps/Data
mai 08, 2019 3:05:38 PM org.apache.catalina.startup.HostConfig deployDirectory
INFORMAÇÕES: Deploying web application directory /home/matheus/Área de Trabalho/1º Semestre 2019/POC II/WebRatioMobilePlatformCommunityEdition_8.10.3.Linux/Tomcat/webapps/host-manager
mai 08, 2019 3:05:38 PM org.apache.coyote.AbstractProtocol start
INFORMAÇÕES: Starting ProtocolHandler ["http-bio-8080"]
mai 08, 2019 3:05:38 PM org.apache.coyote.AbstractProtocol start
INFORMAÇÕES: Starting ProtocolHandler ["http-bio-8443"]
mai 08, 2019 3:05:38 PM org.apache.coyote.AbstractProtocol start
INFORMAÇÕES: Starting ProtocolHandler ["ajp-bio-8009"]
mai 08, 2019 3:05:38 PM org.apache.catalina.startup.Catalina start
INFORMAÇÕES: Server startup in 4958 ms
mai 08, 2019 3:10:16 PM org.apache.catalina.core.StandardServer await
INFORMAÇÕES: A valid shutdown command was received via the shutdown port. Stopping the Server instance.
mai 08, 2019 3:10:16 PM org.apache.coyote.AbstractProtocol pause
INFORMAÇÕES: Pausing ProtocolHandler ["http-bio-8080"]
mai 08, 2019 3:10:16 PM org.apache.coyote.AbstractProtocol pause
INFORMAÇÕES: Pausing ProtocolHandler ["http-bio-8443"]
mai 08, 2019 3:10:16 PM org.apache.coyote.AbstractProtocol pause
INFORMAÇÕES: Pausing ProtocolHandler ["ajp-bio-8009"]
mai 08, 2019 3:10:16 PM org.apache.catalina.core.StandardService stopInternal
INFORMAÇÕES: Stopping service Catalina
mai 08, 2019 3:10:17 PM org.apache.catalina.loader.WebappClassLoader clearReferencesJdbc
GRAVE: The web application [/Data] registered the JDBC driver [com.mysql.jdbc.Driver] but failed to unregister it when the web application was stopped. To prevent a memory leak, the JDBC Driver has been forcibly unregistered.
mai 08, 2019 3:10:17 PM org.apache.catalina.loader.WebappClassLoader clearReferencesThreads
GRAVE: The web application [/Data] appears to have started a thread named [Abandoned connection cleanup thread] but has failed to stop it. This is very likely to create a memory leak.
mai 08, 2019 3:10:17 PM org.apache.coyote.AbstractProtocol stop
INFORMAÇÕES: Stopping ProtocolHandler ["http-bio-8080"]
mai 08, 2019 3:10:17 PM org.apache.coyote.AbstractProtocol stop
INFORMAÇÕES: Stopping ProtocolHandler ["http-bio-8443"]
mai 08, 2019 3:10:17 PM org.apache.coyote.AbstractProtocol stop
INFORMAÇÕES: Stopping ProtocolHandler ["ajp-bio-8009"]
mai 08, 2019 3:10:17 PM org.apache.coyote.AbstractProtocol destroy
INFORMAÇÕES: Destroying ProtocolHandler ["http-bio-8080"]
mai 08, 2019 3:10:17 PM org.apache.coyote.AbstractProtocol destroy
INFORMAÇÕES: Destroying ProtocolHandler ["http-bio-8443"]
mai 08, 2019 3:10:17 PM org.apache.coyote.AbstractProtocol destroy
INFORMAÇÕES: Destroying ProtocolHandler ["ajp-bio-8009"]
mai 08, 2019 3:10:18 PM org.apache.catalina.core.AprLifecycleListener init
INFORMAÇÕES: The APR based Apache Tomcat Native library which allows optimal performance in production environments was not found on the java.library.path: /usr/java/packages/lib/amd64:/usr/lib64:/lib64:/lib:/usr/lib
mai 08, 2019 3:10:19 PM org.apache.coyote.AbstractProtocol init
INFORMAÇÕES: Initializing ProtocolHandler ["http-bio-8080"]
mai 08, 2019 3:10:19 PM org.apache.coyote.AbstractProtocol init
INFORMAÇÕES: Initializing ProtocolHandler ["http-bio-8443"]
mai 08, 2019 3:10:19 PM org.apache.coyote.AbstractProtocol init
INFORMAÇÕES: Initializing ProtocolHandler ["ajp-bio-8009"]
mai 08, 2019 3:10:19 PM org.apache.catalina.startup.Catalina load
INFORMAÇÕES: Initialization processed in 866 ms
mai 08, 2019 3:10:19 PM org.apache.catalina.core.StandardService startInternal
INFORMAÇÕES: Starting service Catalina
mai 08, 2019 3:10:19 PM org.apache.catalina.core.StandardEngine startInternal
INFORMAÇÕES: Starting Servlet Engine: Apache Tomcat/7.0.53
mai 08, 2019 3:10:19 PM org.apache.catalina.startup.HostConfig deployDirectory
INFORMAÇÕES: Deploying web application directory /home/matheus/Área de Trabalho/1º Semestre 2019/POC II/WebRatioMobilePlatformCommunityEdition_8.10.3.Linux/Tomcat/webapps/manager
mai 08, 2019 3:10:19 PM org.apache.catalina.startup.HostConfig deployDirectory
INFORMAÇÕES: Deploying web application directory /home/matheus/Área de Trabalho/1º Semestre 2019/POC II/WebRatioMobilePlatformCommunityEdition_8.10.3.Linux/Tomcat/webapps/docs
mai 08, 2019 3:10:19 PM org.apache.catalina.startup.HostConfig deployDirectory
INFORMAÇÕES: Deploying web application directory /home/matheus/Área de Trabalho/1º Semestre 2019/POC II/WebRatioMobilePlatformCommunityEdition_8.10.3.Linux/Tomcat/webapps/examples
mai 08, 2019 3:10:20 PM org.apache.catalina.startup.HostConfig deployDirectory
INFORMAÇÕES: Deploying web application directory /home/matheus/Área de Trabalho/1º Semestre 2019/POC II/WebRatioMobilePlatformCommunityEdition_8.10.3.Linux/Tomcat/webapps/ROOT
mai 08, 2019 3:10:20 PM org.apache.catalina.startup.HostConfig deployDirectory
INFORMAÇÕES: Deploying web application directory /home/matheus/Área de Trabalho/1º Semestre 2019/POC II/WebRatioMobilePlatformCommunityEdition_8.10.3.Linux/Tomcat/webapps/Data
mai 08, 2019 3:10:24 PM org.apache.catalina.startup.HostConfig deployDirectory
INFORMAÇÕES: Deploying web application directory /home/matheus/Área de Trabalho/1º Semestre 2019/POC II/WebRatioMobilePlatformCommunityEdition_8.10.3.Linux/Tomcat/webapps/host-manager
mai 08, 2019 3:10:24 PM org.apache.coyote.AbstractProtocol start
INFORMAÇÕES: Starting ProtocolHandler ["http-bio-8080"]
mai 08, 2019 3:10:24 PM org.apache.coyote.AbstractProtocol start
INFORMAÇÕES: Starting ProtocolHandler ["http-bio-8443"]
mai 08, 2019 3:10:24 PM org.apache.coyote.AbstractProtocol start
INFORMAÇÕES: Starting ProtocolHandler ["ajp-bio-8009"]
mai 08, 2019 3:10:24 PM org.apache.catalina.startup.Catalina start
INFORMAÇÕES: Server startup in 5161 ms
mai 08, 2019 3:17:52 PM org.apache.catalina.core.StandardServer await
INFORMAÇÕES: A valid shutdown command was received via the shutdown port. Stopping the Server instance.
mai 08, 2019 3:17:52 PM org.apache.coyote.AbstractProtocol pause
INFORMAÇÕES: Pausing ProtocolHandler ["http-bio-8080"]
mai 08, 2019 3:17:52 PM org.apache.coyote.AbstractProtocol pause
INFORMAÇÕES: Pausing ProtocolHandler ["http-bio-8443"]
mai 08, 2019 3:17:52 PM org.apache.coyote.AbstractProtocol pause
INFORMAÇÕES: Pausing ProtocolHandler ["ajp-bio-8009"]
mai 08, 2019 3:17:52 PM org.apache.catalina.core.StandardService stopInternal
INFORMAÇÕES: Stopping service Catalina
mai 08, 2019 3:17:53 PM org.apache.catalina.loader.WebappClassLoader clearReferencesJdbc
GRAVE: The web application [/Data] registered the JDBC driver [com.mysql.jdbc.Driver] but failed to unregister it when the web application was stopped. To prevent a memory leak, the JDBC Driver has been forcibly unregistered.
mai 08, 2019 3:17:53 PM org.apache.catalina.loader.WebappClassLoader clearReferencesThreads
GRAVE: The web application [/Data] appears to have started a thread named [Abandoned connection cleanup thread] but has failed to stop it. This is very likely to create a memory leak.
mai 08, 2019 3:17:53 PM org.apache.coyote.AbstractProtocol stop
INFORMAÇÕES: Stopping ProtocolHandler ["http-bio-8080"]
mai 08, 2019 3:17:53 PM org.apache.coyote.AbstractProtocol stop
INFORMAÇÕES: Stopping ProtocolHandler ["http-bio-8443"]
mai 08, 2019 3:17:53 PM org.apache.coyote.AbstractProtocol stop
INFORMAÇÕES: Stopping ProtocolHandler ["ajp-bio-8009"]
mai 08, 2019 3:17:53 PM org.apache.coyote.AbstractProtocol destroy
INFORMAÇÕES: Destroying ProtocolHandler ["http-bio-8080"]
mai 08, 2019 3:17:53 PM org.apache.coyote.AbstractProtocol destroy
INFORMAÇÕES: Destroying ProtocolHandler ["http-bio-8443"]
mai 08, 2019 3:17:53 PM org.apache.coyote.AbstractProtocol destroy
INFORMAÇÕES: Destroying ProtocolHandler ["ajp-bio-8009"]
mai 08, 2019 3:17:55 PM org.apache.catalina.core.AprLifecycleListener init
INFORMAÇÕES: The APR based Apache Tomcat Native library which allows optimal performance in production environments was not found on the java.library.path: /usr/java/packages/lib/amd64:/usr/lib64:/lib64:/lib:/usr/lib
mai 08, 2019 3:17:55 PM org.apache.coyote.AbstractProtocol init
INFORMAÇÕES: Initializing ProtocolHandler ["http-bio-8080"]
mai 08, 2019 3:17:55 PM org.apache.coyote.AbstractProtocol init
INFORMAÇÕES: Initializing ProtocolHandler ["http-bio-8443"]
mai 08, 2019 3:17:55 PM org.apache.coyote.AbstractProtocol init
INFORMAÇÕES: Initializing ProtocolHandler ["ajp-bio-8009"]
mai 08, 2019 3:17:55 PM org.apache.catalina.startup.Catalina load
INFORMAÇÕES: Initialization processed in 763 ms
mai 08, 2019 3:17:55 PM org.apache.catalina.core.StandardService startInternal
INFORMAÇÕES: Starting service Catalina
mai 08, 2019 3:17:55 PM org.apache.catalina.core.StandardEngine startInternal
INFORMAÇÕES: Starting Servlet Engine: Apache Tomcat/7.0.53
mai 08, 2019 3:17:55 PM org.apache.catalina.startup.HostConfig deployDirectory
INFORMAÇÕES: Deploying web application directory /home/matheus/Área de Trabalho/1º Semestre 2019/POC II/WebRatioMobilePlatformCommunityEdition_8.10.3.Linux/Tomcat/webapps/manager
mai 08, 2019 3:17:55 PM org.apache.catalina.startup.HostConfig deployDirectory
INFORMAÇÕES: Deploying web application directory /home/matheus/Área de Trabalho/1º Semestre 2019/POC II/WebRatioMobilePlatformCommunityEdition_8.10.3.Linux/Tomcat/webapps/docs
mai 08, 2019 3:17:55 PM org.apache.catalina.startup.HostConfig deployDirectory
INFORMAÇÕES: Deploying web application directory /home/matheus/Área de Trabalho/1º Semestre 2019/POC II/WebRatioMobilePlatformCommunityEdition_8.10.3.Linux/Tomcat/webapps/examples
mai 08, 2019 3:17:56 PM org.apache.catalina.startup.HostConfig deployDirectory
INFORMAÇÕES: Deploying web application directory /home/matheus/Área de Trabalho/1º Semestre 2019/POC II/WebRatioMobilePlatformCommunityEdition_8.10.3.Linux/Tomcat/webapps/ROOT
mai 08, 2019 3:17:56 PM org.apache.catalina.startup.HostConfig deployDirectory
INFORMAÇÕES: Deploying web application directory /home/matheus/Área de Trabalho/1º Semestre 2019/POC II/WebRatioMobilePlatformCommunityEdition_8.10.3.Linux/Tomcat/webapps/Data
mai 08, 2019 3:18:00 PM org.apache.catalina.startup.HostConfig deployDirectory
INFORMAÇÕES: Deploying web application directory /home/matheus/Área de Trabalho/1º Semestre 2019/POC II/WebRatioMobilePlatformCommunityEdition_8.10.3.Linux/Tomcat/webapps/host-manager
mai 08, 2019 3:18:00 PM org.apache.coyote.AbstractProtocol start
INFORMAÇÕES: Starting ProtocolHandler ["http-bio-8080"]
mai 08, 2019 3:18:00 PM org.apache.coyote.AbstractProtocol start
INFORMAÇÕES: Starting ProtocolHandler ["http-bio-8443"]
mai 08, 2019 3:18:00 PM org.apache.coyote.AbstractProtocol start
INFORMAÇÕES: Starting ProtocolHandler ["ajp-bio-8009"]
mai 08, 2019 3:18:00 PM org.apache.catalina.startup.Catalina start
INFORMAÇÕES: Server startup in 5032 ms
