jun 12, 2019 12:49:10 PM org.apache.catalina.core.AprLifecycleListener init
INFORMAÇÕES: The APR based Apache Tomcat Native library which allows optimal performance in production environments was not found on the java.library.path: /usr/java/packages/lib/amd64:/usr/lib64:/lib64:/lib:/usr/lib
jun 12, 2019 12:49:10 PM org.apache.coyote.AbstractProtocol init
INFORMAÇÕES: Initializing ProtocolHandler ["http-bio-8080"]
jun 12, 2019 12:49:10 PM org.apache.coyote.AbstractProtocol init
INFORMAÇÕES: Initializing ProtocolHandler ["http-bio-8443"]
jun 12, 2019 12:49:10 PM org.apache.coyote.AbstractProtocol init
INFORMAÇÕES: Initializing ProtocolHandler ["ajp-bio-8009"]
jun 12, 2019 12:49:10 PM org.apache.catalina.startup.Catalina load
INFORMAÇÕES: Initialization processed in 1269 ms
jun 12, 2019 12:49:10 PM org.apache.catalina.core.StandardService startInternal
INFORMAÇÕES: Starting service Catalina
jun 12, 2019 12:49:10 PM org.apache.catalina.core.StandardEngine startInternal
INFORMAÇÕES: Starting Servlet Engine: Apache Tomcat/7.0.53
jun 12, 2019 12:49:10 PM org.apache.catalina.startup.HostConfig deployDirectory
INFORMAÇÕES: Deploying web application directory /home/matheus/Área de Trabalho/1º Semestre 2019/POC II/WebRatioMobilePlatformCommunityEdition_8.10.3.Linux/Tomcat/webapps/manager
jun 12, 2019 12:49:11 PM org.apache.catalina.startup.HostConfig deployDirectory
INFORMAÇÕES: Deploying web application directory /home/matheus/Área de Trabalho/1º Semestre 2019/POC II/WebRatioMobilePlatformCommunityEdition_8.10.3.Linux/Tomcat/webapps/docs
jun 12, 2019 12:49:11 PM org.apache.catalina.startup.HostConfig deployDirectory
INFORMAÇÕES: Deploying web application directory /home/matheus/Área de Trabalho/1º Semestre 2019/POC II/WebRatioMobilePlatformCommunityEdition_8.10.3.Linux/Tomcat/webapps/examples
jun 12, 2019 12:49:11 PM org.apache.catalina.startup.HostConfig deployDirectory
INFORMAÇÕES: Deploying web application directory /home/matheus/Área de Trabalho/1º Semestre 2019/POC II/WebRatioMobilePlatformCommunityEdition_8.10.3.Linux/Tomcat/webapps/ROOT
jun 12, 2019 12:49:11 PM org.apache.catalina.startup.HostConfig deployDirectory
INFORMAÇÕES: Deploying web application directory /home/matheus/Área de Trabalho/1º Semestre 2019/POC II/WebRatioMobilePlatformCommunityEdition_8.10.3.Linux/Tomcat/webapps/Data
jun 12, 2019 12:49:16 PM org.apache.catalina.startup.HostConfig deployDirectory
INFORMAÇÕES: Deploying web application directory /home/matheus/Área de Trabalho/1º Semestre 2019/POC II/WebRatioMobilePlatformCommunityEdition_8.10.3.Linux/Tomcat/webapps/host-manager
jun 12, 2019 12:49:16 PM org.apache.coyote.AbstractProtocol start
INFORMAÇÕES: Starting ProtocolHandler ["http-bio-8080"]
jun 12, 2019 12:49:16 PM org.apache.coyote.AbstractProtocol start
INFORMAÇÕES: Starting ProtocolHandler ["http-bio-8443"]
jun 12, 2019 12:49:16 PM org.apache.coyote.AbstractProtocol start
INFORMAÇÕES: Starting ProtocolHandler ["ajp-bio-8009"]
jun 12, 2019 12:49:16 PM org.apache.catalina.startup.Catalina start
INFORMAÇÕES: Server startup in 5714 ms
jun 12, 2019 12:56:06 PM org.apache.catalina.core.StandardServer await
INFORMAÇÕES: A valid shutdown command was received via the shutdown port. Stopping the Server instance.
jun 12, 2019 12:56:06 PM org.apache.coyote.AbstractProtocol pause
INFORMAÇÕES: Pausing ProtocolHandler ["http-bio-8080"]
jun 12, 2019 12:56:06 PM org.apache.coyote.AbstractProtocol pause
INFORMAÇÕES: Pausing ProtocolHandler ["http-bio-8443"]
jun 12, 2019 12:56:06 PM org.apache.coyote.AbstractProtocol pause
INFORMAÇÕES: Pausing ProtocolHandler ["ajp-bio-8009"]
jun 12, 2019 12:56:06 PM org.apache.catalina.core.StandardService stopInternal
INFORMAÇÕES: Stopping service Catalina
jun 12, 2019 12:56:07 PM org.apache.catalina.loader.WebappClassLoader clearReferencesJdbc
GRAVE: The web application [/Data] registered the JDBC driver [com.mysql.jdbc.Driver] but failed to unregister it when the web application was stopped. To prevent a memory leak, the JDBC Driver has been forcibly unregistered.
jun 12, 2019 12:56:07 PM org.apache.catalina.loader.WebappClassLoader clearReferencesThreads
GRAVE: The web application [/Data] appears to have started a thread named [Abandoned connection cleanup thread] but has failed to stop it. This is very likely to create a memory leak.
jun 12, 2019 12:56:07 PM org.apache.catalina.loader.WebappClassLoader clearReferencesThreads
GRAVE: The web application [/Data] appears to have started a thread named [__DEFAULT__] but has failed to stop it. This is very likely to create a memory leak.
jun 12, 2019 12:56:07 PM org.apache.catalina.loader.WebappClassLoader clearReferencesThreads
GRAVE: The web application [/Data] appears to have started a thread named [data%0043ache.data] but has failed to stop it. This is very likely to create a memory leak.
jun 12, 2019 12:56:07 PM org.apache.catalina.loader.WebappClassLoader clearReferencesThreads
GRAVE: The web application [/Data] appears to have started a thread named [Statistics Thread-__DEFAULT__-1] but has failed to stop it. This is very likely to create a memory leak.
jun 12, 2019 12:56:07 PM org.apache.catalina.loader.WebappClassLoader clearReferencesThreads
GRAVE: The web application [/Data] appears to have started a thread named [deleted%004fbject%0049ds%0043ache.data] but has failed to stop it. This is very likely to create a memory leak.
jun 12, 2019 12:56:07 PM org.apache.catalina.loader.WebappClassLoader clearReferencesThreads
GRAVE: The web application [/Data] appears to have started a thread named [checksums%0043ache.data] but has failed to stop it. This is very likely to create a memory leak.
jun 12, 2019 12:56:07 PM org.apache.coyote.AbstractProtocol stop
INFORMAÇÕES: Stopping ProtocolHandler ["http-bio-8080"]
jun 12, 2019 12:56:07 PM org.apache.coyote.AbstractProtocol stop
INFORMAÇÕES: Stopping ProtocolHandler ["http-bio-8443"]
jun 12, 2019 12:56:07 PM org.apache.coyote.AbstractProtocol stop
INFORMAÇÕES: Stopping ProtocolHandler ["ajp-bio-8009"]
jun 12, 2019 12:56:07 PM org.apache.coyote.AbstractProtocol destroy
INFORMAÇÕES: Destroying ProtocolHandler ["http-bio-8080"]
jun 12, 2019 12:56:07 PM org.apache.coyote.AbstractProtocol destroy
INFORMAÇÕES: Destroying ProtocolHandler ["http-bio-8443"]
jun 12, 2019 12:56:07 PM org.apache.coyote.AbstractProtocol destroy
INFORMAÇÕES: Destroying ProtocolHandler ["ajp-bio-8009"]
jun 12, 2019 12:56:09 PM org.apache.catalina.core.AprLifecycleListener init
INFORMAÇÕES: The APR based Apache Tomcat Native library which allows optimal performance in production environments was not found on the java.library.path: /usr/java/packages/lib/amd64:/usr/lib64:/lib64:/lib:/usr/lib
jun 12, 2019 12:56:09 PM org.apache.coyote.AbstractProtocol init
INFORMAÇÕES: Initializing ProtocolHandler ["http-bio-8080"]
jun 12, 2019 12:56:09 PM org.apache.coyote.AbstractProtocol init
INFORMAÇÕES: Initializing ProtocolHandler ["http-bio-8443"]
jun 12, 2019 12:56:09 PM org.apache.coyote.AbstractProtocol init
INFORMAÇÕES: Initializing ProtocolHandler ["ajp-bio-8009"]
jun 12, 2019 12:56:09 PM org.apache.catalina.startup.Catalina load
INFORMAÇÕES: Initialization processed in 918 ms
jun 12, 2019 12:56:09 PM org.apache.catalina.core.StandardService startInternal
INFORMAÇÕES: Starting service Catalina
jun 12, 2019 12:56:09 PM org.apache.catalina.core.StandardEngine startInternal
INFORMAÇÕES: Starting Servlet Engine: Apache Tomcat/7.0.53
jun 12, 2019 12:56:09 PM org.apache.catalina.startup.HostConfig deployDirectory
INFORMAÇÕES: Deploying web application directory /home/matheus/Área de Trabalho/1º Semestre 2019/POC II/WebRatioMobilePlatformCommunityEdition_8.10.3.Linux/Tomcat/webapps/manager
jun 12, 2019 12:56:10 PM org.apache.catalina.startup.HostConfig deployDirectory
INFORMAÇÕES: Deploying web application directory /home/matheus/Área de Trabalho/1º Semestre 2019/POC II/WebRatioMobilePlatformCommunityEdition_8.10.3.Linux/Tomcat/webapps/docs
jun 12, 2019 12:56:10 PM org.apache.catalina.startup.HostConfig deployDirectory
INFORMAÇÕES: Deploying web application directory /home/matheus/Área de Trabalho/1º Semestre 2019/POC II/WebRatioMobilePlatformCommunityEdition_8.10.3.Linux/Tomcat/webapps/examples
jun 12, 2019 12:56:10 PM org.apache.catalina.startup.HostConfig deployDirectory
INFORMAÇÕES: Deploying web application directory /home/matheus/Área de Trabalho/1º Semestre 2019/POC II/WebRatioMobilePlatformCommunityEdition_8.10.3.Linux/Tomcat/webapps/ROOT
jun 12, 2019 12:56:10 PM org.apache.catalina.startup.HostConfig deployDirectory
INFORMAÇÕES: Deploying web application directory /home/matheus/Área de Trabalho/1º Semestre 2019/POC II/WebRatioMobilePlatformCommunityEdition_8.10.3.Linux/Tomcat/webapps/Data
jun 12, 2019 12:56:14 PM org.apache.catalina.startup.HostConfig deployDirectory
INFORMAÇÕES: Deploying web application directory /home/matheus/Área de Trabalho/1º Semestre 2019/POC II/WebRatioMobilePlatformCommunityEdition_8.10.3.Linux/Tomcat/webapps/host-manager
jun 12, 2019 12:56:14 PM org.apache.coyote.AbstractProtocol start
INFORMAÇÕES: Starting ProtocolHandler ["http-bio-8080"]
jun 12, 2019 12:56:14 PM org.apache.coyote.AbstractProtocol start
INFORMAÇÕES: Starting ProtocolHandler ["http-bio-8443"]
jun 12, 2019 12:56:14 PM org.apache.coyote.AbstractProtocol start
INFORMAÇÕES: Starting ProtocolHandler ["ajp-bio-8009"]
jun 12, 2019 12:56:14 PM org.apache.catalina.startup.Catalina start
INFORMAÇÕES: Server startup in 4715 ms
jun 12, 2019 2:03:02 PM org.apache.catalina.loader.WebappClassLoader loadClass
INFORMAÇÕES: Illegal access: this web application instance has been stopped already.  Could not load net.sf.ehcache.store.disk.Segment$1.  The eventual following stack trace is caused by an error thrown for debugging purposes as well as to attempt to terminate the thread which caused the illegal access, and has no functional impact.
java.lang.IllegalStateException
	at org.apache.catalina.loader.WebappClassLoader.loadClass(WebappClassLoader.java:1612)
	at org.apache.catalina.loader.WebappClassLoader.loadClass(WebappClassLoader.java:1571)
	at net.sf.ehcache.store.disk.Segment$HashIterator.<init>(Segment.java:1086)
	at net.sf.ehcache.store.disk.Segment.hashIterator(Segment.java:951)
	at net.sf.ehcache.store.disk.DiskStore$HashIterator.<init>(DiskStore.java:999)
	at net.sf.ehcache.store.disk.DiskStore$KeyIterator.<init>(DiskStore.java:1064)
	at net.sf.ehcache.store.disk.DiskStore$KeyIterator.<init>(DiskStore.java:1064)
	at net.sf.ehcache.store.disk.DiskStore$KeySet.iterator(DiskStore.java:910)
	at net.sf.ehcache.store.disk.DiskStorageFactory$DiskExpiryTask.run(DiskStorageFactory.java:817)
	at java.util.concurrent.Executors$RunnableAdapter.call(Executors.java:511)
	at java.util.concurrent.FutureTask.runAndReset(FutureTask.java:308)
	at java.util.concurrent.ScheduledThreadPoolExecutor$ScheduledFutureTask.access$301(ScheduledThreadPoolExecutor.java:180)
	at java.util.concurrent.ScheduledThreadPoolExecutor$ScheduledFutureTask.run(ScheduledThreadPoolExecutor.java:294)
	at java.util.concurrent.ThreadPoolExecutor.runWorker(ThreadPoolExecutor.java:1149)
	at java.util.concurrent.ThreadPoolExecutor$Worker.run(ThreadPoolExecutor.java:624)
	at java.lang.Thread.run(Thread.java:748)

jun 12, 2019 3:58:50 PM org.apache.catalina.core.StandardServer await
INFORMAÇÕES: A valid shutdown command was received via the shutdown port. Stopping the Server instance.
jun 12, 2019 3:58:50 PM org.apache.coyote.AbstractProtocol pause
INFORMAÇÕES: Pausing ProtocolHandler ["http-bio-8080"]
jun 12, 2019 3:58:50 PM org.apache.coyote.AbstractProtocol pause
INFORMAÇÕES: Pausing ProtocolHandler ["http-bio-8443"]
jun 12, 2019 3:58:50 PM org.apache.coyote.AbstractProtocol pause
INFORMAÇÕES: Pausing ProtocolHandler ["ajp-bio-8009"]
jun 12, 2019 3:58:51 PM org.apache.catalina.core.StandardService stopInternal
INFORMAÇÕES: Stopping service Catalina
jun 12, 2019 3:58:51 PM org.apache.catalina.loader.WebappClassLoader clearReferencesJdbc
GRAVE: The web application [/Data] registered the JDBC driver [com.mysql.jdbc.Driver] but failed to unregister it when the web application was stopped. To prevent a memory leak, the JDBC Driver has been forcibly unregistered.
jun 12, 2019 3:58:51 PM org.apache.catalina.loader.WebappClassLoader clearReferencesThreads
GRAVE: The web application [/Data] appears to have started a thread named [Abandoned connection cleanup thread] but has failed to stop it. This is very likely to create a memory leak.
jun 12, 2019 3:58:51 PM org.apache.catalina.loader.WebappClassLoader clearReferencesThreads
GRAVE: The web application [/Data] appears to have started a thread named [__DEFAULT__] but has failed to stop it. This is very likely to create a memory leak.
jun 12, 2019 3:58:51 PM org.apache.catalina.loader.WebappClassLoader clearReferencesThreads
GRAVE: The web application [/Data] appears to have started a thread named [data%0043ache.data] but has failed to stop it. This is very likely to create a memory leak.
jun 12, 2019 3:58:51 PM org.apache.catalina.loader.WebappClassLoader clearReferencesThreads
GRAVE: The web application [/Data] appears to have started a thread named [Statistics Thread-__DEFAULT__-1] but has failed to stop it. This is very likely to create a memory leak.
jun 12, 2019 3:58:51 PM org.apache.catalina.loader.WebappClassLoader clearReferencesThreads
GRAVE: The web application [/Data] appears to have started a thread named [deleted%004fbject%0049ds%0043ache.data] but has failed to stop it. This is very likely to create a memory leak.
jun 12, 2019 3:58:51 PM org.apache.catalina.loader.WebappClassLoader clearReferencesThreads
GRAVE: The web application [/Data] appears to have started a thread named [checksums%0043ache.data] but has failed to stop it. This is very likely to create a memory leak.
jun 12, 2019 3:58:51 PM org.apache.catalina.loader.WebappClassLoader checkThreadLocalMapForLeaks
GRAVE: The web application [/Data] created a ThreadLocal with key of type [net.sf.ehcache.util.concurrent.Striped64.ThreadHashCode] (value [net.sf.ehcache.util.concurrent.Striped64$ThreadHashCode@7355f1a8]) and a value of type [net.sf.ehcache.util.concurrent.Striped64.HashCode] (value [net.sf.ehcache.util.concurrent.Striped64$HashCode@2536906]) but failed to remove it when the web application was stopped. Threads are going to be renewed over time to try and avoid a probable memory leak.
jun 12, 2019 3:58:51 PM org.apache.catalina.loader.WebappClassLoader checkThreadLocalMapForLeaks
GRAVE: The web application [/Data] created a ThreadLocal with key of type [net.sf.ehcache.util.concurrent.Striped64.ThreadHashCode] (value [net.sf.ehcache.util.concurrent.Striped64$ThreadHashCode@7355f1a8]) and a value of type [net.sf.ehcache.util.concurrent.Striped64.HashCode] (value [net.sf.ehcache.util.concurrent.Striped64$HashCode@33ea4bf3]) but failed to remove it when the web application was stopped. Threads are going to be renewed over time to try and avoid a probable memory leak.
jun 12, 2019 3:58:51 PM org.apache.catalina.loader.WebappClassLoader checkThreadLocalMapForLeaks
GRAVE: The web application [/Data] created a ThreadLocal with key of type [net.sf.ehcache.util.concurrent.Striped64.ThreadHashCode] (value [net.sf.ehcache.util.concurrent.Striped64$ThreadHashCode@7355f1a8]) and a value of type [net.sf.ehcache.util.concurrent.Striped64.HashCode] (value [net.sf.ehcache.util.concurrent.Striped64$HashCode@6fee2497]) but failed to remove it when the web application was stopped. Threads are going to be renewed over time to try and avoid a probable memory leak.
jun 12, 2019 3:58:51 PM org.apache.catalina.loader.WebappClassLoader checkThreadLocalMapForLeaks
GRAVE: The web application [/Data] created a ThreadLocal with key of type [net.sf.ehcache.util.concurrent.Striped64.ThreadHashCode] (value [net.sf.ehcache.util.concurrent.Striped64$ThreadHashCode@7355f1a8]) and a value of type [net.sf.ehcache.util.concurrent.Striped64.HashCode] (value [net.sf.ehcache.util.concurrent.Striped64$HashCode@76ec7b35]) but failed to remove it when the web application was stopped. Threads are going to be renewed over time to try and avoid a probable memory leak.
jun 12, 2019 3:58:51 PM org.apache.catalina.loader.WebappClassLoader checkThreadLocalMapForLeaks
GRAVE: The web application [/Data] created a ThreadLocal with key of type [net.sf.ehcache.util.concurrent.Striped64.ThreadHashCode] (value [net.sf.ehcache.util.concurrent.Striped64$ThreadHashCode@7355f1a8]) and a value of type [net.sf.ehcache.util.concurrent.Striped64.HashCode] (value [net.sf.ehcache.util.concurrent.Striped64$HashCode@e09f57c]) but failed to remove it when the web application was stopped. Threads are going to be renewed over time to try and avoid a probable memory leak.
jun 12, 2019 3:58:51 PM org.apache.catalina.loader.WebappClassLoader checkThreadLocalMapForLeaks
GRAVE: The web application [/Data] created a ThreadLocal with key of type [net.sf.ehcache.util.concurrent.Striped64.ThreadHashCode] (value [net.sf.ehcache.util.concurrent.Striped64$ThreadHashCode@7355f1a8]) and a value of type [net.sf.ehcache.util.concurrent.Striped64.HashCode] (value [net.sf.ehcache.util.concurrent.Striped64$HashCode@6fdd929d]) but failed to remove it when the web application was stopped. Threads are going to be renewed over time to try and avoid a probable memory leak.
jun 12, 2019 3:58:51 PM org.apache.catalina.loader.WebappClassLoader checkThreadLocalMapForLeaks
GRAVE: The web application [/Data] created a ThreadLocal with key of type [net.sf.ehcache.util.concurrent.Striped64.ThreadHashCode] (value [net.sf.ehcache.util.concurrent.Striped64$ThreadHashCode@7355f1a8]) and a value of type [net.sf.ehcache.util.concurrent.Striped64.HashCode] (value [net.sf.ehcache.util.concurrent.Striped64$HashCode@7189c96d]) but failed to remove it when the web application was stopped. Threads are going to be renewed over time to try and avoid a probable memory leak.
jun 12, 2019 3:58:51 PM org.apache.catalina.loader.WebappClassLoader checkThreadLocalMapForLeaks
GRAVE: The web application [/Data] created a ThreadLocal with key of type [net.sf.ehcache.util.concurrent.Striped64.ThreadHashCode] (value [net.sf.ehcache.util.concurrent.Striped64$ThreadHashCode@7355f1a8]) and a value of type [net.sf.ehcache.util.concurrent.Striped64.HashCode] (value [net.sf.ehcache.util.concurrent.Striped64$HashCode@642931ba]) but failed to remove it when the web application was stopped. Threads are going to be renewed over time to try and avoid a probable memory leak.
jun 12, 2019 3:58:51 PM org.apache.catalina.loader.WebappClassLoader checkThreadLocalMapForLeaks
GRAVE: The web application [/Data] created a ThreadLocal with key of type [net.sf.ehcache.util.concurrent.Striped64.ThreadHashCode] (value [net.sf.ehcache.util.concurrent.Striped64$ThreadHashCode@7355f1a8]) and a value of type [net.sf.ehcache.util.concurrent.Striped64.HashCode] (value [net.sf.ehcache.util.concurrent.Striped64$HashCode@25ca8a56]) but failed to remove it when the web application was stopped. Threads are going to be renewed over time to try and avoid a probable memory leak.
jun 12, 2019 3:58:51 PM org.apache.catalina.loader.WebappClassLoader checkThreadLocalMapForLeaks
GRAVE: The web application [/Data] created a ThreadLocal with key of type [net.sf.ehcache.util.concurrent.Striped64.ThreadHashCode] (value [net.sf.ehcache.util.concurrent.Striped64$ThreadHashCode@7355f1a8]) and a value of type [net.sf.ehcache.util.concurrent.Striped64.HashCode] (value [net.sf.ehcache.util.concurrent.Striped64$HashCode@2600bd08]) but failed to remove it when the web application was stopped. Threads are going to be renewed over time to try and avoid a probable memory leak.
jun 12, 2019 3:58:51 PM org.apache.coyote.AbstractProtocol stop
INFORMAÇÕES: Stopping ProtocolHandler ["http-bio-8080"]
jun 12, 2019 3:58:51 PM org.apache.coyote.AbstractProtocol stop
INFORMAÇÕES: Stopping ProtocolHandler ["http-bio-8443"]
jun 12, 2019 3:58:51 PM org.apache.coyote.AbstractProtocol stop
INFORMAÇÕES: Stopping ProtocolHandler ["ajp-bio-8009"]
jun 12, 2019 3:58:51 PM org.apache.coyote.AbstractProtocol destroy
INFORMAÇÕES: Destroying ProtocolHandler ["http-bio-8080"]
jun 12, 2019 3:58:51 PM org.apache.coyote.AbstractProtocol destroy
INFORMAÇÕES: Destroying ProtocolHandler ["http-bio-8443"]
jun 12, 2019 3:58:51 PM org.apache.coyote.AbstractProtocol destroy
INFORMAÇÕES: Destroying ProtocolHandler ["ajp-bio-8009"]
jun 12, 2019 3:58:53 PM org.apache.catalina.core.AprLifecycleListener init
INFORMAÇÕES: The APR based Apache Tomcat Native library which allows optimal performance in production environments was not found on the java.library.path: /usr/java/packages/lib/amd64:/usr/lib64:/lib64:/lib:/usr/lib
jun 12, 2019 3:58:53 PM org.apache.coyote.AbstractProtocol init
INFORMAÇÕES: Initializing ProtocolHandler ["http-bio-8080"]
jun 12, 2019 3:58:53 PM org.apache.coyote.AbstractProtocol init
INFORMAÇÕES: Initializing ProtocolHandler ["http-bio-8443"]
jun 12, 2019 3:58:53 PM org.apache.coyote.AbstractProtocol init
INFORMAÇÕES: Initializing ProtocolHandler ["ajp-bio-8009"]
jun 12, 2019 3:58:53 PM org.apache.catalina.startup.Catalina load
INFORMAÇÕES: Initialization processed in 908 ms
jun 12, 2019 3:58:54 PM org.apache.catalina.core.StandardService startInternal
INFORMAÇÕES: Starting service Catalina
jun 12, 2019 3:58:54 PM org.apache.catalina.core.StandardEngine startInternal
INFORMAÇÕES: Starting Servlet Engine: Apache Tomcat/7.0.53
jun 12, 2019 3:58:54 PM org.apache.catalina.startup.HostConfig deployDirectory
INFORMAÇÕES: Deploying web application directory /home/matheus/Área de Trabalho/1º Semestre 2019/POC II/WebRatioMobilePlatformCommunityEdition_8.10.3.Linux/Tomcat/webapps/manager
jun 12, 2019 3:58:54 PM org.apache.catalina.startup.HostConfig deployDirectory
INFORMAÇÕES: Deploying web application directory /home/matheus/Área de Trabalho/1º Semestre 2019/POC II/WebRatioMobilePlatformCommunityEdition_8.10.3.Linux/Tomcat/webapps/docs
jun 12, 2019 3:58:54 PM org.apache.catalina.startup.HostConfig deployDirectory
INFORMAÇÕES: Deploying web application directory /home/matheus/Área de Trabalho/1º Semestre 2019/POC II/WebRatioMobilePlatformCommunityEdition_8.10.3.Linux/Tomcat/webapps/examples
jun 12, 2019 3:58:54 PM org.apache.catalina.startup.HostConfig deployDirectory
INFORMAÇÕES: Deploying web application directory /home/matheus/Área de Trabalho/1º Semestre 2019/POC II/WebRatioMobilePlatformCommunityEdition_8.10.3.Linux/Tomcat/webapps/ROOT
jun 12, 2019 3:58:54 PM org.apache.catalina.startup.HostConfig deployDirectory
INFORMAÇÕES: Deploying web application directory /home/matheus/Área de Trabalho/1º Semestre 2019/POC II/WebRatioMobilePlatformCommunityEdition_8.10.3.Linux/Tomcat/webapps/Data
jun 12, 2019 3:59:03 PM org.apache.catalina.startup.HostConfig deployDirectory
INFORMAÇÕES: Deploying web application directory /home/matheus/Área de Trabalho/1º Semestre 2019/POC II/WebRatioMobilePlatformCommunityEdition_8.10.3.Linux/Tomcat/webapps/host-manager
jun 12, 2019 3:59:03 PM org.apache.coyote.AbstractProtocol start
INFORMAÇÕES: Starting ProtocolHandler ["http-bio-8080"]
jun 12, 2019 3:59:03 PM org.apache.coyote.AbstractProtocol start
INFORMAÇÕES: Starting ProtocolHandler ["http-bio-8443"]
jun 12, 2019 3:59:03 PM org.apache.coyote.AbstractProtocol start
INFORMAÇÕES: Starting ProtocolHandler ["ajp-bio-8009"]
jun 12, 2019 3:59:03 PM org.apache.catalina.startup.Catalina start
INFORMAÇÕES: Server startup in 9357 ms
jun 12, 2019 4:01:59 PM org.apache.catalina.core.StandardServer await
INFORMAÇÕES: A valid shutdown command was received via the shutdown port. Stopping the Server instance.
jun 12, 2019 4:01:59 PM org.apache.coyote.AbstractProtocol pause
INFORMAÇÕES: Pausing ProtocolHandler ["http-bio-8080"]
jun 12, 2019 4:01:59 PM org.apache.coyote.AbstractProtocol pause
INFORMAÇÕES: Pausing ProtocolHandler ["http-bio-8443"]
jun 12, 2019 4:01:59 PM org.apache.coyote.AbstractProtocol pause
INFORMAÇÕES: Pausing ProtocolHandler ["ajp-bio-8009"]
jun 12, 2019 4:01:59 PM org.apache.catalina.core.StandardService stopInternal
INFORMAÇÕES: Stopping service Catalina
jun 12, 2019 4:02:00 PM org.apache.catalina.loader.WebappClassLoader clearReferencesJdbc
GRAVE: The web application [/Data] registered the JDBC driver [com.mysql.jdbc.Driver] but failed to unregister it when the web application was stopped. To prevent a memory leak, the JDBC Driver has been forcibly unregistered.
jun 12, 2019 4:02:00 PM org.apache.catalina.loader.WebappClassLoader clearReferencesThreads
GRAVE: The web application [/Data] appears to have started a thread named [Abandoned connection cleanup thread] but has failed to stop it. This is very likely to create a memory leak.
jun 12, 2019 4:02:00 PM org.apache.catalina.loader.WebappClassLoader clearReferencesThreads
GRAVE: The web application [/Data] appears to have started a thread named [__DEFAULT__] but has failed to stop it. This is very likely to create a memory leak.
jun 12, 2019 4:02:00 PM org.apache.catalina.loader.WebappClassLoader clearReferencesThreads
GRAVE: The web application [/Data] appears to have started a thread named [data%0043ache.data] but has failed to stop it. This is very likely to create a memory leak.
jun 12, 2019 4:02:00 PM org.apache.catalina.loader.WebappClassLoader clearReferencesThreads
GRAVE: The web application [/Data] appears to have started a thread named [Statistics Thread-__DEFAULT__-1] but has failed to stop it. This is very likely to create a memory leak.
jun 12, 2019 4:02:00 PM org.apache.catalina.loader.WebappClassLoader clearReferencesThreads
GRAVE: The web application [/Data] appears to have started a thread named [deleted%004fbject%0049ds%0043ache.data] but has failed to stop it. This is very likely to create a memory leak.
jun 12, 2019 4:02:00 PM org.apache.catalina.loader.WebappClassLoader clearReferencesThreads
GRAVE: The web application [/Data] appears to have started a thread named [checksums%0043ache.data] but has failed to stop it. This is very likely to create a memory leak.
jun 12, 2019 4:02:00 PM org.apache.coyote.AbstractProtocol stop
INFORMAÇÕES: Stopping ProtocolHandler ["http-bio-8080"]
jun 12, 2019 4:02:00 PM org.apache.coyote.AbstractProtocol stop
INFORMAÇÕES: Stopping ProtocolHandler ["http-bio-8443"]
jun 12, 2019 4:02:00 PM org.apache.coyote.AbstractProtocol stop
INFORMAÇÕES: Stopping ProtocolHandler ["ajp-bio-8009"]
jun 12, 2019 4:02:00 PM org.apache.coyote.AbstractProtocol destroy
INFORMAÇÕES: Destroying ProtocolHandler ["http-bio-8080"]
jun 12, 2019 4:02:00 PM org.apache.coyote.AbstractProtocol destroy
INFORMAÇÕES: Destroying ProtocolHandler ["http-bio-8443"]
jun 12, 2019 4:02:00 PM org.apache.coyote.AbstractProtocol destroy
INFORMAÇÕES: Destroying ProtocolHandler ["ajp-bio-8009"]
jun 12, 2019 4:02:01 PM org.apache.catalina.core.AprLifecycleListener init
INFORMAÇÕES: The APR based Apache Tomcat Native library which allows optimal performance in production environments was not found on the java.library.path: /usr/java/packages/lib/amd64:/usr/lib64:/lib64:/lib:/usr/lib
jun 12, 2019 4:02:01 PM org.apache.coyote.AbstractProtocol init
INFORMAÇÕES: Initializing ProtocolHandler ["http-bio-8080"]
jun 12, 2019 4:02:01 PM org.apache.coyote.AbstractProtocol init
INFORMAÇÕES: Initializing ProtocolHandler ["http-bio-8443"]
jun 12, 2019 4:02:02 PM org.apache.coyote.AbstractProtocol init
INFORMAÇÕES: Initializing ProtocolHandler ["ajp-bio-8009"]
jun 12, 2019 4:02:02 PM org.apache.catalina.startup.Catalina load
INFORMAÇÕES: Initialization processed in 794 ms
jun 12, 2019 4:02:02 PM org.apache.catalina.core.StandardService startInternal
INFORMAÇÕES: Starting service Catalina
jun 12, 2019 4:02:02 PM org.apache.catalina.core.StandardEngine startInternal
INFORMAÇÕES: Starting Servlet Engine: Apache Tomcat/7.0.53
jun 12, 2019 4:02:02 PM org.apache.catalina.startup.HostConfig deployDirectory
INFORMAÇÕES: Deploying web application directory /home/matheus/Área de Trabalho/1º Semestre 2019/POC II/WebRatioMobilePlatformCommunityEdition_8.10.3.Linux/Tomcat/webapps/manager
jun 12, 2019 4:02:02 PM org.apache.catalina.startup.HostConfig deployDirectory
INFORMAÇÕES: Deploying web application directory /home/matheus/Área de Trabalho/1º Semestre 2019/POC II/WebRatioMobilePlatformCommunityEdition_8.10.3.Linux/Tomcat/webapps/docs
jun 12, 2019 4:02:02 PM org.apache.catalina.startup.HostConfig deployDirectory
INFORMAÇÕES: Deploying web application directory /home/matheus/Área de Trabalho/1º Semestre 2019/POC II/WebRatioMobilePlatformCommunityEdition_8.10.3.Linux/Tomcat/webapps/examples
jun 12, 2019 4:02:02 PM org.apache.catalina.startup.HostConfig deployDirectory
INFORMAÇÕES: Deploying web application directory /home/matheus/Área de Trabalho/1º Semestre 2019/POC II/WebRatioMobilePlatformCommunityEdition_8.10.3.Linux/Tomcat/webapps/ROOT
jun 12, 2019 4:02:02 PM org.apache.catalina.startup.HostConfig deployDirectory
INFORMAÇÕES: Deploying web application directory /home/matheus/Área de Trabalho/1º Semestre 2019/POC II/WebRatioMobilePlatformCommunityEdition_8.10.3.Linux/Tomcat/webapps/Data
jun 12, 2019 4:02:08 PM org.apache.catalina.startup.HostConfig deployDirectory
INFORMAÇÕES: Deploying web application directory /home/matheus/Área de Trabalho/1º Semestre 2019/POC II/WebRatioMobilePlatformCommunityEdition_8.10.3.Linux/Tomcat/webapps/host-manager
jun 12, 2019 4:02:08 PM org.apache.coyote.AbstractProtocol start
INFORMAÇÕES: Starting ProtocolHandler ["http-bio-8080"]
jun 12, 2019 4:02:08 PM org.apache.coyote.AbstractProtocol start
INFORMAÇÕES: Starting ProtocolHandler ["http-bio-8443"]
jun 12, 2019 4:02:08 PM org.apache.coyote.AbstractProtocol start
INFORMAÇÕES: Starting ProtocolHandler ["ajp-bio-8009"]
jun 12, 2019 4:02:08 PM org.apache.catalina.startup.Catalina start
INFORMAÇÕES: Server startup in 6656 ms
jun 12, 2019 4:02:15 PM org.apache.catalina.loader.WebappClassLoader loadClass
INFORMAÇÕES: Illegal access: this web application instance has been stopped already.  Could not load net.sf.ehcache.store.disk.DiskStore$KeySet.  The eventual following stack trace is caused by an error thrown for debugging purposes as well as to attempt to terminate the thread which caused the illegal access, and has no functional impact.
java.lang.IllegalStateException
	at org.apache.catalina.loader.WebappClassLoader.loadClass(WebappClassLoader.java:1612)
	at org.apache.catalina.loader.WebappClassLoader.loadClass(WebappClassLoader.java:1571)
	at net.sf.ehcache.store.disk.DiskStore.keySet(DiskStore.java:610)
	at net.sf.ehcache.store.disk.DiskStorageFactory$DiskExpiryTask.run(DiskStorageFactory.java:817)
	at java.util.concurrent.Executors$RunnableAdapter.call(Executors.java:511)
	at java.util.concurrent.FutureTask.runAndReset(FutureTask.java:308)
	at java.util.concurrent.ScheduledThreadPoolExecutor$ScheduledFutureTask.access$301(ScheduledThreadPoolExecutor.java:180)
	at java.util.concurrent.ScheduledThreadPoolExecutor$ScheduledFutureTask.run(ScheduledThreadPoolExecutor.java:294)
	at java.util.concurrent.ThreadPoolExecutor.runWorker(ThreadPoolExecutor.java:1149)
	at java.util.concurrent.ThreadPoolExecutor$Worker.run(ThreadPoolExecutor.java:624)
	at java.lang.Thread.run(Thread.java:748)

jun 12, 2019 4:05:15 PM org.apache.catalina.loader.WebappClassLoader loadClass
INFORMAÇÕES: Illegal access: this web application instance has been stopped already.  Could not load net.sf.ehcache.util.concurrent.ConcurrentHashMap$ValueIterator.  The eventual following stack trace is caused by an error thrown for debugging purposes as well as to attempt to terminate the thread which caused the illegal access, and has no functional impact.
java.lang.IllegalStateException
	at org.apache.catalina.loader.WebappClassLoader.loadClass(WebappClassLoader.java:1612)
	at org.apache.catalina.loader.WebappClassLoader.loadClass(WebappClassLoader.java:1571)
	at net.sf.ehcache.util.concurrent.ConcurrentHashMap$ValuesView.iterator(ConcurrentHashMap.java:3252)
	at net.sf.ehcache.statistics.extended.ExtendedStatisticsImpl$1.run(ExtendedStatisticsImpl.java:104)
	at java.util.concurrent.Executors$RunnableAdapter.call(Executors.java:511)
	at java.util.concurrent.FutureTask.runAndReset(FutureTask.java:308)
	at java.util.concurrent.ScheduledThreadPoolExecutor$ScheduledFutureTask.access$301(ScheduledThreadPoolExecutor.java:180)
	at java.util.concurrent.ScheduledThreadPoolExecutor$ScheduledFutureTask.run(ScheduledThreadPoolExecutor.java:294)
	at java.util.concurrent.ThreadPoolExecutor.runWorker(ThreadPoolExecutor.java:1149)
	at java.util.concurrent.ThreadPoolExecutor$Worker.run(ThreadPoolExecutor.java:624)
	at java.lang.Thread.run(Thread.java:748)

