mai 17, 2019 9:44:09 AM org.apache.catalina.core.AprLifecycleListener init
INFORMAÇÕES: The APR based Apache Tomcat Native library which allows optimal performance in production environments was not found on the java.library.path: /usr/java/packages/lib/amd64:/usr/lib64:/lib64:/lib:/usr/lib
mai 17, 2019 9:44:10 AM org.apache.coyote.AbstractProtocol init
INFORMAÇÕES: Initializing ProtocolHandler ["http-bio-8080"]
mai 17, 2019 9:44:10 AM org.apache.coyote.AbstractProtocol init
INFORMAÇÕES: Initializing ProtocolHandler ["http-bio-8443"]
mai 17, 2019 9:44:10 AM org.apache.coyote.AbstractProtocol init
INFORMAÇÕES: Initializing ProtocolHandler ["ajp-bio-8009"]
mai 17, 2019 9:44:10 AM org.apache.catalina.startup.Catalina load
INFORMAÇÕES: Initialization processed in 748 ms
mai 17, 2019 9:44:10 AM org.apache.catalina.core.StandardService startInternal
INFORMAÇÕES: Starting service Catalina
mai 17, 2019 9:44:10 AM org.apache.catalina.core.StandardEngine startInternal
INFORMAÇÕES: Starting Servlet Engine: Apache Tomcat/7.0.53
mai 17, 2019 9:44:10 AM org.apache.catalina.startup.HostConfig deployDirectory
INFORMAÇÕES: Deploying web application directory /home/matheus/Área de Trabalho/1º Semestre 2019/POC II/WebRatioMobilePlatformCommunityEdition_8.10.3.Linux/Tomcat/webapps/manager
mai 17, 2019 9:44:10 AM org.apache.catalina.startup.HostConfig deployDirectory
INFORMAÇÕES: Deploying web application directory /home/matheus/Área de Trabalho/1º Semestre 2019/POC II/WebRatioMobilePlatformCommunityEdition_8.10.3.Linux/Tomcat/webapps/docs
mai 17, 2019 9:44:10 AM org.apache.catalina.startup.HostConfig deployDirectory
INFORMAÇÕES: Deploying web application directory /home/matheus/Área de Trabalho/1º Semestre 2019/POC II/WebRatioMobilePlatformCommunityEdition_8.10.3.Linux/Tomcat/webapps/examples
mai 17, 2019 9:44:11 AM org.apache.catalina.startup.HostConfig deployDirectory
INFORMAÇÕES: Deploying web application directory /home/matheus/Área de Trabalho/1º Semestre 2019/POC II/WebRatioMobilePlatformCommunityEdition_8.10.3.Linux/Tomcat/webapps/ROOT
mai 17, 2019 9:44:11 AM org.apache.catalina.startup.HostConfig deployDirectory
INFORMAÇÕES: Deploying web application directory /home/matheus/Área de Trabalho/1º Semestre 2019/POC II/WebRatioMobilePlatformCommunityEdition_8.10.3.Linux/Tomcat/webapps/Data
mai 17, 2019 9:44:15 AM org.apache.catalina.startup.HostConfig deployDirectory
INFORMAÇÕES: Deploying web application directory /home/matheus/Área de Trabalho/1º Semestre 2019/POC II/WebRatioMobilePlatformCommunityEdition_8.10.3.Linux/Tomcat/webapps/host-manager
mai 17, 2019 9:44:15 AM org.apache.coyote.AbstractProtocol start
INFORMAÇÕES: Starting ProtocolHandler ["http-bio-8080"]
mai 17, 2019 9:44:15 AM org.apache.coyote.AbstractProtocol start
INFORMAÇÕES: Starting ProtocolHandler ["http-bio-8443"]
mai 17, 2019 9:44:15 AM org.apache.coyote.AbstractProtocol start
INFORMAÇÕES: Starting ProtocolHandler ["ajp-bio-8009"]
mai 17, 2019 9:44:15 AM org.apache.catalina.startup.Catalina start
INFORMAÇÕES: Server startup in 5018 ms
mai 17, 2019 9:51:15 AM org.apache.catalina.startup.HostConfig reload
INFORMAÇÕES: Reloading context [/Data]
mai 17, 2019 9:51:15 AM org.apache.catalina.core.StandardContext reload
INFORMAÇÕES: Reloading Context with name [/Data] has started
mai 17, 2019 9:51:16 AM org.apache.catalina.loader.WebappClassLoader clearReferencesJdbc
GRAVE: The web application [/Data] registered the JDBC driver [com.mysql.jdbc.Driver] but failed to unregister it when the web application was stopped. To prevent a memory leak, the JDBC Driver has been forcibly unregistered.
mai 17, 2019 9:51:16 AM org.apache.catalina.loader.WebappClassLoader clearReferencesThreads
GRAVE: The web application [/Data] appears to have started a thread named [Abandoned connection cleanup thread] but has failed to stop it. This is very likely to create a memory leak.
mai 17, 2019 9:51:21 AM org.apache.catalina.core.StandardContext reload
INFORMAÇÕES: Reloading Context with name [/Data] is completed
mai 17, 2019 9:58:11 AM org.apache.catalina.core.AprLifecycleListener init
INFORMAÇÕES: The APR based Apache Tomcat Native library which allows optimal performance in production environments was not found on the java.library.path: /usr/java/packages/lib/amd64:/usr/lib64:/lib64:/lib:/usr/lib
mai 17, 2019 9:58:11 AM org.apache.coyote.AbstractProtocol init
INFORMAÇÕES: Initializing ProtocolHandler ["http-bio-8080"]
mai 17, 2019 9:58:11 AM org.apache.coyote.AbstractProtocol init
INFORMAÇÕES: Initializing ProtocolHandler ["http-bio-8443"]
mai 17, 2019 9:58:12 AM org.apache.coyote.AbstractProtocol init
INFORMAÇÕES: Initializing ProtocolHandler ["ajp-bio-8009"]
mai 17, 2019 9:58:12 AM org.apache.catalina.startup.Catalina load
INFORMAÇÕES: Initialization processed in 911 ms
mai 17, 2019 9:58:12 AM org.apache.catalina.core.StandardService startInternal
INFORMAÇÕES: Starting service Catalina
mai 17, 2019 9:58:12 AM org.apache.catalina.core.StandardEngine startInternal
INFORMAÇÕES: Starting Servlet Engine: Apache Tomcat/7.0.53
mai 17, 2019 9:58:12 AM org.apache.catalina.startup.HostConfig deployDirectory
INFORMAÇÕES: Deploying web application directory /home/matheus/Área de Trabalho/1º Semestre 2019/POC II/WebRatioMobilePlatformCommunityEdition_8.10.3.Linux/Tomcat/webapps/manager
mai 17, 2019 9:58:12 AM org.apache.catalina.startup.HostConfig deployDirectory
INFORMAÇÕES: Deploying web application directory /home/matheus/Área de Trabalho/1º Semestre 2019/POC II/WebRatioMobilePlatformCommunityEdition_8.10.3.Linux/Tomcat/webapps/docs
mai 17, 2019 9:58:12 AM org.apache.catalina.startup.HostConfig deployDirectory
INFORMAÇÕES: Deploying web application directory /home/matheus/Área de Trabalho/1º Semestre 2019/POC II/WebRatioMobilePlatformCommunityEdition_8.10.3.Linux/Tomcat/webapps/examples
mai 17, 2019 9:58:13 AM org.apache.catalina.startup.HostConfig deployDirectory
INFORMAÇÕES: Deploying web application directory /home/matheus/Área de Trabalho/1º Semestre 2019/POC II/WebRatioMobilePlatformCommunityEdition_8.10.3.Linux/Tomcat/webapps/ROOT
mai 17, 2019 9:58:13 AM org.apache.catalina.startup.HostConfig deployDirectory
INFORMAÇÕES: Deploying web application directory /home/matheus/Área de Trabalho/1º Semestre 2019/POC II/WebRatioMobilePlatformCommunityEdition_8.10.3.Linux/Tomcat/webapps/Data
mai 17, 2019 9:58:18 AM org.apache.catalina.startup.HostConfig deployDirectory
INFORMAÇÕES: Deploying web application directory /home/matheus/Área de Trabalho/1º Semestre 2019/POC II/WebRatioMobilePlatformCommunityEdition_8.10.3.Linux/Tomcat/webapps/host-manager
mai 17, 2019 9:58:18 AM org.apache.coyote.AbstractProtocol start
INFORMAÇÕES: Starting ProtocolHandler ["http-bio-8080"]
mai 17, 2019 9:58:18 AM org.apache.coyote.AbstractProtocol start
INFORMAÇÕES: Starting ProtocolHandler ["http-bio-8443"]
mai 17, 2019 9:58:18 AM org.apache.coyote.AbstractProtocol start
INFORMAÇÕES: Starting ProtocolHandler ["ajp-bio-8009"]
mai 17, 2019 9:58:18 AM org.apache.catalina.startup.Catalina start
INFORMAÇÕES: Server startup in 6096 ms
mai 17, 2019 10:54:59 AM org.apache.catalina.core.StandardServer await
INFORMAÇÕES: A valid shutdown command was received via the shutdown port. Stopping the Server instance.
mai 17, 2019 10:54:59 AM org.apache.coyote.AbstractProtocol pause
INFORMAÇÕES: Pausing ProtocolHandler ["http-bio-8080"]
mai 17, 2019 10:54:59 AM org.apache.coyote.AbstractProtocol pause
INFORMAÇÕES: Pausing ProtocolHandler ["http-bio-8443"]
mai 17, 2019 10:54:59 AM org.apache.coyote.AbstractProtocol pause
INFORMAÇÕES: Pausing ProtocolHandler ["ajp-bio-8009"]
mai 17, 2019 10:54:59 AM org.apache.catalina.core.StandardService stopInternal
INFORMAÇÕES: Stopping service Catalina
mai 17, 2019 10:55:00 AM org.apache.catalina.loader.WebappClassLoader clearReferencesJdbc
GRAVE: The web application [/Data] registered the JDBC driver [com.mysql.jdbc.Driver] but failed to unregister it when the web application was stopped. To prevent a memory leak, the JDBC Driver has been forcibly unregistered.
mai 17, 2019 10:55:00 AM org.apache.catalina.loader.WebappClassLoader clearReferencesThreads
GRAVE: The web application [/Data] appears to have started a thread named [Abandoned connection cleanup thread] but has failed to stop it. This is very likely to create a memory leak.
mai 17, 2019 10:55:00 AM org.apache.catalina.loader.WebappClassLoader clearReferencesThreads
GRAVE: The web application [/Data] appears to have started a thread named [__DEFAULT__] but has failed to stop it. This is very likely to create a memory leak.
mai 17, 2019 10:55:00 AM org.apache.catalina.loader.WebappClassLoader clearReferencesThreads
GRAVE: The web application [/Data] appears to have started a thread named [data%0043ache.data] but has failed to stop it. This is very likely to create a memory leak.
mai 17, 2019 10:55:00 AM org.apache.catalina.loader.WebappClassLoader clearReferencesThreads
GRAVE: The web application [/Data] appears to have started a thread named [Statistics Thread-__DEFAULT__-1] but has failed to stop it. This is very likely to create a memory leak.
mai 17, 2019 10:55:00 AM org.apache.catalina.loader.WebappClassLoader clearReferencesThreads
GRAVE: The web application [/Data] appears to have started a thread named [deleted%004fbject%0049ds%0043ache.data] but has failed to stop it. This is very likely to create a memory leak.
mai 17, 2019 10:55:00 AM org.apache.catalina.loader.WebappClassLoader clearReferencesThreads
GRAVE: The web application [/Data] appears to have started a thread named [checksums%0043ache.data] but has failed to stop it. This is very likely to create a memory leak.
mai 17, 2019 10:55:00 AM org.apache.coyote.AbstractProtocol stop
INFORMAÇÕES: Stopping ProtocolHandler ["http-bio-8080"]
mai 17, 2019 10:55:00 AM org.apache.coyote.AbstractProtocol stop
INFORMAÇÕES: Stopping ProtocolHandler ["http-bio-8443"]
mai 17, 2019 10:55:00 AM org.apache.coyote.AbstractProtocol stop
INFORMAÇÕES: Stopping ProtocolHandler ["ajp-bio-8009"]
mai 17, 2019 10:55:00 AM org.apache.coyote.AbstractProtocol destroy
INFORMAÇÕES: Destroying ProtocolHandler ["http-bio-8080"]
mai 17, 2019 10:55:00 AM org.apache.coyote.AbstractProtocol destroy
INFORMAÇÕES: Destroying ProtocolHandler ["http-bio-8443"]
mai 17, 2019 10:55:00 AM org.apache.coyote.AbstractProtocol destroy
INFORMAÇÕES: Destroying ProtocolHandler ["ajp-bio-8009"]
mai 17, 2019 10:55:01 AM org.apache.catalina.core.AprLifecycleListener init
INFORMAÇÕES: The APR based Apache Tomcat Native library which allows optimal performance in production environments was not found on the java.library.path: /usr/java/packages/lib/amd64:/usr/lib64:/lib64:/lib:/usr/lib
mai 17, 2019 10:55:02 AM org.apache.coyote.AbstractProtocol init
INFORMAÇÕES: Initializing ProtocolHandler ["http-bio-8080"]
mai 17, 2019 10:55:02 AM org.apache.coyote.AbstractProtocol init
INFORMAÇÕES: Initializing ProtocolHandler ["http-bio-8443"]
mai 17, 2019 10:55:02 AM org.apache.coyote.AbstractProtocol init
INFORMAÇÕES: Initializing ProtocolHandler ["ajp-bio-8009"]
mai 17, 2019 10:55:02 AM org.apache.catalina.startup.Catalina load
INFORMAÇÕES: Initialization processed in 769 ms
mai 17, 2019 10:55:02 AM org.apache.catalina.core.StandardService startInternal
INFORMAÇÕES: Starting service Catalina
mai 17, 2019 10:55:02 AM org.apache.catalina.core.StandardEngine startInternal
INFORMAÇÕES: Starting Servlet Engine: Apache Tomcat/7.0.53
mai 17, 2019 10:55:02 AM org.apache.catalina.startup.HostConfig deployDirectory
INFORMAÇÕES: Deploying web application directory /home/matheus/Área de Trabalho/1º Semestre 2019/POC II/WebRatioMobilePlatformCommunityEdition_8.10.3.Linux/Tomcat/webapps/manager
mai 17, 2019 10:55:02 AM org.apache.catalina.startup.HostConfig deployDirectory
INFORMAÇÕES: Deploying web application directory /home/matheus/Área de Trabalho/1º Semestre 2019/POC II/WebRatioMobilePlatformCommunityEdition_8.10.3.Linux/Tomcat/webapps/docs
mai 17, 2019 10:55:02 AM org.apache.catalina.startup.HostConfig deployDirectory
INFORMAÇÕES: Deploying web application directory /home/matheus/Área de Trabalho/1º Semestre 2019/POC II/WebRatioMobilePlatformCommunityEdition_8.10.3.Linux/Tomcat/webapps/examples
mai 17, 2019 10:55:02 AM org.apache.catalina.startup.HostConfig deployDirectory
INFORMAÇÕES: Deploying web application directory /home/matheus/Área de Trabalho/1º Semestre 2019/POC II/WebRatioMobilePlatformCommunityEdition_8.10.3.Linux/Tomcat/webapps/ROOT
mai 17, 2019 10:55:02 AM org.apache.catalina.startup.HostConfig deployDirectory
INFORMAÇÕES: Deploying web application directory /home/matheus/Área de Trabalho/1º Semestre 2019/POC II/WebRatioMobilePlatformCommunityEdition_8.10.3.Linux/Tomcat/webapps/Data
mai 17, 2019 10:55:07 AM org.apache.catalina.startup.HostConfig deployDirectory
INFORMAÇÕES: Deploying web application directory /home/matheus/Área de Trabalho/1º Semestre 2019/POC II/WebRatioMobilePlatformCommunityEdition_8.10.3.Linux/Tomcat/webapps/host-manager
mai 17, 2019 10:55:07 AM org.apache.coyote.AbstractProtocol start
INFORMAÇÕES: Starting ProtocolHandler ["http-bio-8080"]
mai 17, 2019 10:55:07 AM org.apache.coyote.AbstractProtocol start
INFORMAÇÕES: Starting ProtocolHandler ["http-bio-8443"]
mai 17, 2019 10:55:07 AM org.apache.coyote.AbstractProtocol start
INFORMAÇÕES: Starting ProtocolHandler ["ajp-bio-8009"]
mai 17, 2019 10:55:07 AM org.apache.catalina.startup.Catalina start
INFORMAÇÕES: Server startup in 5018 ms
mai 17, 2019 10:59:22 AM org.apache.catalina.core.AprLifecycleListener init
INFORMAÇÕES: The APR based Apache Tomcat Native library which allows optimal performance in production environments was not found on the java.library.path: /usr/java/packages/lib/amd64:/usr/lib64:/lib64:/lib:/usr/lib
mai 17, 2019 10:59:23 AM org.apache.coyote.AbstractProtocol init
INFORMAÇÕES: Initializing ProtocolHandler ["http-bio-8080"]
mai 17, 2019 10:59:23 AM org.apache.coyote.AbstractProtocol init
INFORMAÇÕES: Initializing ProtocolHandler ["http-bio-8443"]
mai 17, 2019 10:59:23 AM org.apache.coyote.AbstractProtocol init
INFORMAÇÕES: Initializing ProtocolHandler ["ajp-bio-8009"]
mai 17, 2019 10:59:23 AM org.apache.catalina.startup.Catalina load
INFORMAÇÕES: Initialization processed in 2359 ms
mai 17, 2019 10:59:23 AM org.apache.catalina.core.StandardService startInternal
INFORMAÇÕES: Starting service Catalina
mai 17, 2019 10:59:23 AM org.apache.catalina.core.StandardEngine startInternal
INFORMAÇÕES: Starting Servlet Engine: Apache Tomcat/7.0.53
mai 17, 2019 10:59:23 AM org.apache.catalina.startup.HostConfig deployDirectory
INFORMAÇÕES: Deploying web application directory /home/matheus/Área de Trabalho/1º Semestre 2019/POC II/WebRatioMobilePlatformCommunityEdition_8.10.3.Linux/Tomcat/webapps/manager
mai 17, 2019 10:59:24 AM org.apache.catalina.startup.HostConfig deployDirectory
INFORMAÇÕES: Deploying web application directory /home/matheus/Área de Trabalho/1º Semestre 2019/POC II/WebRatioMobilePlatformCommunityEdition_8.10.3.Linux/Tomcat/webapps/docs
mai 17, 2019 10:59:24 AM org.apache.catalina.startup.HostConfig deployDirectory
INFORMAÇÕES: Deploying web application directory /home/matheus/Área de Trabalho/1º Semestre 2019/POC II/WebRatioMobilePlatformCommunityEdition_8.10.3.Linux/Tomcat/webapps/examples
mai 17, 2019 10:59:25 AM org.apache.catalina.startup.HostConfig deployDirectory
INFORMAÇÕES: Deploying web application directory /home/matheus/Área de Trabalho/1º Semestre 2019/POC II/WebRatioMobilePlatformCommunityEdition_8.10.3.Linux/Tomcat/webapps/ROOT
mai 17, 2019 10:59:25 AM org.apache.catalina.startup.HostConfig deployDirectory
INFORMAÇÕES: Deploying web application directory /home/matheus/Área de Trabalho/1º Semestre 2019/POC II/WebRatioMobilePlatformCommunityEdition_8.10.3.Linux/Tomcat/webapps/Data
mai 17, 2019 10:59:34 AM org.apache.catalina.startup.HostConfig deployDirectory
INFORMAÇÕES: Deploying web application directory /home/matheus/Área de Trabalho/1º Semestre 2019/POC II/WebRatioMobilePlatformCommunityEdition_8.10.3.Linux/Tomcat/webapps/host-manager
mai 17, 2019 10:59:34 AM org.apache.coyote.AbstractProtocol start
INFORMAÇÕES: Starting ProtocolHandler ["http-bio-8080"]
mai 17, 2019 10:59:34 AM org.apache.coyote.AbstractProtocol start
INFORMAÇÕES: Starting ProtocolHandler ["http-bio-8443"]
mai 17, 2019 10:59:34 AM org.apache.coyote.AbstractProtocol start
INFORMAÇÕES: Starting ProtocolHandler ["ajp-bio-8009"]
mai 17, 2019 10:59:34 AM org.apache.catalina.startup.Catalina start
INFORMAÇÕES: Server startup in 10507 ms
mai 17, 2019 11:43:06 AM org.apache.coyote.AbstractProtocol pause
INFORMAÇÕES: Pausing ProtocolHandler ["http-bio-8080"]
mai 17, 2019 11:43:06 AM org.apache.coyote.AbstractProtocol pause
INFORMAÇÕES: Pausing ProtocolHandler ["http-bio-8443"]
mai 17, 2019 11:43:07 AM org.apache.coyote.AbstractProtocol pause
INFORMAÇÕES: Pausing ProtocolHandler ["ajp-bio-8009"]
mai 17, 2019 11:43:07 AM org.apache.catalina.core.StandardService stopInternal
INFORMAÇÕES: Stopping service Catalina
mai 17, 2019 11:43:07 AM org.apache.catalina.loader.WebappClassLoader clearReferencesJdbc
GRAVE: The web application [/Data] registered the JDBC driver [com.mysql.jdbc.Driver] but failed to unregister it when the web application was stopped. To prevent a memory leak, the JDBC Driver has been forcibly unregistered.
mai 17, 2019 11:43:07 AM org.apache.catalina.loader.WebappClassLoader clearReferencesThreads
GRAVE: The web application [/Data] appears to have started a thread named [Abandoned connection cleanup thread] but has failed to stop it. This is very likely to create a memory leak.
mai 17, 2019 11:43:07 AM org.apache.catalina.loader.WebappClassLoader clearReferencesThreads
GRAVE: The web application [/Data] appears to have started a thread named [__DEFAULT__] but has failed to stop it. This is very likely to create a memory leak.
mai 17, 2019 11:43:07 AM org.apache.catalina.loader.WebappClassLoader clearReferencesThreads
GRAVE: The web application [/Data] appears to have started a thread named [data%0043ache.data] but has failed to stop it. This is very likely to create a memory leak.
mai 17, 2019 11:43:07 AM org.apache.catalina.loader.WebappClassLoader clearReferencesThreads
GRAVE: The web application [/Data] appears to have started a thread named [Statistics Thread-__DEFAULT__-1] but has failed to stop it. This is very likely to create a memory leak.
mai 17, 2019 11:43:07 AM org.apache.catalina.loader.WebappClassLoader clearReferencesThreads
GRAVE: The web application [/Data] appears to have started a thread named [deleted%004fbject%0049ds%0043ache.data] but has failed to stop it. This is very likely to create a memory leak.
mai 17, 2019 11:43:07 AM org.apache.catalina.loader.WebappClassLoader clearReferencesThreads
GRAVE: The web application [/Data] appears to have started a thread named [checksums%0043ache.data] but has failed to stop it. This is very likely to create a memory leak.
mai 17, 2019 11:43:07 AM org.apache.coyote.AbstractProtocol stop
INFORMAÇÕES: Stopping ProtocolHandler ["http-bio-8080"]
mai 17, 2019 11:43:07 AM org.apache.coyote.AbstractProtocol stop
INFORMAÇÕES: Stopping ProtocolHandler ["http-bio-8443"]
mai 17, 2019 11:43:07 AM org.apache.coyote.AbstractProtocol stop
INFORMAÇÕES: Stopping ProtocolHandler ["ajp-bio-8009"]
mai 17, 2019 11:43:07 AM org.apache.coyote.AbstractProtocol destroy
INFORMAÇÕES: Destroying ProtocolHandler ["http-bio-8080"]
mai 17, 2019 11:43:07 AM org.apache.coyote.AbstractProtocol destroy
INFORMAÇÕES: Destroying ProtocolHandler ["http-bio-8443"]
mai 17, 2019 11:43:07 AM org.apache.coyote.AbstractProtocol destroy
INFORMAÇÕES: Destroying ProtocolHandler ["ajp-bio-8009"]
