jun 11, 2019 4:21:36 PM org.apache.catalina.core.ApplicationContext log
INFORMAÇÕES: SessionListener: contextDestroyed()
jun 11, 2019 4:21:36 PM org.apache.catalina.core.ApplicationContext log
INFORMAÇÕES: ContextListener: contextDestroyed()
jun 11, 2019 4:21:37 PM org.apache.catalina.core.ApplicationContext log
INFORMAÇÕES: Destroying Spring FrameworkServlet 'controller-servlet'
jun 11, 2019 9:31:37 PM org.apache.catalina.core.ApplicationContext log
INFORMAÇÕES: ContextListener: contextInitialized()
jun 11, 2019 9:31:37 PM org.apache.catalina.core.ApplicationContext log
INFORMAÇÕES: SessionListener: contextInitialized()
jun 11, 2019 9:31:37 PM org.apache.catalina.core.ApplicationContext log
INFORMAÇÕES: ContextListener: attributeAdded('org.apache.jasper.compiler.TldLocationsCache', 'org.apache.jasper.compiler.TldLocationsCache@2055fa3d')
jun 11, 2019 9:31:37 PM org.apache.catalina.core.ApplicationContext log
INFORMAÇÕES: No Spring WebApplicationInitializer types detected on classpath
jun 11, 2019 9:31:38 PM org.apache.catalina.core.ApplicationContext log
INFORMAÇÕES: Initializing Spring FrameworkServlet 'controller-servlet'
jun 11, 2019 9:33:18 PM org.apache.catalina.core.ApplicationContext log
INFORMAÇÕES: SessionListener: contextDestroyed()
jun 11, 2019 9:33:18 PM org.apache.catalina.core.ApplicationContext log
INFORMAÇÕES: ContextListener: contextDestroyed()
jun 11, 2019 9:33:19 PM org.apache.catalina.core.ApplicationContext log
INFORMAÇÕES: Destroying Spring FrameworkServlet 'controller-servlet'
jun 11, 2019 9:33:27 PM org.apache.catalina.core.ApplicationContext log
INFORMAÇÕES: ContextListener: contextInitialized()
jun 11, 2019 9:33:27 PM org.apache.catalina.core.ApplicationContext log
INFORMAÇÕES: SessionListener: contextInitialized()
jun 11, 2019 9:33:27 PM org.apache.catalina.core.ApplicationContext log
INFORMAÇÕES: ContextListener: attributeAdded('org.apache.jasper.compiler.TldLocationsCache', 'org.apache.jasper.compiler.TldLocationsCache@2055fa3d')
jun 11, 2019 9:33:27 PM org.apache.catalina.core.ApplicationContext log
INFORMAÇÕES: No Spring WebApplicationInitializer types detected on classpath
jun 11, 2019 9:33:28 PM org.apache.catalina.core.ApplicationContext log
INFORMAÇÕES: Initializing Spring FrameworkServlet 'controller-servlet'
jun 11, 2019 9:36:53 PM org.apache.catalina.core.ApplicationContext log
INFORMAÇÕES: SessionListener: contextDestroyed()
jun 11, 2019 9:36:53 PM org.apache.catalina.core.ApplicationContext log
INFORMAÇÕES: ContextListener: contextDestroyed()
jun 11, 2019 9:36:54 PM org.apache.catalina.core.ApplicationContext log
INFORMAÇÕES: Destroying Spring FrameworkServlet 'controller-servlet'
jun 11, 2019 9:36:58 PM org.apache.catalina.core.ApplicationContext log
INFORMAÇÕES: ContextListener: contextInitialized()
jun 11, 2019 9:36:58 PM org.apache.catalina.core.ApplicationContext log
INFORMAÇÕES: SessionListener: contextInitialized()
jun 11, 2019 9:36:58 PM org.apache.catalina.core.ApplicationContext log
INFORMAÇÕES: ContextListener: attributeAdded('org.apache.jasper.compiler.TldLocationsCache', 'org.apache.jasper.compiler.TldLocationsCache@138828ed')
jun 11, 2019 9:36:58 PM org.apache.catalina.core.ApplicationContext log
INFORMAÇÕES: No Spring WebApplicationInitializer types detected on classpath
jun 11, 2019 9:36:59 PM org.apache.catalina.core.ApplicationContext log
INFORMAÇÕES: Initializing Spring FrameworkServlet 'controller-servlet'
