mai 24, 2019 1:19:32 PM org.apache.catalina.core.ApplicationContext log
INFORMAÇÕES: ContextListener: contextInitialized()
mai 24, 2019 1:19:32 PM org.apache.catalina.core.ApplicationContext log
INFORMAÇÕES: SessionListener: contextInitialized()
mai 24, 2019 1:19:32 PM org.apache.catalina.core.ApplicationContext log
INFORMAÇÕES: ContextListener: attributeAdded('org.apache.jasper.compiler.TldLocationsCache', 'org.apache.jasper.compiler.TldLocationsCache@138828ed')
mai 24, 2019 1:19:32 PM org.apache.catalina.core.ApplicationContext log
INFORMAÇÕES: No Spring WebApplicationInitializer types detected on classpath
mai 24, 2019 1:19:33 PM org.apache.catalina.core.ApplicationContext log
INFORMAÇÕES: Initializing Spring FrameworkServlet 'controller-servlet'
mai 24, 2019 3:00:33 PM org.apache.catalina.core.ApplicationContext log
INFORMAÇÕES: SessionListener: contextDestroyed()
mai 24, 2019 3:00:33 PM org.apache.catalina.core.ApplicationContext log
INFORMAÇÕES: ContextListener: contextDestroyed()
mai 24, 2019 3:00:34 PM org.apache.catalina.core.ApplicationContext log
INFORMAÇÕES: Destroying Spring FrameworkServlet 'controller-servlet'
mai 24, 2019 3:00:37 PM org.apache.catalina.core.ApplicationContext log
INFORMAÇÕES: ContextListener: contextInitialized()
mai 24, 2019 3:00:37 PM org.apache.catalina.core.ApplicationContext log
INFORMAÇÕES: SessionListener: contextInitialized()
mai 24, 2019 3:00:37 PM org.apache.catalina.core.ApplicationContext log
INFORMAÇÕES: ContextListener: attributeAdded('org.apache.jasper.compiler.TldLocationsCache', 'org.apache.jasper.compiler.TldLocationsCache@ade64a7')
mai 24, 2019 3:00:38 PM org.apache.catalina.core.ApplicationContext log
INFORMAÇÕES: No Spring WebApplicationInitializer types detected on classpath
mai 24, 2019 3:00:38 PM org.apache.catalina.core.ApplicationContext log
INFORMAÇÕES: Initializing Spring FrameworkServlet 'controller-servlet'
mai 24, 2019 3:02:26 PM org.apache.catalina.core.ApplicationDispatcher invoke
GRAVE: Servlet.service() for servlet jsp threw exception
javax.servlet.ServletException: File &quot;/WRDefault_Default.error.jsp&quot; not found
	at org.apache.jasper.servlet.JspServlet.handleMissingResource(JspServlet.java:412)
	at org.apache.jasper.servlet.JspServlet.serviceJspFile(JspServlet.java:379)
	at org.apache.jasper.servlet.JspServlet.service(JspServlet.java:334)
	at javax.servlet.http.HttpServlet.service(HttpServlet.java:727)
	at org.apache.catalina.core.ApplicationFilterChain.internalDoFilter(ApplicationFilterChain.java:303)
	at org.apache.catalina.core.ApplicationFilterChain.doFilter(ApplicationFilterChain.java:208)
	at org.apache.catalina.core.ApplicationDispatcher.invoke(ApplicationDispatcher.java:748)
	at org.apache.catalina.core.ApplicationDispatcher.doInclude(ApplicationDispatcher.java:604)
	at org.apache.catalina.core.ApplicationDispatcher.include(ApplicationDispatcher.java:543)
	at org.springframework.web.servlet.view.InternalResourceView.renderMergedOutputModel(InternalResourceView.java:160)
	at org.springframework.web.servlet.view.AbstractView.render(AbstractView.java:303)
	at org.springframework.web.servlet.DispatcherServlet.render(DispatcherServlet.java:1243)
	at org.springframework.web.servlet.DispatcherServlet.processDispatchResult(DispatcherServlet.java:1027)
	at org.springframework.web.servlet.DispatcherServlet.doDispatch(DispatcherServlet.java:971)
	at org.springframework.web.servlet.DispatcherServlet.doService(DispatcherServlet.java:893)
	at com.webratio.web.mvc.servlets.ControllerServlet.doService(ControllerServlet.java:104)
	at org.springframework.web.servlet.FrameworkServlet.processRequest(FrameworkServlet.java:969)
	at org.springframework.web.servlet.FrameworkServlet.doPost(FrameworkServlet.java:871)
	at javax.servlet.http.HttpServlet.service(HttpServlet.java:646)
	at org.springframework.web.servlet.FrameworkServlet.service(FrameworkServlet.java:845)
	at javax.servlet.http.HttpServlet.service(HttpServlet.java:727)
	at org.apache.catalina.core.ApplicationFilterChain.internalDoFilter(ApplicationFilterChain.java:303)
	at org.apache.catalina.core.ApplicationFilterChain.doFilter(ApplicationFilterChain.java:208)
	at org.apache.tomcat.websocket.server.WsFilter.doFilter(WsFilter.java:52)
	at org.apache.catalina.core.ApplicationFilterChain.internalDoFilter(ApplicationFilterChain.java:241)
	at org.apache.catalina.core.ApplicationFilterChain.doFilter(ApplicationFilterChain.java:208)
	at org.apache.catalina.core.ApplicationDispatcher.invoke(ApplicationDispatcher.java:748)
	at org.apache.catalina.core.ApplicationDispatcher.processRequest(ApplicationDispatcher.java:486)
	at org.apache.catalina.core.ApplicationDispatcher.doForward(ApplicationDispatcher.java:411)
	at org.apache.catalina.core.ApplicationDispatcher.forward(ApplicationDispatcher.java:338)
	at org.springframework.web.servlet.view.InternalResourceView.renderMergedOutputModel(InternalResourceView.java:168)
	at org.springframework.web.servlet.view.AbstractView.render(AbstractView.java:303)
	at org.springframework.web.servlet.DispatcherServlet.render(DispatcherServlet.java:1243)
	at org.springframework.web.servlet.DispatcherServlet.processDispatchResult(DispatcherServlet.java:1027)
	at org.springframework.web.servlet.DispatcherServlet.doDispatch(DispatcherServlet.java:971)
	at org.springframework.web.servlet.DispatcherServlet.doService(DispatcherServlet.java:893)
	at com.webratio.web.mvc.servlets.ControllerServlet.doService(ControllerServlet.java:104)
	at org.springframework.web.servlet.FrameworkServlet.processRequest(FrameworkServlet.java:969)
	at org.springframework.web.servlet.FrameworkServlet.doPost(FrameworkServlet.java:871)
	at javax.servlet.http.HttpServlet.service(HttpServlet.java:646)
	at org.springframework.web.servlet.FrameworkServlet.service(FrameworkServlet.java:845)
	at javax.servlet.http.HttpServlet.service(HttpServlet.java:727)
	at org.apache.catalina.core.ApplicationFilterChain.internalDoFilter(ApplicationFilterChain.java:303)
	at org.apache.catalina.core.ApplicationFilterChain.doFilter(ApplicationFilterChain.java:208)
	at org.apache.tomcat.websocket.server.WsFilter.doFilter(WsFilter.java:52)
	at org.apache.catalina.core.ApplicationFilterChain.internalDoFilter(ApplicationFilterChain.java:241)
	at org.apache.catalina.core.ApplicationFilterChain.doFilter(ApplicationFilterChain.java:208)
	at org.apache.catalina.core.ApplicationDispatcher.invoke(ApplicationDispatcher.java:748)
	at org.apache.catalina.core.ApplicationDispatcher.processRequest(ApplicationDispatcher.java:486)
	at org.apache.catalina.core.ApplicationDispatcher.doForward(ApplicationDispatcher.java:411)
	at org.apache.catalina.core.ApplicationDispatcher.forward(ApplicationDispatcher.java:338)
	at com.webratio.web.mvc.filters.URLFragmentsFilter.doFilter(URLFragmentsFilter.java:111)
	at org.apache.catalina.core.ApplicationFilterChain.internalDoFilter(ApplicationFilterChain.java:241)
	at org.apache.catalina.core.ApplicationFilterChain.doFilter(ApplicationFilterChain.java:208)
	at com.webratio.web.mvc.filters.SecurityFilter.doFilter(SecurityFilter.java:62)
	at org.apache.catalina.core.ApplicationFilterChain.internalDoFilter(ApplicationFilterChain.java:241)
	at org.apache.catalina.core.ApplicationFilterChain.doFilter(ApplicationFilterChain.java:208)
	at org.apache.catalina.core.StandardWrapperValve.invoke(StandardWrapperValve.java:220)
	at org.apache.catalina.core.StandardContextValve.invoke(StandardContextValve.java:122)
	at org.apache.catalina.authenticator.AuthenticatorBase.invoke(AuthenticatorBase.java:501)
	at org.apache.catalina.core.StandardHostValve.invoke(StandardHostValve.java:170)
	at org.apache.catalina.valves.ErrorReportValve.invoke(ErrorReportValve.java:98)
	at org.apache.catalina.valves.AccessLogValve.invoke(AccessLogValve.java:950)
	at org.apache.catalina.core.StandardEngineValve.invoke(StandardEngineValve.java:116)
	at org.apache.catalina.connector.CoyoteAdapter.service(CoyoteAdapter.java:408)
	at org.apache.coyote.http11.AbstractHttp11Processor.process(AbstractHttp11Processor.java:1040)
	at org.apache.coyote.AbstractProtocol$AbstractConnectionHandler.process(AbstractProtocol.java:607)
	at org.apache.tomcat.util.net.JIoEndpoint$SocketProcessor.run(JIoEndpoint.java:313)
	at java.util.concurrent.ThreadPoolExecutor.runWorker(ThreadPoolExecutor.java:1149)
	at java.util.concurrent.ThreadPoolExecutor$Worker.run(ThreadPoolExecutor.java:624)
	at java.lang.Thread.run(Thread.java:748)

mai 24, 2019 3:02:26 PM org.apache.catalina.core.ApplicationDispatcher invoke
GRAVE: Servlet.service() for servlet controller-servlet threw exception
javax.servlet.ServletException: File &quot;/WRDefault_Default.error.jsp&quot; not found
	at org.apache.jasper.servlet.JspServlet.handleMissingResource(JspServlet.java:412)
	at org.apache.jasper.servlet.JspServlet.serviceJspFile(JspServlet.java:379)
	at org.apache.jasper.servlet.JspServlet.service(JspServlet.java:334)
	at javax.servlet.http.HttpServlet.service(HttpServlet.java:727)
	at org.apache.catalina.core.ApplicationFilterChain.internalDoFilter(ApplicationFilterChain.java:303)
	at org.apache.catalina.core.ApplicationFilterChain.doFilter(ApplicationFilterChain.java:208)
	at org.apache.catalina.core.ApplicationDispatcher.invoke(ApplicationDispatcher.java:748)
	at org.apache.catalina.core.ApplicationDispatcher.doInclude(ApplicationDispatcher.java:604)
	at org.apache.catalina.core.ApplicationDispatcher.include(ApplicationDispatcher.java:543)
	at org.springframework.web.servlet.view.InternalResourceView.renderMergedOutputModel(InternalResourceView.java:160)
	at org.springframework.web.servlet.view.AbstractView.render(AbstractView.java:303)
	at org.springframework.web.servlet.DispatcherServlet.render(DispatcherServlet.java:1243)
	at org.springframework.web.servlet.DispatcherServlet.processDispatchResult(DispatcherServlet.java:1027)
	at org.springframework.web.servlet.DispatcherServlet.doDispatch(DispatcherServlet.java:971)
	at org.springframework.web.servlet.DispatcherServlet.doService(DispatcherServlet.java:893)
	at com.webratio.web.mvc.servlets.ControllerServlet.doService(ControllerServlet.java:104)
	at org.springframework.web.servlet.FrameworkServlet.processRequest(FrameworkServlet.java:969)
	at org.springframework.web.servlet.FrameworkServlet.doPost(FrameworkServlet.java:871)
	at javax.servlet.http.HttpServlet.service(HttpServlet.java:646)
	at org.springframework.web.servlet.FrameworkServlet.service(FrameworkServlet.java:845)
	at javax.servlet.http.HttpServlet.service(HttpServlet.java:727)
	at org.apache.catalina.core.ApplicationFilterChain.internalDoFilter(ApplicationFilterChain.java:303)
	at org.apache.catalina.core.ApplicationFilterChain.doFilter(ApplicationFilterChain.java:208)
	at org.apache.tomcat.websocket.server.WsFilter.doFilter(WsFilter.java:52)
	at org.apache.catalina.core.ApplicationFilterChain.internalDoFilter(ApplicationFilterChain.java:241)
	at org.apache.catalina.core.ApplicationFilterChain.doFilter(ApplicationFilterChain.java:208)
	at org.apache.catalina.core.ApplicationDispatcher.invoke(ApplicationDispatcher.java:748)
	at org.apache.catalina.core.ApplicationDispatcher.processRequest(ApplicationDispatcher.java:486)
	at org.apache.catalina.core.ApplicationDispatcher.doForward(ApplicationDispatcher.java:411)
	at org.apache.catalina.core.ApplicationDispatcher.forward(ApplicationDispatcher.java:338)
	at org.springframework.web.servlet.view.InternalResourceView.renderMergedOutputModel(InternalResourceView.java:168)
	at org.springframework.web.servlet.view.AbstractView.render(AbstractView.java:303)
	at org.springframework.web.servlet.DispatcherServlet.render(DispatcherServlet.java:1243)
	at org.springframework.web.servlet.DispatcherServlet.processDispatchResult(DispatcherServlet.java:1027)
	at org.springframework.web.servlet.DispatcherServlet.doDispatch(DispatcherServlet.java:971)
	at org.springframework.web.servlet.DispatcherServlet.doService(DispatcherServlet.java:893)
	at com.webratio.web.mvc.servlets.ControllerServlet.doService(ControllerServlet.java:104)
	at org.springframework.web.servlet.FrameworkServlet.processRequest(FrameworkServlet.java:969)
	at org.springframework.web.servlet.FrameworkServlet.doPost(FrameworkServlet.java:871)
	at javax.servlet.http.HttpServlet.service(HttpServlet.java:646)
	at org.springframework.web.servlet.FrameworkServlet.service(FrameworkServlet.java:845)
	at javax.servlet.http.HttpServlet.service(HttpServlet.java:727)
	at org.apache.catalina.core.ApplicationFilterChain.internalDoFilter(ApplicationFilterChain.java:303)
	at org.apache.catalina.core.ApplicationFilterChain.doFilter(ApplicationFilterChain.java:208)
	at org.apache.tomcat.websocket.server.WsFilter.doFilter(WsFilter.java:52)
	at org.apache.catalina.core.ApplicationFilterChain.internalDoFilter(ApplicationFilterChain.java:241)
	at org.apache.catalina.core.ApplicationFilterChain.doFilter(ApplicationFilterChain.java:208)
	at org.apache.catalina.core.ApplicationDispatcher.invoke(ApplicationDispatcher.java:748)
	at org.apache.catalina.core.ApplicationDispatcher.processRequest(ApplicationDispatcher.java:486)
	at org.apache.catalina.core.ApplicationDispatcher.doForward(ApplicationDispatcher.java:411)
	at org.apache.catalina.core.ApplicationDispatcher.forward(ApplicationDispatcher.java:338)
	at com.webratio.web.mvc.filters.URLFragmentsFilter.doFilter(URLFragmentsFilter.java:111)
	at org.apache.catalina.core.ApplicationFilterChain.internalDoFilter(ApplicationFilterChain.java:241)
	at org.apache.catalina.core.ApplicationFilterChain.doFilter(ApplicationFilterChain.java:208)
	at com.webratio.web.mvc.filters.SecurityFilter.doFilter(SecurityFilter.java:62)
	at org.apache.catalina.core.ApplicationFilterChain.internalDoFilter(ApplicationFilterChain.java:241)
	at org.apache.catalina.core.ApplicationFilterChain.doFilter(ApplicationFilterChain.java:208)
	at org.apache.catalina.core.StandardWrapperValve.invoke(StandardWrapperValve.java:220)
	at org.apache.catalina.core.StandardContextValve.invoke(StandardContextValve.java:122)
	at org.apache.catalina.authenticator.AuthenticatorBase.invoke(AuthenticatorBase.java:501)
	at org.apache.catalina.core.StandardHostValve.invoke(StandardHostValve.java:170)
	at org.apache.catalina.valves.ErrorReportValve.invoke(ErrorReportValve.java:98)
	at org.apache.catalina.valves.AccessLogValve.invoke(AccessLogValve.java:950)
	at org.apache.catalina.core.StandardEngineValve.invoke(StandardEngineValve.java:116)
	at org.apache.catalina.connector.CoyoteAdapter.service(CoyoteAdapter.java:408)
	at org.apache.coyote.http11.AbstractHttp11Processor.process(AbstractHttp11Processor.java:1040)
	at org.apache.coyote.AbstractProtocol$AbstractConnectionHandler.process(AbstractProtocol.java:607)
	at org.apache.tomcat.util.net.JIoEndpoint$SocketProcessor.run(JIoEndpoint.java:313)
	at java.util.concurrent.ThreadPoolExecutor.runWorker(ThreadPoolExecutor.java:1149)
	at java.util.concurrent.ThreadPoolExecutor$Worker.run(ThreadPoolExecutor.java:624)
	at java.lang.Thread.run(Thread.java:748)

mai 24, 2019 3:02:26 PM org.apache.catalina.core.ApplicationDispatcher invoke
GRAVE: Servlet.service() for servlet controller-servlet threw exception
javax.servlet.ServletException: File &quot;/WRDefault_Default.error.jsp&quot; not found
	at org.apache.jasper.servlet.JspServlet.handleMissingResource(JspServlet.java:412)
	at org.apache.jasper.servlet.JspServlet.serviceJspFile(JspServlet.java:379)
	at org.apache.jasper.servlet.JspServlet.service(JspServlet.java:334)
	at javax.servlet.http.HttpServlet.service(HttpServlet.java:727)
	at org.apache.catalina.core.ApplicationFilterChain.internalDoFilter(ApplicationFilterChain.java:303)
	at org.apache.catalina.core.ApplicationFilterChain.doFilter(ApplicationFilterChain.java:208)
	at org.apache.catalina.core.ApplicationDispatcher.invoke(ApplicationDispatcher.java:748)
	at org.apache.catalina.core.ApplicationDispatcher.doInclude(ApplicationDispatcher.java:604)
	at org.apache.catalina.core.ApplicationDispatcher.include(ApplicationDispatcher.java:543)
	at org.springframework.web.servlet.view.InternalResourceView.renderMergedOutputModel(InternalResourceView.java:160)
	at org.springframework.web.servlet.view.AbstractView.render(AbstractView.java:303)
	at org.springframework.web.servlet.DispatcherServlet.render(DispatcherServlet.java:1243)
	at org.springframework.web.servlet.DispatcherServlet.processDispatchResult(DispatcherServlet.java:1027)
	at org.springframework.web.servlet.DispatcherServlet.doDispatch(DispatcherServlet.java:971)
	at org.springframework.web.servlet.DispatcherServlet.doService(DispatcherServlet.java:893)
	at com.webratio.web.mvc.servlets.ControllerServlet.doService(ControllerServlet.java:104)
	at org.springframework.web.servlet.FrameworkServlet.processRequest(FrameworkServlet.java:969)
	at org.springframework.web.servlet.FrameworkServlet.doPost(FrameworkServlet.java:871)
	at javax.servlet.http.HttpServlet.service(HttpServlet.java:646)
	at org.springframework.web.servlet.FrameworkServlet.service(FrameworkServlet.java:845)
	at javax.servlet.http.HttpServlet.service(HttpServlet.java:727)
	at org.apache.catalina.core.ApplicationFilterChain.internalDoFilter(ApplicationFilterChain.java:303)
	at org.apache.catalina.core.ApplicationFilterChain.doFilter(ApplicationFilterChain.java:208)
	at org.apache.tomcat.websocket.server.WsFilter.doFilter(WsFilter.java:52)
	at org.apache.catalina.core.ApplicationFilterChain.internalDoFilter(ApplicationFilterChain.java:241)
	at org.apache.catalina.core.ApplicationFilterChain.doFilter(ApplicationFilterChain.java:208)
	at org.apache.catalina.core.ApplicationDispatcher.invoke(ApplicationDispatcher.java:748)
	at org.apache.catalina.core.ApplicationDispatcher.processRequest(ApplicationDispatcher.java:486)
	at org.apache.catalina.core.ApplicationDispatcher.doForward(ApplicationDispatcher.java:411)
	at org.apache.catalina.core.ApplicationDispatcher.forward(ApplicationDispatcher.java:338)
	at org.springframework.web.servlet.view.InternalResourceView.renderMergedOutputModel(InternalResourceView.java:168)
	at org.springframework.web.servlet.view.AbstractView.render(AbstractView.java:303)
	at org.springframework.web.servlet.DispatcherServlet.render(DispatcherServlet.java:1243)
	at org.springframework.web.servlet.DispatcherServlet.processDispatchResult(DispatcherServlet.java:1027)
	at org.springframework.web.servlet.DispatcherServlet.doDispatch(DispatcherServlet.java:971)
	at org.springframework.web.servlet.DispatcherServlet.doService(DispatcherServlet.java:893)
	at com.webratio.web.mvc.servlets.ControllerServlet.doService(ControllerServlet.java:104)
	at org.springframework.web.servlet.FrameworkServlet.processRequest(FrameworkServlet.java:969)
	at org.springframework.web.servlet.FrameworkServlet.doPost(FrameworkServlet.java:871)
	at javax.servlet.http.HttpServlet.service(HttpServlet.java:646)
	at org.springframework.web.servlet.FrameworkServlet.service(FrameworkServlet.java:845)
	at javax.servlet.http.HttpServlet.service(HttpServlet.java:727)
	at org.apache.catalina.core.ApplicationFilterChain.internalDoFilter(ApplicationFilterChain.java:303)
	at org.apache.catalina.core.ApplicationFilterChain.doFilter(ApplicationFilterChain.java:208)
	at org.apache.tomcat.websocket.server.WsFilter.doFilter(WsFilter.java:52)
	at org.apache.catalina.core.ApplicationFilterChain.internalDoFilter(ApplicationFilterChain.java:241)
	at org.apache.catalina.core.ApplicationFilterChain.doFilter(ApplicationFilterChain.java:208)
	at org.apache.catalina.core.ApplicationDispatcher.invoke(ApplicationDispatcher.java:748)
	at org.apache.catalina.core.ApplicationDispatcher.processRequest(ApplicationDispatcher.java:486)
	at org.apache.catalina.core.ApplicationDispatcher.doForward(ApplicationDispatcher.java:411)
	at org.apache.catalina.core.ApplicationDispatcher.forward(ApplicationDispatcher.java:338)
	at com.webratio.web.mvc.filters.URLFragmentsFilter.doFilter(URLFragmentsFilter.java:111)
	at org.apache.catalina.core.ApplicationFilterChain.internalDoFilter(ApplicationFilterChain.java:241)
	at org.apache.catalina.core.ApplicationFilterChain.doFilter(ApplicationFilterChain.java:208)
	at com.webratio.web.mvc.filters.SecurityFilter.doFilter(SecurityFilter.java:62)
	at org.apache.catalina.core.ApplicationFilterChain.internalDoFilter(ApplicationFilterChain.java:241)
	at org.apache.catalina.core.ApplicationFilterChain.doFilter(ApplicationFilterChain.java:208)
	at org.apache.catalina.core.StandardWrapperValve.invoke(StandardWrapperValve.java:220)
	at org.apache.catalina.core.StandardContextValve.invoke(StandardContextValve.java:122)
	at org.apache.catalina.authenticator.AuthenticatorBase.invoke(AuthenticatorBase.java:501)
	at org.apache.catalina.core.StandardHostValve.invoke(StandardHostValve.java:170)
	at org.apache.catalina.valves.ErrorReportValve.invoke(ErrorReportValve.java:98)
	at org.apache.catalina.valves.AccessLogValve.invoke(AccessLogValve.java:950)
	at org.apache.catalina.core.StandardEngineValve.invoke(StandardEngineValve.java:116)
	at org.apache.catalina.connector.CoyoteAdapter.service(CoyoteAdapter.java:408)
	at org.apache.coyote.http11.AbstractHttp11Processor.process(AbstractHttp11Processor.java:1040)
	at org.apache.coyote.AbstractProtocol$AbstractConnectionHandler.process(AbstractProtocol.java:607)
	at org.apache.tomcat.util.net.JIoEndpoint$SocketProcessor.run(JIoEndpoint.java:313)
	at java.util.concurrent.ThreadPoolExecutor.runWorker(ThreadPoolExecutor.java:1149)
	at java.util.concurrent.ThreadPoolExecutor$Worker.run(ThreadPoolExecutor.java:624)
	at java.lang.Thread.run(Thread.java:748)

mai 24, 2019 3:02:26 PM org.apache.catalina.core.StandardWrapperValve invoke
GRAVE: Servlet.service() for servlet [default] in context with path [/Data] threw exception [javax.servlet.ServletException: File &quot;/WRDefault_Default.error.jsp&quot; not found] with root cause
javax.servlet.ServletException: File &quot;/WRDefault_Default.error.jsp&quot; not found
	at org.apache.jasper.servlet.JspServlet.handleMissingResource(JspServlet.java:412)
	at org.apache.jasper.servlet.JspServlet.serviceJspFile(JspServlet.java:379)
	at org.apache.jasper.servlet.JspServlet.service(JspServlet.java:334)
	at javax.servlet.http.HttpServlet.service(HttpServlet.java:727)
	at org.apache.catalina.core.ApplicationFilterChain.internalDoFilter(ApplicationFilterChain.java:303)
	at org.apache.catalina.core.ApplicationFilterChain.doFilter(ApplicationFilterChain.java:208)
	at org.apache.catalina.core.ApplicationDispatcher.invoke(ApplicationDispatcher.java:748)
	at org.apache.catalina.core.ApplicationDispatcher.doInclude(ApplicationDispatcher.java:604)
	at org.apache.catalina.core.ApplicationDispatcher.include(ApplicationDispatcher.java:543)
	at org.springframework.web.servlet.view.InternalResourceView.renderMergedOutputModel(InternalResourceView.java:160)
	at org.springframework.web.servlet.view.AbstractView.render(AbstractView.java:303)
	at org.springframework.web.servlet.DispatcherServlet.render(DispatcherServlet.java:1243)
	at org.springframework.web.servlet.DispatcherServlet.processDispatchResult(DispatcherServlet.java:1027)
	at org.springframework.web.servlet.DispatcherServlet.doDispatch(DispatcherServlet.java:971)
	at org.springframework.web.servlet.DispatcherServlet.doService(DispatcherServlet.java:893)
	at com.webratio.web.mvc.servlets.ControllerServlet.doService(ControllerServlet.java:104)
	at org.springframework.web.servlet.FrameworkServlet.processRequest(FrameworkServlet.java:969)
	at org.springframework.web.servlet.FrameworkServlet.doPost(FrameworkServlet.java:871)
	at javax.servlet.http.HttpServlet.service(HttpServlet.java:646)
	at org.springframework.web.servlet.FrameworkServlet.service(FrameworkServlet.java:845)
	at javax.servlet.http.HttpServlet.service(HttpServlet.java:727)
	at org.apache.catalina.core.ApplicationFilterChain.internalDoFilter(ApplicationFilterChain.java:303)
	at org.apache.catalina.core.ApplicationFilterChain.doFilter(ApplicationFilterChain.java:208)
	at org.apache.tomcat.websocket.server.WsFilter.doFilter(WsFilter.java:52)
	at org.apache.catalina.core.ApplicationFilterChain.internalDoFilter(ApplicationFilterChain.java:241)
	at org.apache.catalina.core.ApplicationFilterChain.doFilter(ApplicationFilterChain.java:208)
	at org.apache.catalina.core.ApplicationDispatcher.invoke(ApplicationDispatcher.java:748)
	at org.apache.catalina.core.ApplicationDispatcher.processRequest(ApplicationDispatcher.java:486)
	at org.apache.catalina.core.ApplicationDispatcher.doForward(ApplicationDispatcher.java:411)
	at org.apache.catalina.core.ApplicationDispatcher.forward(ApplicationDispatcher.java:338)
	at org.springframework.web.servlet.view.InternalResourceView.renderMergedOutputModel(InternalResourceView.java:168)
	at org.springframework.web.servlet.view.AbstractView.render(AbstractView.java:303)
	at org.springframework.web.servlet.DispatcherServlet.render(DispatcherServlet.java:1243)
	at org.springframework.web.servlet.DispatcherServlet.processDispatchResult(DispatcherServlet.java:1027)
	at org.springframework.web.servlet.DispatcherServlet.doDispatch(DispatcherServlet.java:971)
	at org.springframework.web.servlet.DispatcherServlet.doService(DispatcherServlet.java:893)
	at com.webratio.web.mvc.servlets.ControllerServlet.doService(ControllerServlet.java:104)
	at org.springframework.web.servlet.FrameworkServlet.processRequest(FrameworkServlet.java:969)
	at org.springframework.web.servlet.FrameworkServlet.doPost(FrameworkServlet.java:871)
	at javax.servlet.http.HttpServlet.service(HttpServlet.java:646)
	at org.springframework.web.servlet.FrameworkServlet.service(FrameworkServlet.java:845)
	at javax.servlet.http.HttpServlet.service(HttpServlet.java:727)
	at org.apache.catalina.core.ApplicationFilterChain.internalDoFilter(ApplicationFilterChain.java:303)
	at org.apache.catalina.core.ApplicationFilterChain.doFilter(ApplicationFilterChain.java:208)
	at org.apache.tomcat.websocket.server.WsFilter.doFilter(WsFilter.java:52)
	at org.apache.catalina.core.ApplicationFilterChain.internalDoFilter(ApplicationFilterChain.java:241)
	at org.apache.catalina.core.ApplicationFilterChain.doFilter(ApplicationFilterChain.java:208)
	at org.apache.catalina.core.ApplicationDispatcher.invoke(ApplicationDispatcher.java:748)
	at org.apache.catalina.core.ApplicationDispatcher.processRequest(ApplicationDispatcher.java:486)
	at org.apache.catalina.core.ApplicationDispatcher.doForward(ApplicationDispatcher.java:411)
	at org.apache.catalina.core.ApplicationDispatcher.forward(ApplicationDispatcher.java:338)
	at com.webratio.web.mvc.filters.URLFragmentsFilter.doFilter(URLFragmentsFilter.java:111)
	at org.apache.catalina.core.ApplicationFilterChain.internalDoFilter(ApplicationFilterChain.java:241)
	at org.apache.catalina.core.ApplicationFilterChain.doFilter(ApplicationFilterChain.java:208)
	at com.webratio.web.mvc.filters.SecurityFilter.doFilter(SecurityFilter.java:62)
	at org.apache.catalina.core.ApplicationFilterChain.internalDoFilter(ApplicationFilterChain.java:241)
	at org.apache.catalina.core.ApplicationFilterChain.doFilter(ApplicationFilterChain.java:208)
	at org.apache.catalina.core.StandardWrapperValve.invoke(StandardWrapperValve.java:220)
	at org.apache.catalina.core.StandardContextValve.invoke(StandardContextValve.java:122)
	at org.apache.catalina.authenticator.AuthenticatorBase.invoke(AuthenticatorBase.java:501)
	at org.apache.catalina.core.StandardHostValve.invoke(StandardHostValve.java:170)
	at org.apache.catalina.valves.ErrorReportValve.invoke(ErrorReportValve.java:98)
	at org.apache.catalina.valves.AccessLogValve.invoke(AccessLogValve.java:950)
	at org.apache.catalina.core.StandardEngineValve.invoke(StandardEngineValve.java:116)
	at org.apache.catalina.connector.CoyoteAdapter.service(CoyoteAdapter.java:408)
	at org.apache.coyote.http11.AbstractHttp11Processor.process(AbstractHttp11Processor.java:1040)
	at org.apache.coyote.AbstractProtocol$AbstractConnectionHandler.process(AbstractProtocol.java:607)
	at org.apache.tomcat.util.net.JIoEndpoint$SocketProcessor.run(JIoEndpoint.java:313)
	at java.util.concurrent.ThreadPoolExecutor.runWorker(ThreadPoolExecutor.java:1149)
	at java.util.concurrent.ThreadPoolExecutor$Worker.run(ThreadPoolExecutor.java:624)
	at java.lang.Thread.run(Thread.java:748)

mai 24, 2019 3:39:50 PM org.apache.catalina.core.ApplicationContext log
INFORMAÇÕES: SessionListener: contextDestroyed()
mai 24, 2019 3:39:50 PM org.apache.catalina.core.ApplicationContext log
INFORMAÇÕES: ContextListener: contextDestroyed()
mai 24, 2019 3:39:50 PM org.apache.catalina.core.ApplicationContext log
INFORMAÇÕES: Destroying Spring FrameworkServlet 'controller-servlet'
mai 24, 2019 3:39:58 PM org.apache.catalina.core.ApplicationContext log
INFORMAÇÕES: ContextListener: contextInitialized()
mai 24, 2019 3:39:58 PM org.apache.catalina.core.ApplicationContext log
INFORMAÇÕES: SessionListener: contextInitialized()
mai 24, 2019 3:39:58 PM org.apache.catalina.core.ApplicationContext log
INFORMAÇÕES: ContextListener: attributeAdded('org.apache.jasper.compiler.TldLocationsCache', 'org.apache.jasper.compiler.TldLocationsCache@2055fa3d')
mai 24, 2019 3:39:58 PM org.apache.catalina.core.ApplicationContext log
INFORMAÇÕES: No Spring WebApplicationInitializer types detected on classpath
mai 24, 2019 3:39:59 PM org.apache.catalina.core.ApplicationContext log
INFORMAÇÕES: Initializing Spring FrameworkServlet 'controller-servlet'
mai 24, 2019 4:52:39 PM org.apache.catalina.core.ApplicationContext log
INFORMAÇÕES: SessionListener: contextDestroyed()
mai 24, 2019 4:52:39 PM org.apache.catalina.core.ApplicationContext log
INFORMAÇÕES: ContextListener: contextDestroyed()
mai 24, 2019 4:52:39 PM org.apache.catalina.core.ApplicationContext log
INFORMAÇÕES: Destroying Spring FrameworkServlet 'controller-servlet'
mai 24, 2019 4:52:43 PM org.apache.catalina.core.ApplicationContext log
INFORMAÇÕES: ContextListener: contextInitialized()
mai 24, 2019 4:52:43 PM org.apache.catalina.core.ApplicationContext log
INFORMAÇÕES: SessionListener: contextInitialized()
mai 24, 2019 4:52:43 PM org.apache.catalina.core.ApplicationContext log
INFORMAÇÕES: ContextListener: attributeAdded('org.apache.jasper.compiler.TldLocationsCache', 'org.apache.jasper.compiler.TldLocationsCache@9a1df3c')
mai 24, 2019 4:52:43 PM org.apache.catalina.core.ApplicationContext log
INFORMAÇÕES: No Spring WebApplicationInitializer types detected on classpath
mai 24, 2019 4:52:43 PM org.apache.catalina.core.ApplicationContext log
INFORMAÇÕES: Initializing Spring FrameworkServlet 'controller-servlet'
mai 24, 2019 4:58:18 PM org.apache.catalina.core.ApplicationContext log
INFORMAÇÕES: Destroying Spring FrameworkServlet 'controller-servlet'
mai 24, 2019 4:58:19 PM org.apache.catalina.core.ApplicationContext log
INFORMAÇÕES: No Spring WebApplicationInitializer types detected on classpath
mai 24, 2019 4:58:19 PM org.apache.catalina.core.ApplicationContext log
INFORMAÇÕES: Initializing Spring FrameworkServlet 'controller-servlet'
mai 24, 2019 4:58:22 PM org.apache.catalina.core.ApplicationContext log
INFORMAÇÕES: SessionListener: contextDestroyed()
mai 24, 2019 4:58:22 PM org.apache.catalina.core.ApplicationContext log
INFORMAÇÕES: ContextListener: contextDestroyed()
mai 24, 2019 4:58:23 PM org.apache.catalina.core.ApplicationContext log
INFORMAÇÕES: Destroying Spring FrameworkServlet 'controller-servlet'
mai 24, 2019 4:58:25 PM org.apache.catalina.core.ApplicationContext log
INFORMAÇÕES: ContextListener: contextInitialized()
mai 24, 2019 4:58:25 PM org.apache.catalina.core.ApplicationContext log
INFORMAÇÕES: SessionListener: contextInitialized()
mai 24, 2019 4:58:25 PM org.apache.catalina.core.ApplicationContext log
INFORMAÇÕES: ContextListener: attributeAdded('org.apache.jasper.compiler.TldLocationsCache', 'org.apache.jasper.compiler.TldLocationsCache@4069020a')
mai 24, 2019 4:58:26 PM org.apache.catalina.core.ApplicationContext log
INFORMAÇÕES: No Spring WebApplicationInitializer types detected on classpath
mai 24, 2019 4:58:26 PM org.apache.catalina.core.ApplicationContext log
INFORMAÇÕES: Initializing Spring FrameworkServlet 'controller-servlet'
mai 24, 2019 5:45:51 PM org.apache.catalina.core.ApplicationContext log
INFORMAÇÕES: SessionListener: contextDestroyed()
mai 24, 2019 5:45:51 PM org.apache.catalina.core.ApplicationContext log
INFORMAÇÕES: ContextListener: contextDestroyed()
mai 24, 2019 5:45:52 PM org.apache.catalina.core.ApplicationContext log
INFORMAÇÕES: Destroying Spring FrameworkServlet 'controller-servlet'
mai 24, 2019 5:45:54 PM org.apache.catalina.core.ApplicationContext log
INFORMAÇÕES: ContextListener: contextInitialized()
mai 24, 2019 5:45:54 PM org.apache.catalina.core.ApplicationContext log
INFORMAÇÕES: SessionListener: contextInitialized()
mai 24, 2019 5:45:54 PM org.apache.catalina.core.ApplicationContext log
INFORMAÇÕES: ContextListener: attributeAdded('org.apache.jasper.compiler.TldLocationsCache', 'org.apache.jasper.compiler.TldLocationsCache@2055fa3d')
mai 24, 2019 5:45:55 PM org.apache.catalina.core.ApplicationContext log
INFORMAÇÕES: No Spring WebApplicationInitializer types detected on classpath
mai 24, 2019 5:45:55 PM org.apache.catalina.core.ApplicationContext log
INFORMAÇÕES: Initializing Spring FrameworkServlet 'controller-servlet'
mai 24, 2019 5:50:33 PM org.apache.catalina.core.ApplicationContext log
INFORMAÇÕES: SessionListener: contextDestroyed()
mai 24, 2019 5:50:33 PM org.apache.catalina.core.ApplicationContext log
INFORMAÇÕES: ContextListener: contextDestroyed()
mai 24, 2019 5:50:34 PM org.apache.catalina.core.ApplicationContext log
INFORMAÇÕES: Destroying Spring FrameworkServlet 'controller-servlet'
mai 24, 2019 5:50:36 PM org.apache.catalina.core.ApplicationContext log
INFORMAÇÕES: ContextListener: contextInitialized()
mai 24, 2019 5:50:36 PM org.apache.catalina.core.ApplicationContext log
INFORMAÇÕES: SessionListener: contextInitialized()
mai 24, 2019 5:50:36 PM org.apache.catalina.core.ApplicationContext log
INFORMAÇÕES: ContextListener: attributeAdded('org.apache.jasper.compiler.TldLocationsCache', 'org.apache.jasper.compiler.TldLocationsCache@138828ed')
mai 24, 2019 5:50:37 PM org.apache.catalina.core.ApplicationContext log
INFORMAÇÕES: No Spring WebApplicationInitializer types detected on classpath
mai 24, 2019 5:50:37 PM org.apache.catalina.core.ApplicationContext log
INFORMAÇÕES: Initializing Spring FrameworkServlet 'controller-servlet'
mai 24, 2019 7:39:53 PM org.apache.catalina.core.ApplicationContext log
INFORMAÇÕES: SessionListener: contextDestroyed()
mai 24, 2019 7:39:53 PM org.apache.catalina.core.ApplicationContext log
INFORMAÇÕES: ContextListener: contextDestroyed()
mai 24, 2019 7:39:54 PM org.apache.catalina.core.ApplicationContext log
INFORMAÇÕES: Destroying Spring FrameworkServlet 'controller-servlet'
mai 24, 2019 7:39:57 PM org.apache.catalina.core.ApplicationContext log
INFORMAÇÕES: ContextListener: contextInitialized()
mai 24, 2019 7:39:57 PM org.apache.catalina.core.ApplicationContext log
INFORMAÇÕES: SessionListener: contextInitialized()
mai 24, 2019 7:39:57 PM org.apache.catalina.core.ApplicationContext log
INFORMAÇÕES: ContextListener: attributeAdded('org.apache.jasper.compiler.TldLocationsCache', 'org.apache.jasper.compiler.TldLocationsCache@138828ed')
mai 24, 2019 7:39:57 PM org.apache.catalina.core.ApplicationContext log
INFORMAÇÕES: No Spring WebApplicationInitializer types detected on classpath
mai 24, 2019 7:39:57 PM org.apache.catalina.core.ApplicationContext log
INFORMAÇÕES: Initializing Spring FrameworkServlet 'controller-servlet'
mai 24, 2019 7:46:29 PM org.apache.catalina.core.ApplicationContext log
INFORMAÇÕES: SessionListener: contextDestroyed()
mai 24, 2019 7:46:29 PM org.apache.catalina.core.ApplicationContext log
INFORMAÇÕES: ContextListener: contextDestroyed()
mai 24, 2019 7:46:30 PM org.apache.catalina.core.ApplicationContext log
INFORMAÇÕES: Destroying Spring FrameworkServlet 'controller-servlet'
mai 24, 2019 7:46:33 PM org.apache.catalina.core.ApplicationContext log
INFORMAÇÕES: ContextListener: contextInitialized()
mai 24, 2019 7:46:33 PM org.apache.catalina.core.ApplicationContext log
INFORMAÇÕES: SessionListener: contextInitialized()
mai 24, 2019 7:46:33 PM org.apache.catalina.core.ApplicationContext log
INFORMAÇÕES: ContextListener: attributeAdded('org.apache.jasper.compiler.TldLocationsCache', 'org.apache.jasper.compiler.TldLocationsCache@45208ecf')
mai 24, 2019 7:46:33 PM org.apache.catalina.core.ApplicationContext log
INFORMAÇÕES: No Spring WebApplicationInitializer types detected on classpath
mai 24, 2019 7:46:33 PM org.apache.catalina.core.ApplicationContext log
INFORMAÇÕES: Initializing Spring FrameworkServlet 'controller-servlet'
