jun 05, 2019 2:54:05 PM org.apache.catalina.core.ApplicationContext log
INFORMAÇÕES: ContextListener: contextInitialized()
jun 05, 2019 2:54:05 PM org.apache.catalina.core.ApplicationContext log
INFORMAÇÕES: SessionListener: contextInitialized()
jun 05, 2019 2:54:05 PM org.apache.catalina.core.ApplicationContext log
INFORMAÇÕES: ContextListener: attributeAdded('org.apache.jasper.compiler.TldLocationsCache', 'org.apache.jasper.compiler.TldLocationsCache@ade64a7')
jun 05, 2019 2:54:06 PM org.apache.catalina.core.ApplicationContext log
INFORMAÇÕES: No Spring WebApplicationInitializer types detected on classpath
jun 05, 2019 2:54:06 PM org.apache.catalina.core.ApplicationContext log
INFORMAÇÕES: Initializing Spring FrameworkServlet 'controller-servlet'
jun 05, 2019 3:09:14 PM org.apache.catalina.core.ApplicationContext log
INFORMAÇÕES: SessionListener: contextDestroyed()
jun 05, 2019 3:09:14 PM org.apache.catalina.core.ApplicationContext log
INFORMAÇÕES: ContextListener: contextDestroyed()
jun 05, 2019 3:09:15 PM org.apache.catalina.core.ApplicationContext log
INFORMAÇÕES: Destroying Spring FrameworkServlet 'controller-servlet'
jun 05, 2019 3:09:18 PM org.apache.catalina.core.ApplicationContext log
INFORMAÇÕES: ContextListener: contextInitialized()
jun 05, 2019 3:09:18 PM org.apache.catalina.core.ApplicationContext log
INFORMAÇÕES: SessionListener: contextInitialized()
jun 05, 2019 3:09:18 PM org.apache.catalina.core.ApplicationContext log
INFORMAÇÕES: ContextListener: attributeAdded('org.apache.jasper.compiler.TldLocationsCache', 'org.apache.jasper.compiler.TldLocationsCache@2055fa3d')
jun 05, 2019 3:09:18 PM org.apache.catalina.core.ApplicationContext log
INFORMAÇÕES: No Spring WebApplicationInitializer types detected on classpath
jun 05, 2019 3:09:19 PM org.apache.catalina.core.ApplicationContext log
INFORMAÇÕES: Initializing Spring FrameworkServlet 'controller-servlet'
jun 05, 2019 4:00:26 PM org.apache.catalina.core.ApplicationContext log
INFORMAÇÕES: SessionListener: contextDestroyed()
jun 05, 2019 4:00:26 PM org.apache.catalina.core.ApplicationContext log
INFORMAÇÕES: ContextListener: contextDestroyed()
jun 05, 2019 4:00:26 PM org.apache.catalina.core.ApplicationContext log
INFORMAÇÕES: Destroying Spring FrameworkServlet 'controller-servlet'
jun 05, 2019 4:00:30 PM org.apache.catalina.core.ApplicationContext log
INFORMAÇÕES: ContextListener: contextInitialized()
jun 05, 2019 4:00:30 PM org.apache.catalina.core.ApplicationContext log
INFORMAÇÕES: SessionListener: contextInitialized()
jun 05, 2019 4:00:30 PM org.apache.catalina.core.ApplicationContext log
INFORMAÇÕES: ContextListener: attributeAdded('org.apache.jasper.compiler.TldLocationsCache', 'org.apache.jasper.compiler.TldLocationsCache@42a5e2e2')
jun 05, 2019 4:00:30 PM org.apache.catalina.core.ApplicationContext log
INFORMAÇÕES: No Spring WebApplicationInitializer types detected on classpath
jun 05, 2019 4:00:30 PM org.apache.catalina.core.ApplicationContext log
INFORMAÇÕES: Initializing Spring FrameworkServlet 'controller-servlet'
