[29 mai 2019 14:06:36] DEBUG Executing SQL script
[29 mai 2019 14:06:36] INFO ================================================================================
[29 mai 2019 14:06:36] INFO onError= 'stop'
[29 mai 2019 14:06:36] INFO encoding= ''
[29 mai 2019 14:06:36] INFO statementSeparator= ';'
[29 mai 2019 14:06:36] INFO eventSocketPort= '34099'
[29 mai 2019 14:06:36] INFO outputLogPath= '/home/matheus/Área de Trabalho/1º Semestre 2019/POC II/WebRatioMobilePlatformCommunityEdition_8.10.3.Linux/WebRatio/workspace/Data/.Temp~/UpdateSQL.xml.log'
[29 mai 2019 14:06:36] INFO url= 'jdbc:mysql://localhost:3306/database'
[29 mai 2019 14:06:36] INFO password= 'tatau25..,'
[29 mai 2019 14:06:36] INFO outputPath= '/home/matheus/Área de Trabalho/1º Semestre 2019/POC II/WebRatioMobilePlatformCommunityEdition_8.10.3.Linux/WebRatio/workspace/Data/.Temp~/UpdateSQL.xml'
[29 mai 2019 14:06:36] INFO driverClass= 'com.mysql.jdbc.Driver'
[29 mai 2019 14:06:36] INFO sqlScript= '/home/matheus/Área de Trabalho/1º Semestre 2019/POC II/WebRatioMobilePlatformCommunityEdition_8.10.3.Linux/WebRatio/workspace/Data/.Temp~/UpdateSQL.sql'
[29 mai 2019 14:06:36] INFO autoCommit= 'false'
[29 mai 2019 14:06:36] INFO derby.system.home= '/home/matheus/Área de Trabalho/1º Semestre 2019/POC II/WebRatioMobilePlatformCommunityEdition_8.10.3.Linux/WebRatio/workspace/.metadata/.plugins/com.webratio.commons.db/derby'
[29 mai 2019 14:06:36] INFO username= 'root'
[29 mai 2019 14:06:36] INFO ================================================================================
[29 mai 2019 14:06:36] INFO Connecting to the Database...
[29 mai 2019 14:06:36] INFO Database connection estabilished
[29 mai 2019 14:06:36] INFO transaction isolation: 4
[29 mai 2019 14:06:36] DEBUG ================================================================================
[29 mai 2019 14:06:36] DEBUG Executing SQL script file: /home/matheus/Área de Trabalho/1º Semestre 2019/POC II/WebRatioMobilePlatformCommunityEdition_8.10.3.Linux/WebRatio/workspace/Data/.Temp~/UpdateSQL.sql
[29 mai 2019 14:06:36] DEBUG Executing statement:  alter table `menu`  add column  `logo`  varchar(255)
[29 mai 2019 14:06:36] DEBUG ================================================================================
[29 mai 2019 14:06:36] DEBUG SQL SCRIPT SUCCESSFULLY EXECUTED
[29 mai 2019 14:06:36] INFO Database connection closed
[29 mai 2019 14:06:36] DEBUG Total time: 437 milliseconds
